<!DOCTYPE html>

<html>
  <head>
  <meta charset='utf-8'>
  <title>TestNG reports</title>

    <link type="text/css" href="testng-reports.css" rel="stylesheet" />
    <script type="text/javascript" src="jquery-1.7.1.min.js"></script>
    <script type="text/javascript" src="testng-reports.js"></script>
    <script type="text/javascript" src="https://www.google.com/jsapi"></script>
    <script type='text/javascript'>
      google.load('visualization', '1', {packages:['table']});
      google.setOnLoadCallback(drawTable);
      var suiteTableInitFunctions = new Array();
      var suiteTableData = new Array();
    </script>
    <!--
      <script type="text/javascript" src="jquery-ui/js/jquery-ui-1.8.16.custom.min.js"></script>
     -->
  </head>

  <body>
    <div class="top-banner-root">
      <span class="top-banner-title-font">Test results</span>
      <br/>
      <span class="top-banner-font-1">1 suite, 24 failed tests</span>
    </div> <!-- top-banner-root -->
    <div class="navigator-root">
      <div class="navigator-suite-header">
        <span>All suites</span>
        <a href="#" title="Collapse/expand all the suites" class="collapse-all-link">
          <img src="collapseall.gif" class="collapse-all-icon">
          </img> <!-- collapse-all-icon -->
        </a> <!-- collapse-all-link -->
      </div> <!-- navigator-suite-header -->
      <div class="suite">
        <div class="rounded-window">
          <div class="suite-header light-rounded-window-top">
            <a href="#" panel-name="suite-Price_Builder_Test_Result" class="navigator-link">
              <span class="suite-name border-failed">Price Builder Test Result</span>
            </a> <!-- navigator-link -->
          </div> <!-- suite-header light-rounded-window-top -->
          <div class="navigator-suite-content">
            <div class="suite-section-title">
              <span>Info</span>
            </div> <!-- suite-section-title -->
            <div class="suite-section-content">
              <ul>
                <li>
                  <a href="#" panel-name="test-xml-Price_Builder_Test_Result" class="navigator-link ">
                    <span>C:\Backup\PriceBuilderVersion1 (2)\PriceBuilderVersion1\TestRun.xml</span>
                  </a> <!-- navigator-link  -->
                </li>
                <li>
                  <a href="#" panel-name="testlist-Price_Builder_Test_Result" class="navigator-link ">
                    <span class="test-stats">1 test</span>
                  </a> <!-- navigator-link  -->
                </li>
                <li>
                  <a href="#" panel-name="group-Price_Builder_Test_Result" class="navigator-link ">
                    <span>0 groups</span>
                  </a> <!-- navigator-link  -->
                </li>
                <li>
                  <a href="#" panel-name="times-Price_Builder_Test_Result" class="navigator-link ">
                    <span>Times</span>
                  </a> <!-- navigator-link  -->
                </li>
                <li>
                  <a href="#" panel-name="reporter-Price_Builder_Test_Result" class="navigator-link ">
                    <span>Reporter output</span>
                  </a> <!-- navigator-link  -->
                </li>
                <li>
                  <a href="#" panel-name="ignored-methods-Price_Builder_Test_Result" class="navigator-link ">
                    <span>Ignored methods</span>
                  </a> <!-- navigator-link  -->
                </li>
                <li>
                  <a href="#" panel-name="chronological-Price_Builder_Test_Result" class="navigator-link ">
                    <span>Chronological view</span>
                  </a> <!-- navigator-link  -->
                </li>
              </ul>
            </div> <!-- suite-section-content -->
            <div class="result-section">
              <div class="suite-section-title">
                <span>Results</span>
              </div> <!-- suite-section-title -->
              <div class="suite-section-content">
                <ul>
                  <li>
                    <span class="method-stats">76 methods, 24 failed,   52 passed</span>
                  </li>
                  <li>
                    <span class="method-list-title failed">Failed methods</span>
                    <span class="show-or-hide-methods failed">
                      <a href="#" panel-name="suite-Price_Builder_Test_Result" class="hide-methods failed suite-Price_Builder_Test_Result"> (hide)</a> <!-- hide-methods failed suite-Price_Builder_Test_Result -->
                      <a href="#" panel-name="suite-Price_Builder_Test_Result" class="show-methods failed suite-Price_Builder_Test_Result"> (show)</a> <!-- show-methods failed suite-Price_Builder_Test_Result -->
                    </span>
                    <div class="method-list-content failed suite-Price_Builder_Test_Result">
                      <span>
                        <img src="failed.png" width="3%"/>
                        <a href="#" panel-name="suite-Price_Builder_Test_Result" title="Com.SPB.test.VerifyAdministration" class="method navigator-link" hash-for-method="ActionDelete">ActionDelete</a> <!-- method navigator-link -->
                      </span>
                      <br/>
                      <span>
                        <img src="failed.png" width="3%"/>
                        <a href="#" panel-name="suite-Price_Builder_Test_Result" title="Com.SPB.test.VerifyAdministration" class="method navigator-link" hash-for-method="ActionEdit">ActionEdit</a> <!-- method navigator-link -->
                      </span>
                      <br/>
                      <span>
                        <img src="failed.png" width="3%"/>
                        <a href="#" panel-name="suite-Price_Builder_Test_Result" title="Com.SPB.test.VerifyAdministration" class="method navigator-link" hash-for-method="AddUser">AddUser</a> <!-- method navigator-link -->
                      </span>
                      <br/>
                      <span>
                        <img src="failed.png" width="3%"/>
                        <a href="#" panel-name="suite-Price_Builder_Test_Result" title="Com.SPB.test.VerifyDraftProjectFlow" class="method navigator-link" hash-for-method="CreateDraftdraftproject">CreateDraftdraftproject</a> <!-- method navigator-link -->
                      </span>
                      <br/>
                      <span>
                        <img src="failed.png" width="3%"/>
                        <a href="#" panel-name="suite-Price_Builder_Test_Result" title="Com.SPB.test.VerifyAdministration" class="method navigator-link" hash-for-method="SearchUser">SearchUser</a> <!-- method navigator-link -->
                      </span>
                      <br/>
                      <span>
                        <img src="failed.png" width="3%"/>
                        <a href="#" panel-name="suite-Price_Builder_Test_Result" title="Com.SPB.test.VerifyScenarioFunctions" class="method navigator-link" hash-for-method="VerifyArchievescenario">VerifyArchievescenario</a> <!-- method navigator-link -->
                      </span>
                      <br/>
                      <span>
                        <img src="failed.png" width="3%"/>
                        <a href="#" panel-name="suite-Price_Builder_Test_Result" title="Com.SPB.test.VerifyHomePage" class="method navigator-link" hash-for-method="VerifyBenchMarkPriceImage">VerifyBenchMarkPriceImage</a> <!-- method navigator-link -->
                      </span>
                      <br/>
                      <span>
                        <img src="failed.png" width="3%"/>
                        <a href="#" panel-name="suite-Price_Builder_Test_Result" title="Com.SPB.test.FinancialOverview" class="method navigator-link" hash-for-method="VerifyProjectEM">VerifyProjectEM</a> <!-- method navigator-link -->
                      </span>
                      <br/>
                      <span>
                        <img src="failed.png" width="3%"/>
                        <a href="#" panel-name="suite-Price_Builder_Test_Result" title="Com.SPB.test.ProjectIndicator" class="method navigator-link" hash-for-method="VerifyProjectIndicator">VerifyProjectIndicator</a> <!-- method navigator-link -->
                      </span>
                      <br/>
                      <span>
                        <img src="failed.png" width="3%"/>
                        <a href="#" panel-name="suite-Price_Builder_Test_Result" title="Com.SPB.test.VerifyCashSimulation" class="method navigator-link" hash-for-method="VerifyQtyMarkupInternelandexternal">VerifyQtyMarkupInternelandexternal</a> <!-- method navigator-link -->
                      </span>
                      <br/>
                      <span>
                        <img src="failed.png" width="3%"/>
                        <a href="#" panel-name="suite-Price_Builder_Test_Result" title="Com.SPB.test.VerifyVersionCreation" class="method navigator-link" hash-for-method="VerifyVersionCreation">VerifyVersionCreation</a> <!-- method navigator-link -->
                      </span>
                      <br/>
                      <span>
                        <img src="failed.png" width="3%"/>
                        <a href="#" panel-name="suite-Price_Builder_Test_Result" title="Com.SPB.test.VerifyBundle" class="method navigator-link" hash-for-method="VerifyscenariosSelect">VerifyscenariosSelect</a> <!-- method navigator-link -->
                      </span>
                      <br/>
                      <span>
                        <img src="failed.png" width="3%"/>
                        <a href="#" panel-name="suite-Price_Builder_Test_Result" title="Com.SPB.test.VerifyBundle" class="method navigator-link" hash-for-method="VerifyselectScenario">VerifyselectScenario</a> <!-- method navigator-link -->
                      </span>
                      <br/>
                      <span>
                        <img src="failed.png" width="3%"/>
                        <a href="#" panel-name="suite-Price_Builder_Test_Result" title="Com.SPB.test.VerifyCashSimulation" class="method navigator-link" hash-for-method="verifyBussinessLink">verifyBussinessLink</a> <!-- method navigator-link -->
                      </span>
                      <br/>
                      <span>
                        <img src="failed.png" width="3%"/>
                        <a href="#" panel-name="suite-Price_Builder_Test_Result" title="Com.SPB.test.VerifyCashSimulation" class="method navigator-link" hash-for-method="verifyCapex">verifyCapex</a> <!-- method navigator-link -->
                      </span>
                      <br/>
                      <span>
                        <img src="failed.png" width="3%"/>
                        <a href="#" panel-name="suite-Price_Builder_Test_Result" title="Com.SPB.test.VerifyCashSimulation" class="method navigator-link" hash-for-method="verifyCashflowProjecCumulated">verifyCashflowProjecCumulated</a> <!-- method navigator-link -->
                      </span>
                      <br/>
                      <span>
                        <img src="failed.png" width="3%"/>
                        <a href="#" panel-name="suite-Price_Builder_Test_Result" title="Com.SPB.test.VerifyCashSimulation" class="method navigator-link" hash-for-method="verifyCashflowProjectBeforeActualization">verifyCashflowProjectBeforeActualization</a> <!-- method navigator-link -->
                      </span>
                      <br/>
                      <span>
                        <img src="failed.png" width="3%"/>
                        <a href="#" panel-name="suite-Price_Builder_Test_Result" title="Com.SPB.test.VerifyCashSimulation" class="method navigator-link" hash-for-method="verifyDevCost">verifyDevCost</a> <!-- method navigator-link -->
                      </span>
                      <br/>
                      <span>
                        <img src="failed.png" width="3%"/>
                        <a href="#" panel-name="suite-Price_Builder_Test_Result" title="Com.SPB.test.Simulation" class="method navigator-link" hash-for-method="verifyDevCost">verifyDevCost</a> <!-- method navigator-link -->
                      </span>
                      <br/>
                      <span>
                        <img src="failed.png" width="3%"/>
                        <a href="#" panel-name="suite-Price_Builder_Test_Result" title="Com.SPB.test.FinancialOverview" class="method navigator-link" hash-for-method="verifyEMGPNonPercentage">verifyEMGPNonPercentage</a> <!-- method navigator-link -->
                      </span>
                      <br/>
                      <span>
                        <img src="failed.png" width="3%"/>
                        <a href="#" panel-name="suite-Price_Builder_Test_Result" title="Com.SPB.test.GlassPositionIndicator" class="method navigator-link" hash-for-method="verifyGlassPositionIndicators">verifyGlassPositionIndicators</a> <!-- method navigator-link -->
                      </span>
                      <br/>
                      <span>
                        <img src="failed.png" width="3%"/>
                        <a href="#" panel-name="suite-Price_Builder_Test_Result" title="Com.SPB.test.VerifyCashSimulation" class="method navigator-link" hash-for-method="verifyPBRNetPresentvalueCONTRACTUAL">verifyPBRNetPresentvalueCONTRACTUAL</a> <!-- method navigator-link -->
                      </span>
                      <br/>
                      <span>
                        <img src="failed.png" width="3%"/>
                        <a href="#" panel-name="suite-Price_Builder_Test_Result" title="Com.SPB.test.VerifyCashSimulation" class="method navigator-link" hash-for-method="verifyPBRNetPresentvalueREAL">verifyPBRNetPresentvalueREAL</a> <!-- method navigator-link -->
                      </span>
                      <br/>
                      <span>
                        <img src="failed.png" width="3%"/>
                        <a href="#" panel-name="suite-Price_Builder_Test_Result" title="Com.SPB.test.VerifyCashSimulation" class="method navigator-link" hash-for-method="verifyQuantityPandL">verifyQuantityPandL</a> <!-- method navigator-link -->
                      </span>
                      <br/>
                    </div> <!-- method-list-content failed suite-Price_Builder_Test_Result -->
                  </li>
                  <li>
                    <span class="method-list-title passed">Passed methods</span>
                    <span class="show-or-hide-methods passed">
                      <a href="#" panel-name="suite-Price_Builder_Test_Result" class="hide-methods passed suite-Price_Builder_Test_Result"> (hide)</a> <!-- hide-methods passed suite-Price_Builder_Test_Result -->
                      <a href="#" panel-name="suite-Price_Builder_Test_Result" class="show-methods passed suite-Price_Builder_Test_Result"> (show)</a> <!-- show-methods passed suite-Price_Builder_Test_Result -->
                    </span>
                    <div class="method-list-content passed suite-Price_Builder_Test_Result">
                      <span>
                        <img src="passed.png" width="3%"/>
                        <a href="#" panel-name="suite-Price_Builder_Test_Result" title="Com.SPB.test.VerifyBundle" class="method navigator-link" hash-for-method="BundleActionDelete">BundleActionDelete</a> <!-- method navigator-link -->
                      </span>
                      <br/>
                      <span>
                        <img src="passed.png" width="3%"/>
                        <a href="#" panel-name="suite-Price_Builder_Test_Result" title="Com.SPB.test.VerifyBundle" class="method navigator-link" hash-for-method="BundleActionEdit">BundleActionEdit</a> <!-- method navigator-link -->
                      </span>
                      <br/>
                      <span>
                        <img src="passed.png" width="3%"/>
                        <a href="#" panel-name="suite-Price_Builder_Test_Result" title="Com.SPB.test.VerifyBundle" class="method navigator-link" hash-for-method="BundleCreation">BundleCreation</a> <!-- method navigator-link -->
                      </span>
                      <br/>
                      <span>
                        <img src="passed.png" width="3%"/>
                        <a href="#" panel-name="suite-Price_Builder_Test_Result" title="Com.SPB.test.VerifyBundle" class="method navigator-link" hash-for-method="BundlelistVerify">BundlelistVerify</a> <!-- method navigator-link -->
                      </span>
                      <br/>
                      <span>
                        <img src="passed.png" width="3%"/>
                        <a href="#" panel-name="suite-Price_Builder_Test_Result" title="Com.SPB.test.MarketingGuideLines" class="method navigator-link" hash-for-method="MarktingGuidelines">MarktingGuidelines</a> <!-- method navigator-link -->
                      </span>
                      <br/>
                      <span>
                        <img src="passed.png" width="3%"/>
                        <a href="#" panel-name="suite-Price_Builder_Test_Result" title="Com.SPB.test.VerifyBundle" class="method navigator-link" hash-for-method="OpenBundle">OpenBundle</a> <!-- method navigator-link -->
                      </span>
                      <br/>
                      <span>
                        <img src="passed.png" width="3%"/>
                        <a href="#" panel-name="suite-Price_Builder_Test_Result" title="Com.SPB.test.VerifyScenarioFunctions" class="method navigator-link" hash-for-method="VerifyAddScenario">VerifyAddScenario</a> <!-- method navigator-link -->
                      </span>
                      <br/>
                      <span>
                        <img src="passed.png" width="3%"/>
                        <a href="#" panel-name="suite-Price_Builder_Test_Result" title="Com.SPB.test.VerifyHomePage" class="method navigator-link" hash-for-method="VerifyAdminImage">VerifyAdminImage</a> <!-- method navigator-link -->
                      </span>
                      <br/>
                      <span>
                        <img src="passed.png" width="3%"/>
                        <a href="#" panel-name="suite-Price_Builder_Test_Result" title="Com.SPB.test.ExcelOptions" class="method navigator-link" hash-for-method="VerifyExcelOptions">VerifyExcelOptions</a> <!-- method navigator-link -->
                      </span>
                      <br/>
                      <span>
                        <img src="passed.png" width="3%"/>
                        <a href="#" panel-name="suite-Price_Builder_Test_Result" title="Com.SPB.test.VeirfyLogin" class="method navigator-link" hash-for-method="VerifyLogin">VerifyLogin</a> <!-- method navigator-link -->
                      </span>
                      <br/>
                      <span>
                        <img src="passed.png" width="3%"/>
                        <a href="#" panel-name="suite-Price_Builder_Test_Result" title="Com.SPB.test.VerifyHomePage" class="method navigator-link" hash-for-method="VerifyMyRFQImage">VerifyMyRFQImage</a> <!-- method navigator-link -->
                      </span>
                      <br/>
                      <span>
                        <img src="passed.png" width="3%"/>
                        <a href="#" panel-name="suite-Price_Builder_Test_Result" title="Com.SPB.test.VerifyHomePage" class="method navigator-link" hash-for-method="VerifyNewRFQImage">VerifyNewRFQImage</a> <!-- method navigator-link -->
                      </span>
                      <br/>
                      <span>
                        <img src="passed.png" width="3%"/>
                        <a href="#" panel-name="suite-Price_Builder_Test_Result" title="Com.SPB.test.VerifyMyRFQ" class="method navigator-link" hash-for-method="VerifyOpenbuttonInMyRFQ">VerifyOpenbuttonInMyRFQ</a> <!-- method navigator-link -->
                      </span>
                      <br/>
                      <span>
                        <img src="passed.png" width="3%"/>
                        <a href="#" panel-name="suite-Price_Builder_Test_Result" title="Com.SPB.test.Simulation" class="method navigator-link" hash-for-method="VerifyPBR">VerifyPBR</a> <!-- method navigator-link -->
                      </span>
                      <br/>
                      <span>
                        <img src="passed.png" width="3%"/>
                        <a href="#" panel-name="suite-Price_Builder_Test_Result" title="Com.SPB.test.VerifyCashSimulation" class="method navigator-link" hash-for-method="VerifyPNV2022">VerifyPNV2022</a> <!-- method navigator-link -->
                      </span>
                      <br/>
                      <span>
                        <img src="passed.png" width="3%"/>
                        <a href="#" panel-name="suite-Price_Builder_Test_Result" title="Com.SPB.test.FinancialOverview" class="method navigator-link" hash-for-method="VerifyProjectMVC">VerifyProjectMVC</a> <!-- method navigator-link -->
                      </span>
                      <br/>
                      <span>
                        <img src="passed.png" width="3%"/>
                        <a href="#" panel-name="suite-Price_Builder_Test_Result" title="Com.SPB.test.FinancialOverview" class="method navigator-link" hash-for-method="VerifyProjectRBC">VerifyProjectRBC</a> <!-- method navigator-link -->
                      </span>
                      <br/>
                      <span>
                        <img src="passed.png" width="3%"/>
                        <a href="#" panel-name="suite-Price_Builder_Test_Result" title="Com.SPB.test.VerifyScenarioFunctions" class="method navigator-link" hash-for-method="VerifyRenameScenario">VerifyRenameScenario</a> <!-- method navigator-link -->
                      </span>
                      <br/>
                      <span>
                        <img src="passed.png" width="3%"/>
                        <a href="#" panel-name="suite-Price_Builder_Test_Result" title="Com.SPB.test.VerifyHomePage" class="method navigator-link" hash-for-method="VerifyValidationImage">VerifyValidationImage</a> <!-- method navigator-link -->
                      </span>
                      <br/>
                      <span>
                        <img src="passed.png" width="3%"/>
                        <a href="#" panel-name="suite-Price_Builder_Test_Result" title="Com.SPB.test.VerifyCashSimulation" class="method navigator-link" hash-for-method="VerifyWCR">VerifyWCR</a> <!-- method navigator-link -->
                      </span>
                      <br/>
                      <span>
                        <img src="passed.png" width="3%"/>
                        <a href="#" panel-name="suite-Price_Builder_Test_Result" title="Com.SPB.test.VerifyCashSimulation" class="method navigator-link" hash-for-method="VerifycostCashforOEM">VerifycostCashforOEM</a> <!-- method navigator-link -->
                      </span>
                      <br/>
                      <span>
                        <img src="passed.png" width="3%"/>
                        <a href="#" panel-name="suite-Price_Builder_Test_Result" title="Com.SPB.test.Simulation" class="method navigator-link" hash-for-method="externalMarkupyears">externalMarkupyears</a> <!-- method navigator-link -->
                      </span>
                      <br/>
                      <span>
                        <img src="passed.png" width="3%"/>
                        <a href="#" panel-name="suite-Price_Builder_Test_Result" title="Com.SPB.test.VerifyBundle" class="method navigator-link" hash-for-method="openbundlelistVerify">openbundlelistVerify</a> <!-- method navigator-link -->
                      </span>
                      <br/>
                      <span>
                        <img src="passed.png" width="3%"/>
                        <a href="#" panel-name="suite-Price_Builder_Test_Result" title="Com.SPB.test.VerifySearchProject" class="method navigator-link" hash-for-method="searchproject">searchproject</a> <!-- method navigator-link -->
                      </span>
                      <br/>
                      <span>
                        <img src="passed.png" width="3%"/>
                        <a href="#" panel-name="suite-Price_Builder_Test_Result" title="Com.SPB.test.VerifyCashSimulation" class="method navigator-link" hash-for-method="totalCashPRiceBeforeWCR">totalCashPRiceBeforeWCR</a> <!-- method navigator-link -->
                      </span>
                      <br/>
                      <span>
                        <img src="passed.png" width="3%"/>
                        <a href="#" panel-name="suite-Price_Builder_Test_Result" title="Com.SPB.test.Simulation" class="method navigator-link" hash-for-method="verifyAddedValue">verifyAddedValue</a> <!-- method navigator-link -->
                      </span>
                      <br/>
                      <span>
                        <img src="passed.png" width="3%"/>
                        <a href="#" panel-name="suite-Price_Builder_Test_Result" title="Com.SPB.test.FinancialOverview" class="method navigator-link" hash-for-method="verifyAddedValue">verifyAddedValue</a> <!-- method navigator-link -->
                      </span>
                      <br/>
                      <span>
                        <img src="passed.png" width="3%"/>
                        <a href="#" panel-name="suite-Price_Builder_Test_Result" title="Com.SPB.test.VerifyCashSimulation" class="method navigator-link" hash-for-method="verifyCashSimulationRedirection">verifyCashSimulationRedirection</a> <!-- method navigator-link -->
                      </span>
                      <br/>
                      <span>
                        <img src="passed.png" width="3%"/>
                        <a href="#" panel-name="suite-Price_Builder_Test_Result" title="Com.SPB.test.Simulation" class="method navigator-link" hash-for-method="verifyCommonSurface">verifyCommonSurface</a> <!-- method navigator-link -->
                      </span>
                      <br/>
                      <span>
                        <img src="passed.png" width="3%"/>
                        <a href="#" panel-name="suite-Price_Builder_Test_Result" title="Com.SPB.test.VerifyCashSimulation" class="method navigator-link" hash-for-method="verifyDevelopmentRevenueLumpSum">verifyDevelopmentRevenueLumpSum</a> <!-- method navigator-link -->
                      </span>
                      <br/>
                      <span>
                        <img src="passed.png" width="3%"/>
                        <a href="#" panel-name="suite-Price_Builder_Test_Result" title="Com.SPB.test.Simulation" class="method navigator-link" hash-for-method="verifyDevrev">verifyDevrev</a> <!-- method navigator-link -->
                      </span>
                      <br/>
                      <span>
                        <img src="passed.png" width="3%"/>
                        <a href="#" panel-name="suite-Price_Builder_Test_Result" title="Com.SPB.test.VerifyCashSimulation" class="method navigator-link" hash-for-method="verifyFinancialfollowupRedirection">verifyFinancialfollowupRedirection</a> <!-- method navigator-link -->
                      </span>
                      <br/>
                      <span>
                        <img src="passed.png" width="3%"/>
                        <a href="#" panel-name="suite-Price_Builder_Test_Result" title="Com.SPB.test.FinancialOverview" class="method navigator-link" hash-for-method="verifyMVCGPNonPercentage">verifyMVCGPNonPercentage</a> <!-- method navigator-link -->
                      </span>
                      <br/>
                      <span>
                        <img src="passed.png" width="3%"/>
                        <a href="#" panel-name="suite-Price_Builder_Test_Result" title="Com.SPB.test.Simulation" class="method navigator-link" hash-for-method="verifyMVCPercent">verifyMVCPercent</a> <!-- method navigator-link -->
                      </span>
                      <br/>
                      <span>
                        <img src="passed.png" width="3%"/>
                        <a href="#" panel-name="suite-Price_Builder_Test_Result" title="Com.SPB.test.VerifyValidation" class="method navigator-link" hash-for-method="verifyOpenButtonAllProject">verifyOpenButtonAllProject</a> <!-- method navigator-link -->
                      </span>
                      <br/>
                      <span>
                        <img src="passed.png" width="3%"/>
                        <a href="#" panel-name="suite-Price_Builder_Test_Result" title="Com.SPB.test.VerifyValidation" class="method navigator-link" hash-for-method="verifyOpenButtonMyPending">verifyOpenButtonMyPending</a> <!-- method navigator-link -->
                      </span>
                      <br/>
                      <span>
                        <img src="passed.png" width="3%"/>
                        <a href="#" panel-name="suite-Price_Builder_Test_Result" title="Com.SPB.test.Simulation" class="method navigator-link" hash-for-method="verifyPNV">verifyPNV</a> <!-- method navigator-link -->
                      </span>
                      <br/>
                      <span>
                        <img src="passed.png" width="3%"/>
                        <a href="#" panel-name="suite-Price_Builder_Test_Result" title="Com.SPB.test.VerifyCashSimulation" class="method navigator-link" hash-for-method="verifyPandLCarproduction">verifyPandLCarproduction</a> <!-- method navigator-link -->
                      </span>
                      <br/>
                      <span>
                        <img src="passed.png" width="3%"/>
                        <a href="#" panel-name="suite-Price_Builder_Test_Result" title="Com.SPB.test.FinancialOverview" class="method navigator-link" hash-for-method="verifyPricePce">verifyPricePce</a> <!-- method navigator-link -->
                      </span>
                      <br/>
                      <span>
                        <img src="passed.png" width="3%"/>
                        <a href="#" panel-name="suite-Price_Builder_Test_Result" title="Com.SPB.test.VerifyCashSimulation" class="method navigator-link" hash-for-method="verifyQuotedPrice">verifyQuotedPrice</a> <!-- method navigator-link -->
                      </span>
                      <br/>
                      <span>
                        <img src="passed.png" width="3%"/>
                        <a href="#" panel-name="suite-Price_Builder_Test_Result" title="Com.SPB.test.Simulation" class="method navigator-link" hash-for-method="verifyQuotedPrice">verifyQuotedPrice</a> <!-- method navigator-link -->
                      </span>
                      <br/>
                      <span>
                        <img src="passed.png" width="3%"/>
                        <a href="#" panel-name="suite-Price_Builder_Test_Result" title="Com.SPB.test.FinancialOverview" class="method navigator-link" hash-for-method="verifyRBCGPNonPercentage">verifyRBCGPNonPercentage</a> <!-- method navigator-link -->
                      </span>
                      <br/>
                      <span>
                        <img src="passed.png" width="3%"/>
                        <a href="#" panel-name="suite-Price_Builder_Test_Result" title="Com.SPB.test.Simulation" class="method navigator-link" hash-for-method="verifyRBCPercent">verifyRBCPercent</a> <!-- method navigator-link -->
                      </span>
                      <br/>
                      <span>
                        <img src="passed.png" width="3%"/>
                        <a href="#" panel-name="suite-Price_Builder_Test_Result" title="Com.SPB.test.FinancialOverview" class="method navigator-link" hash-for-method="verifyRBEGPNonPercentage">verifyRBEGPNonPercentage</a> <!-- method navigator-link -->
                      </span>
                      <br/>
                      <span>
                        <img src="passed.png" width="3%"/>
                        <a href="#" panel-name="suite-Price_Builder_Test_Result" title="Com.SPB.test.VerifyCashSimulation" class="method navigator-link" hash-for-method="verifyRBEPERCENT">verifyRBEPERCENT</a> <!-- method navigator-link -->
                      </span>
                      <br/>
                      <span>
                        <img src="passed.png" width="3%"/>
                        <a href="#" panel-name="suite-Price_Builder_Test_Result" title="Com.SPB.test.VerifyCashSimulation" class="method navigator-link" hash-for-method="verifyRBEvalue">verifyRBEvalue</a> <!-- method navigator-link -->
                      </span>
                      <br/>
                      <span>
                        <img src="passed.png" width="3%"/>
                        <a href="#" panel-name="suite-Price_Builder_Test_Result" title="Com.SPB.test.VerifyCashSimulation" class="method navigator-link" hash-for-method="verifyTotalCashflowafterWCR">verifyTotalCashflowafterWCR</a> <!-- method navigator-link -->
                      </span>
                      <br/>
                      <span>
                        <img src="passed.png" width="3%"/>
                        <a href="#" panel-name="suite-Price_Builder_Test_Result" title="Com.SPB.test.Simulation" class="method navigator-link" hash-for-method="verifyTotalCost">verifyTotalCost</a> <!-- method navigator-link -->
                      </span>
                      <br/>
                      <span>
                        <img src="passed.png" width="3%"/>
                        <a href="#" panel-name="suite-Price_Builder_Test_Result" title="Com.SPB.test.FinancialOverview" class="method navigator-link" hash-for-method="verifyVolume">verifyVolume</a> <!-- method navigator-link -->
                      </span>
                      <br/>
                      <span>
                        <img src="passed.png" width="3%"/>
                        <a href="#" panel-name="suite-Price_Builder_Test_Result" title="Com.SPB.test.FinancialOverview" class="method navigator-link" hash-for-method="verifyY1">verifyY1</a> <!-- method navigator-link -->
                      </span>
                      <br/>
                      <span>
                        <img src="passed.png" width="3%"/>
                        <a href="#" panel-name="suite-Price_Builder_Test_Result" title="Com.SPB.test.Simulation" class="method navigator-link" hash-for-method="verifyYearlyQuantity">verifyYearlyQuantity</a> <!-- method navigator-link -->
                      </span>
                      <br/>
                      <span>
                        <img src="passed.png" width="3%"/>
                        <a href="#" panel-name="suite-Price_Builder_Test_Result" title="Com.SPB.test.VerifyCashSimulation" class="method navigator-link" hash-for-method="verifytakerate">verifytakerate</a> <!-- method navigator-link -->
                      </span>
                      <br/>
                    </div> <!-- method-list-content passed suite-Price_Builder_Test_Result -->
                  </li>
                </ul>
              </div> <!-- suite-section-content -->
            </div> <!-- result-section -->
          </div> <!-- navigator-suite-content -->
        </div> <!-- rounded-window -->
      </div> <!-- suite -->
    </div> <!-- navigator-root -->
    <div class="wrapper">
      <div class="main-panel-root">
        <div panel-name="suite-Price_Builder_Test_Result" class="panel Price_Builder_Test_Result">
          <div class="suite-Price_Builder_Test_Result-class-failed">
            <div class="main-panel-header rounded-window-top">
              <img src="failed.png"/>
              <span class="class-name">Com.SPB.test.VerifyHomePage</span>
            </div> <!-- main-panel-header rounded-window-top -->
            <div class="main-panel-content rounded-window-bottom">
              <div class="method">
                <div class="method-content">
                  <a name="VerifyBenchMarkPriceImage">
                  </a> <!-- VerifyBenchMarkPriceImage -->
                  <span class="method-name">VerifyBenchMarkPriceImage</span>
                  <div class="stack-trace">java.lang.AssertionError: expected [true] but found [false]
	at Com.SPB.Commands.ActionDriver.verificationByAssert(ActionDriver.java:110)
	at Com.SPB.test.VerifyHomePage.VerifyBenchMarkPriceImage(VerifyHomePage.java:72)
... Removed 29 stack frames
</div> <!-- stack-trace -->
                </div> <!-- method-content -->
              </div> <!-- method -->
            </div> <!-- main-panel-content rounded-window-bottom -->
          </div> <!-- suite-Price_Builder_Test_Result-class-failed -->
          <div class="suite-Price_Builder_Test_Result-class-failed">
            <div class="main-panel-header rounded-window-top">
              <img src="failed.png"/>
              <span class="class-name">Com.SPB.test.FinancialOverview</span>
            </div> <!-- main-panel-header rounded-window-top -->
            <div class="main-panel-content rounded-window-bottom">
              <div class="method">
                <div class="method-content">
                  <a name="VerifyProjectEM">
                  </a> <!-- VerifyProjectEM -->
                  <span class="method-name">VerifyProjectEM</span>
                  <div class="stack-trace">org.openqa.selenium.NoSuchElementException: no such element: Unable to locate element: {&quot;method&quot;:&quot;xpath&quot;,&quot;selector&quot;:&quot;//span[text()=&apos; EM &apos;]//following-sibling::span[@class=&apos;item-right-orange&apos;]&quot;}
  (Session info: MicrosoftEdge=106.0.1370.42)
For documentation on this error, please visit: https://www.seleniumhq.org/exceptions/no_such_element.html
Build info: version: &apos;3.141.59&apos;, revision: &apos;e82be7d358&apos;, time: &apos;2018-11-14T08:17:03&apos;
System info: host: &apos;LT095011&apos;, ip: &apos;10.156.164.22&apos;, os.name: &apos;Windows 10&apos;, os.arch: &apos;amd64&apos;, os.version: &apos;10.0&apos;, java.version: &apos;16.0.1&apos;
Driver info: org.openqa.selenium.edge.EdgeDriver
Capabilities {acceptInsecureCerts: false, browserName: msedge, browserVersion: 106.0.1370.42, javascriptEnabled: true, ms:edgeOptions: {debuggerAddress: localhost:62710}, msedge: {msedgedriverVersion: 106.0.1370.42 (01c826627559..., userDataDir: C:\Users\J8994868\AppData\L...}, networkConnectionEnabled: false, pageLoadStrategy: normal, platform: WINDOWS, platformName: WINDOWS, proxy: Proxy(), setWindowRect: true, strictFileInteractability: false, timeouts: {implicit: 0, pageLoad: 300000, script: 30000}, unhandledPromptBehavior: dismiss and notify, webauthn:extension:credBlob: true, webauthn:extension:largeBlob: true, webauthn:virtualAuthenticators: true}
Session ID: f20576a8459b8b4283cb963e2b854806
*** Element info: {Using=xpath, value=//span[text()=&apos; EM &apos;]//following-sibling::span[@class=&apos;item-right-orange&apos;]}
	at org.openqa.selenium.remote.http.W3CHttpResponseCodec.createException(W3CHttpResponseCodec.java:187)
	at org.openqa.selenium.remote.http.W3CHttpResponseCodec.decode(W3CHttpResponseCodec.java:122)
	at org.openqa.selenium.remote.http.W3CHttpResponseCodec.decode(W3CHttpResponseCodec.java:49)
	at org.openqa.selenium.remote.HttpCommandExecutor.execute(HttpCommandExecutor.java:158)
	at org.openqa.selenium.remote.service.DriverCommandExecutor.execute(DriverCommandExecutor.java:83)
	at org.openqa.selenium.remote.RemoteWebDriver.execute(RemoteWebDriver.java:552)
	at org.openqa.selenium.remote.RemoteWebDriver.findElement(RemoteWebDriver.java:323)
	at org.openqa.selenium.remote.RemoteWebDriver.findElementByXPath(RemoteWebDriver.java:428)
	at org.openqa.selenium.By$ByXPath.findElement(By.java:353)
	at org.openqa.selenium.remote.RemoteWebDriver.findElement(RemoteWebDriver.java:315)
	at org.openqa.selenium.support.pagefactory.DefaultElementLocator.findElement(DefaultElementLocator.java:69)
	at org.openqa.selenium.support.pagefactory.internal.LocatingElementHandler.invoke(LocatingElementHandler.java:38)
	at jdk.proxy2/jdk.proxy2.$Proxy15.getText(Unknown Source)
	at Com.SPB.Commands.ActionDriver.GetText(ActionDriver.java:174)
	at Com.SPB.PageObjects.ProjectDashboard.readEM(ProjectDashboard.java:566)
	at Com.SPB.test.FinancialOverview.VerifyProjectEM(FinancialOverview.java:363)
... Removed 29 stack frames
</div> <!-- stack-trace -->
                </div> <!-- method-content -->
              </div> <!-- method -->
              <div class="method">
                <div class="method-content">
                  <a name="verifyEMGPNonPercentage">
                  </a> <!-- verifyEMGPNonPercentage -->
                  <span class="method-name">verifyEMGPNonPercentage</span>
                  <div class="stack-trace">org.openqa.selenium.NoSuchElementException: no such element: Unable to locate element: {&quot;method&quot;:&quot;xpath&quot;,&quot;selector&quot;:&quot;//td[text()=&quot; EM 5 years&quot;]//following-sibling::td[@class=&apos;blue-back&apos;]&quot;}
  (Session info: MicrosoftEdge=106.0.1370.42)
For documentation on this error, please visit: https://www.seleniumhq.org/exceptions/no_such_element.html
Build info: version: &apos;3.141.59&apos;, revision: &apos;e82be7d358&apos;, time: &apos;2018-11-14T08:17:03&apos;
System info: host: &apos;LT095011&apos;, ip: &apos;10.156.164.22&apos;, os.name: &apos;Windows 10&apos;, os.arch: &apos;amd64&apos;, os.version: &apos;10.0&apos;, java.version: &apos;16.0.1&apos;
Driver info: org.openqa.selenium.edge.EdgeDriver
Capabilities {acceptInsecureCerts: false, browserName: msedge, browserVersion: 106.0.1370.42, javascriptEnabled: true, ms:edgeOptions: {debuggerAddress: localhost:62710}, msedge: {msedgedriverVersion: 106.0.1370.42 (01c826627559..., userDataDir: C:\Users\J8994868\AppData\L...}, networkConnectionEnabled: false, pageLoadStrategy: normal, platform: WINDOWS, platformName: WINDOWS, proxy: Proxy(), setWindowRect: true, strictFileInteractability: false, timeouts: {implicit: 0, pageLoad: 300000, script: 30000}, unhandledPromptBehavior: dismiss and notify, webauthn:extension:credBlob: true, webauthn:extension:largeBlob: true, webauthn:virtualAuthenticators: true}
Session ID: f20576a8459b8b4283cb963e2b854806
*** Element info: {Using=xpath, value=//td[text()=&quot; EM 5 years&quot;]//following-sibling::td[@class=&apos;blue-back&apos;]}
	at org.openqa.selenium.remote.http.W3CHttpResponseCodec.createException(W3CHttpResponseCodec.java:187)
	at org.openqa.selenium.remote.http.W3CHttpResponseCodec.decode(W3CHttpResponseCodec.java:122)
	at org.openqa.selenium.remote.http.W3CHttpResponseCodec.decode(W3CHttpResponseCodec.java:49)
	at org.openqa.selenium.remote.HttpCommandExecutor.execute(HttpCommandExecutor.java:158)
	at org.openqa.selenium.remote.service.DriverCommandExecutor.execute(DriverCommandExecutor.java:83)
	at org.openqa.selenium.remote.RemoteWebDriver.execute(RemoteWebDriver.java:552)
	at org.openqa.selenium.remote.RemoteWebDriver.findElement(RemoteWebDriver.java:323)
	at org.openqa.selenium.remote.RemoteWebDriver.findElementByXPath(RemoteWebDriver.java:428)
	at org.openqa.selenium.By$ByXPath.findElement(By.java:353)
	at org.openqa.selenium.remote.RemoteWebDriver.findElement(RemoteWebDriver.java:315)
	at org.openqa.selenium.support.pagefactory.DefaultElementLocator.findElement(DefaultElementLocator.java:69)
	at org.openqa.selenium.support.pagefactory.internal.LocatingElementHandler.invoke(LocatingElementHandler.java:38)
	at jdk.proxy2/jdk.proxy2.$Proxy15.getText(Unknown Source)
	at Com.SPB.Commands.ActionDriver.GetText(ActionDriver.java:174)
	at Com.SPB.PageObjects.CostDashboard.readEMNonpercent(CostDashboard.java:808)
	at Com.SPB.test.FinancialOverview.verifyEMGPNonPercentage(FinancialOverview.java:397)
... Removed 29 stack frames
</div> <!-- stack-trace -->
                </div> <!-- method-content -->
              </div> <!-- method -->
            </div> <!-- main-panel-content rounded-window-bottom -->
          </div> <!-- suite-Price_Builder_Test_Result-class-failed -->
          <div class="suite-Price_Builder_Test_Result-class-failed">
            <div class="main-panel-header rounded-window-top">
              <img src="failed.png"/>
              <span class="class-name">Com.SPB.test.VerifyDraftProjectFlow</span>
            </div> <!-- main-panel-header rounded-window-top -->
            <div class="main-panel-content rounded-window-bottom">
              <div class="method">
                <div class="method-content">
                  <a name="CreateDraftdraftproject">
                  </a> <!-- CreateDraftdraftproject -->
                  <span class="method-name">CreateDraftdraftproject</span>
                  <div class="stack-trace">org.openqa.selenium.NoSuchElementException: no such element: Unable to locate element: {&quot;method&quot;:&quot;xpath&quot;,&quot;selector&quot;:&quot;//label[@class=&apos;ng-star-inserted ui-chkbox-label&apos; and text()=&apos;WS&apos;]&quot;}
  (Session info: MicrosoftEdge=106.0.1370.42)
For documentation on this error, please visit: https://www.seleniumhq.org/exceptions/no_such_element.html
Build info: version: &apos;3.141.59&apos;, revision: &apos;e82be7d358&apos;, time: &apos;2018-11-14T08:17:03&apos;
System info: host: &apos;LT095011&apos;, ip: &apos;10.156.164.22&apos;, os.name: &apos;Windows 10&apos;, os.arch: &apos;amd64&apos;, os.version: &apos;10.0&apos;, java.version: &apos;16.0.1&apos;
Driver info: org.openqa.selenium.edge.EdgeDriver
Capabilities {acceptInsecureCerts: false, browserName: msedge, browserVersion: 106.0.1370.42, javascriptEnabled: true, ms:edgeOptions: {debuggerAddress: localhost:59355}, msedge: {msedgedriverVersion: 106.0.1370.42 (01c826627559..., userDataDir: C:\Users\J8994868\AppData\L...}, networkConnectionEnabled: false, pageLoadStrategy: normal, platform: WINDOWS, platformName: WINDOWS, proxy: Proxy(), setWindowRect: true, strictFileInteractability: false, timeouts: {implicit: 0, pageLoad: 300000, script: 30000}, unhandledPromptBehavior: dismiss and notify, webauthn:extension:credBlob: true, webauthn:extension:largeBlob: true, webauthn:virtualAuthenticators: true}
Session ID: 7289d258b545bdfd2e4d8d446c4f33e8
*** Element info: {Using=xpath, value=//label[@class=&apos;ng-star-inserted ui-chkbox-label&apos; and text()=&apos;WS&apos;]}
	at org.openqa.selenium.remote.http.W3CHttpResponseCodec.createException(W3CHttpResponseCodec.java:187)
	at org.openqa.selenium.remote.http.W3CHttpResponseCodec.decode(W3CHttpResponseCodec.java:122)
	at org.openqa.selenium.remote.http.W3CHttpResponseCodec.decode(W3CHttpResponseCodec.java:49)
	at org.openqa.selenium.remote.HttpCommandExecutor.execute(HttpCommandExecutor.java:158)
	at org.openqa.selenium.remote.service.DriverCommandExecutor.execute(DriverCommandExecutor.java:83)
	at org.openqa.selenium.remote.RemoteWebDriver.execute(RemoteWebDriver.java:552)
	at org.openqa.selenium.remote.RemoteWebDriver.findElement(RemoteWebDriver.java:323)
	at org.openqa.selenium.remote.RemoteWebDriver.findElementByXPath(RemoteWebDriver.java:428)
	at org.openqa.selenium.By$ByXPath.findElement(By.java:353)
	at org.openqa.selenium.remote.RemoteWebDriver.findElement(RemoteWebDriver.java:315)
	at Com.SPB.PageObjects.DraftProjectFlow.SelectGPone(DraftProjectFlow.java:100)
	at Com.SPB.test.VerifyDraftProjectFlow.CreateDraftdraftproject(VerifyDraftProjectFlow.java:39)
... Removed 30 stack frames
</div> <!-- stack-trace -->
                </div> <!-- method-content -->
              </div> <!-- method -->
            </div> <!-- main-panel-content rounded-window-bottom -->
          </div> <!-- suite-Price_Builder_Test_Result-class-failed -->
          <div class="suite-Price_Builder_Test_Result-class-failed">
            <div class="main-panel-header rounded-window-top">
              <img src="failed.png"/>
              <span class="class-name">Com.SPB.test.Simulation</span>
            </div> <!-- main-panel-header rounded-window-top -->
            <div class="main-panel-content rounded-window-bottom">
              <div class="method">
                <div class="method-content">
                  <a name="verifyDevCost">
                  </a> <!-- verifyDevCost -->
                  <span class="method-name">verifyDevCost</span>
                  <div class="stack-trace">org.openqa.selenium.NoSuchElementException: no such element: Unable to locate element: {&quot;method&quot;:&quot;xpath&quot;,&quot;selector&quot;:&quot;(//td[text()=&quot; Dev. Cost (&apos;000)&quot;])[2]//following-sibling::td[@style=&apos;text-align: center&apos;][2]&quot;}
  (Session info: MicrosoftEdge=106.0.1370.42)
For documentation on this error, please visit: https://www.seleniumhq.org/exceptions/no_such_element.html
Build info: version: &apos;3.141.59&apos;, revision: &apos;e82be7d358&apos;, time: &apos;2018-11-14T08:17:03&apos;
System info: host: &apos;LT095011&apos;, ip: &apos;10.156.164.22&apos;, os.name: &apos;Windows 10&apos;, os.arch: &apos;amd64&apos;, os.version: &apos;10.0&apos;, java.version: &apos;16.0.1&apos;
Driver info: org.openqa.selenium.edge.EdgeDriver
Capabilities {acceptInsecureCerts: false, browserName: msedge, browserVersion: 106.0.1370.42, javascriptEnabled: true, ms:edgeOptions: {debuggerAddress: localhost:61196}, msedge: {msedgedriverVersion: 106.0.1370.42 (01c826627559..., userDataDir: C:\Users\J8994868\AppData\L...}, networkConnectionEnabled: false, pageLoadStrategy: normal, platform: WINDOWS, platformName: WINDOWS, proxy: Proxy(), setWindowRect: true, strictFileInteractability: false, timeouts: {implicit: 0, pageLoad: 300000, script: 30000}, unhandledPromptBehavior: dismiss and notify, webauthn:extension:credBlob: true, webauthn:extension:largeBlob: true, webauthn:virtualAuthenticators: true}
Session ID: 1add2da282576de153c4525d7fb47774
*** Element info: {Using=xpath, value=(//td[text()=&quot; Dev. Cost (&apos;000)&quot;])[2]//following-sibling::td[@style=&apos;text-align: center&apos;][2]}
	at org.openqa.selenium.remote.http.W3CHttpResponseCodec.createException(W3CHttpResponseCodec.java:187)
	at org.openqa.selenium.remote.http.W3CHttpResponseCodec.decode(W3CHttpResponseCodec.java:122)
	at org.openqa.selenium.remote.http.W3CHttpResponseCodec.decode(W3CHttpResponseCodec.java:49)
	at org.openqa.selenium.remote.HttpCommandExecutor.execute(HttpCommandExecutor.java:158)
	at org.openqa.selenium.remote.service.DriverCommandExecutor.execute(DriverCommandExecutor.java:83)
	at org.openqa.selenium.remote.RemoteWebDriver.execute(RemoteWebDriver.java:552)
	at org.openqa.selenium.remote.RemoteWebDriver.findElement(RemoteWebDriver.java:323)
	at org.openqa.selenium.remote.RemoteWebDriver.findElementByXPath(RemoteWebDriver.java:428)
	at org.openqa.selenium.By$ByXPath.findElement(By.java:353)
	at org.openqa.selenium.remote.RemoteWebDriver.findElement(RemoteWebDriver.java:315)
	at org.openqa.selenium.support.pagefactory.DefaultElementLocator.findElement(DefaultElementLocator.java:69)
	at org.openqa.selenium.support.pagefactory.internal.LocatingElementHandler.invoke(LocatingElementHandler.java:38)
	at jdk.proxy2/jdk.proxy2.$Proxy15.getText(Unknown Source)
	at Com.SPB.Commands.ActionDriver.GetText(ActionDriver.java:174)
	at Com.SPB.PageObjects.CostDashboard.readDevCost(CostDashboard.java:675)
	at Com.SPB.test.Simulation.verifyDevCost(Simulation.java:762)
... Removed 29 stack frames
</div> <!-- stack-trace -->
                </div> <!-- method-content -->
              </div> <!-- method -->
            </div> <!-- main-panel-content rounded-window-bottom -->
          </div> <!-- suite-Price_Builder_Test_Result-class-failed -->
          <div class="suite-Price_Builder_Test_Result-class-failed">
            <div class="main-panel-header rounded-window-top">
              <img src="failed.png"/>
              <span class="class-name">Com.SPB.test.ProjectIndicator</span>
            </div> <!-- main-panel-header rounded-window-top -->
            <div class="main-panel-content rounded-window-bottom">
              <div class="method">
                <div class="method-content">
                  <a name="VerifyProjectIndicator">
                  </a> <!-- VerifyProjectIndicator -->
                  <span class="method-name">VerifyProjectIndicator</span>
                  <div class="stack-trace">org.openqa.selenium.NoSuchElementException: no such element: Unable to locate element: {&quot;method&quot;:&quot;xpath&quot;,&quot;selector&quot;:&quot;//span[text()=&apos; EM &apos;]//following-sibling::span[@class=&apos;item-right-orange&apos;]&quot;}
  (Session info: MicrosoftEdge=106.0.1370.42)
For documentation on this error, please visit: https://www.seleniumhq.org/exceptions/no_such_element.html
Build info: version: &apos;3.141.59&apos;, revision: &apos;e82be7d358&apos;, time: &apos;2018-11-14T08:17:03&apos;
System info: host: &apos;LT095011&apos;, ip: &apos;10.156.164.22&apos;, os.name: &apos;Windows 10&apos;, os.arch: &apos;amd64&apos;, os.version: &apos;10.0&apos;, java.version: &apos;16.0.1&apos;
Driver info: org.openqa.selenium.edge.EdgeDriver
Capabilities {acceptInsecureCerts: false, browserName: msedge, browserVersion: 106.0.1370.42, javascriptEnabled: true, ms:edgeOptions: {debuggerAddress: localhost:59044}, msedge: {msedgedriverVersion: 106.0.1370.42 (01c826627559..., userDataDir: C:\Users\J8994868\AppData\L...}, networkConnectionEnabled: false, pageLoadStrategy: normal, platform: WINDOWS, platformName: WINDOWS, proxy: Proxy(), setWindowRect: true, strictFileInteractability: false, timeouts: {implicit: 0, pageLoad: 300000, script: 30000}, unhandledPromptBehavior: dismiss and notify, webauthn:extension:credBlob: true, webauthn:extension:largeBlob: true, webauthn:virtualAuthenticators: true}
Session ID: 7aaf39e1b8c2a145125fbd7d790eb41c
*** Element info: {Using=xpath, value=//span[text()=&apos; EM &apos;]//following-sibling::span[@class=&apos;item-right-orange&apos;]}
	at org.openqa.selenium.remote.http.W3CHttpResponseCodec.createException(W3CHttpResponseCodec.java:187)
	at org.openqa.selenium.remote.http.W3CHttpResponseCodec.decode(W3CHttpResponseCodec.java:122)
	at org.openqa.selenium.remote.http.W3CHttpResponseCodec.decode(W3CHttpResponseCodec.java:49)
	at org.openqa.selenium.remote.HttpCommandExecutor.execute(HttpCommandExecutor.java:158)
	at org.openqa.selenium.remote.service.DriverCommandExecutor.execute(DriverCommandExecutor.java:83)
	at org.openqa.selenium.remote.RemoteWebDriver.execute(RemoteWebDriver.java:552)
	at org.openqa.selenium.remote.RemoteWebDriver.findElement(RemoteWebDriver.java:323)
	at org.openqa.selenium.remote.RemoteWebDriver.findElementByXPath(RemoteWebDriver.java:428)
	at org.openqa.selenium.By$ByXPath.findElement(By.java:353)
	at org.openqa.selenium.remote.RemoteWebDriver.findElement(RemoteWebDriver.java:315)
	at org.openqa.selenium.support.pagefactory.DefaultElementLocator.findElement(DefaultElementLocator.java:69)
	at org.openqa.selenium.support.pagefactory.internal.LocatingElementHandler.invoke(LocatingElementHandler.java:38)
	at jdk.proxy2/jdk.proxy2.$Proxy15.getText(Unknown Source)
	at Com.SPB.Commands.ActionDriver.GetText(ActionDriver.java:174)
	at Com.SPB.PageObjects.ProjectDashboard.readEM(ProjectDashboard.java:566)
	at Com.SPB.test.ProjectIndicator.VerifyProjectIndicator(ProjectIndicator.java:37)
... Removed 30 stack frames
</div> <!-- stack-trace -->
                </div> <!-- method-content -->
              </div> <!-- method -->
            </div> <!-- main-panel-content rounded-window-bottom -->
          </div> <!-- suite-Price_Builder_Test_Result-class-failed -->
          <div class="suite-Price_Builder_Test_Result-class-failed">
            <div class="main-panel-header rounded-window-top">
              <img src="failed.png"/>
              <span class="class-name">Com.SPB.test.VerifyCashSimulation</span>
            </div> <!-- main-panel-header rounded-window-top -->
            <div class="main-panel-content rounded-window-bottom">
              <div class="method">
                <div class="method-content">
                  <a name="VerifyQtyMarkupInternelandexternal">
                  </a> <!-- VerifyQtyMarkupInternelandexternal -->
                  <span class="method-name">VerifyQtyMarkupInternelandexternal</span>
                  <div class="stack-trace">org.openqa.selenium.NoSuchElementException: no such element: Unable to locate element: {&quot;method&quot;:&quot;xpath&quot;,&quot;selector&quot;:&quot;//tr[td[text()= &apos; Qty Mark up External&apos;]]//parent::td[text()=&apos;Quantity&apos;]//following-sibling::td[text()=&apos;BL&apos;]//following-sibling::td[4]&quot;}
  (Session info: MicrosoftEdge=106.0.1370.42)
For documentation on this error, please visit: https://www.seleniumhq.org/exceptions/no_such_element.html
Build info: version: &apos;3.141.59&apos;, revision: &apos;e82be7d358&apos;, time: &apos;2018-11-14T08:17:03&apos;
System info: host: &apos;LT095011&apos;, ip: &apos;10.156.164.22&apos;, os.name: &apos;Windows 10&apos;, os.arch: &apos;amd64&apos;, os.version: &apos;10.0&apos;, java.version: &apos;16.0.1&apos;
Driver info: org.openqa.selenium.edge.EdgeDriver
Capabilities {acceptInsecureCerts: false, browserName: msedge, browserVersion: 106.0.1370.42, javascriptEnabled: true, ms:edgeOptions: {debuggerAddress: localhost:63921}, msedge: {msedgedriverVersion: 106.0.1370.42 (01c826627559..., userDataDir: C:\Users\J8994868\AppData\L...}, networkConnectionEnabled: false, pageLoadStrategy: normal, platform: WINDOWS, platformName: WINDOWS, proxy: Proxy(), setWindowRect: true, strictFileInteractability: false, timeouts: {implicit: 0, pageLoad: 300000, script: 30000}, unhandledPromptBehavior: dismiss and notify, webauthn:extension:credBlob: true, webauthn:extension:largeBlob: true, webauthn:virtualAuthenticators: true}
Session ID: 0ac08c87d2375d692eba433fe79a3d95
*** Element info: {Using=xpath, value=//tr[td[text()= &apos; Qty Mark up External&apos;]]//parent::td[text()=&apos;Quantity&apos;]//following-sibling::td[text()=&apos;BL&apos;]//following-sibling::td[4]}
	at org.openqa.selenium.remote.http.W3CHttpResponseCodec.createException(W3CHttpResponseCodec.java:187)
	at org.openqa.selenium.remote.http.W3CHttpResponseCodec.decode(W3CHttpResponseCodec.java:122)
	at org.openqa.selenium.remote.http.W3CHttpResponseCodec.decode(W3CHttpResponseCodec.java:49)
	at org.openqa.selenium.remote.HttpCommandExecutor.execute(HttpCommandExecutor.java:158)
	at org.openqa.selenium.remote.service.DriverCommandExecutor.execute(DriverCommandExecutor.java:83)
	at org.openqa.selenium.remote.RemoteWebDriver.execute(RemoteWebDriver.java:552)
	at org.openqa.selenium.remote.RemoteWebDriver.findElement(RemoteWebDriver.java:323)
	at org.openqa.selenium.remote.RemoteWebDriver.findElementByXPath(RemoteWebDriver.java:428)
	at org.openqa.selenium.By$ByXPath.findElement(By.java:353)
	at org.openqa.selenium.remote.RemoteWebDriver.findElement(RemoteWebDriver.java:315)
	at Com.SPB.PageObjects.CashSimulation.readQuantityCashInternal(CashSimulation.java:826)
	at Com.SPB.test.VerifyCashSimulation.VerifyQtyMarkupInternelandexternal(VerifyCashSimulation.java:866)
... Removed 29 stack frames
</div> <!-- stack-trace -->
                </div> <!-- method-content -->
              </div> <!-- method -->
              <div class="method">
                <div class="method-content">
                  <a name="verifyBussinessLink">
                  </a> <!-- verifyBussinessLink -->
                  <span class="method-name">verifyBussinessLink</span>
                  <div class="stack-trace">org.openqa.selenium.NoSuchElementException: no such element: Unable to locate element: {&quot;method&quot;:&quot;xpath&quot;,&quot;selector&quot;:&quot;(//td[text()=&apos;Business Link&apos;])[2]//following-sibling::td[5]&quot;}
  (Session info: MicrosoftEdge=106.0.1370.42)
For documentation on this error, please visit: https://www.seleniumhq.org/exceptions/no_such_element.html
Build info: version: &apos;3.141.59&apos;, revision: &apos;e82be7d358&apos;, time: &apos;2018-11-14T08:17:03&apos;
System info: host: &apos;LT095011&apos;, ip: &apos;10.156.164.22&apos;, os.name: &apos;Windows 10&apos;, os.arch: &apos;amd64&apos;, os.version: &apos;10.0&apos;, java.version: &apos;16.0.1&apos;
Driver info: org.openqa.selenium.edge.EdgeDriver
Capabilities {acceptInsecureCerts: false, browserName: msedge, browserVersion: 106.0.1370.42, javascriptEnabled: true, ms:edgeOptions: {debuggerAddress: localhost:63921}, msedge: {msedgedriverVersion: 106.0.1370.42 (01c826627559..., userDataDir: C:\Users\J8994868\AppData\L...}, networkConnectionEnabled: false, pageLoadStrategy: normal, platform: WINDOWS, platformName: WINDOWS, proxy: Proxy(), setWindowRect: true, strictFileInteractability: false, timeouts: {implicit: 0, pageLoad: 300000, script: 30000}, unhandledPromptBehavior: dismiss and notify, webauthn:extension:credBlob: true, webauthn:extension:largeBlob: true, webauthn:virtualAuthenticators: true}
Session ID: 0ac08c87d2375d692eba433fe79a3d95
*** Element info: {Using=xpath, value=(//td[text()=&apos;Business Link&apos;])[2]//following-sibling::td[5]}
	at org.openqa.selenium.remote.http.W3CHttpResponseCodec.createException(W3CHttpResponseCodec.java:187)
	at org.openqa.selenium.remote.http.W3CHttpResponseCodec.decode(W3CHttpResponseCodec.java:122)
	at org.openqa.selenium.remote.http.W3CHttpResponseCodec.decode(W3CHttpResponseCodec.java:49)
	at org.openqa.selenium.remote.HttpCommandExecutor.execute(HttpCommandExecutor.java:158)
	at org.openqa.selenium.remote.service.DriverCommandExecutor.execute(DriverCommandExecutor.java:83)
	at org.openqa.selenium.remote.RemoteWebDriver.execute(RemoteWebDriver.java:552)
	at org.openqa.selenium.remote.RemoteWebDriver.findElement(RemoteWebDriver.java:323)
	at org.openqa.selenium.remote.RemoteWebDriver.findElementByXPath(RemoteWebDriver.java:428)
	at org.openqa.selenium.By$ByXPath.findElement(By.java:353)
	at org.openqa.selenium.remote.RemoteWebDriver.findElement(RemoteWebDriver.java:315)
	at Com.SPB.PageObjects.FinancialDashboard.readBusinessLink(FinancialDashboard.java:437)
	at Com.SPB.test.VerifyCashSimulation.verifyBussinessLink(VerifyCashSimulation.java:710)
... Removed 29 stack frames
</div> <!-- stack-trace -->
                </div> <!-- method-content -->
              </div> <!-- method -->
              <div class="method">
                <div class="method-content">
                  <a name="verifyCapex">
                  </a> <!-- verifyCapex -->
                  <span class="method-name">verifyCapex</span>
                  <div class="stack-trace">org.openqa.selenium.NoSuchElementException: no such element: Unable to locate element: {&quot;method&quot;:&quot;xpath&quot;,&quot;selector&quot;:&quot;(//td[text()=&apos;Business Link&apos;])[2]//following-sibling::td[5]&quot;}
  (Session info: MicrosoftEdge=106.0.1370.42)
For documentation on this error, please visit: https://www.seleniumhq.org/exceptions/no_such_element.html
Build info: version: &apos;3.141.59&apos;, revision: &apos;e82be7d358&apos;, time: &apos;2018-11-14T08:17:03&apos;
System info: host: &apos;LT095011&apos;, ip: &apos;10.156.164.22&apos;, os.name: &apos;Windows 10&apos;, os.arch: &apos;amd64&apos;, os.version: &apos;10.0&apos;, java.version: &apos;16.0.1&apos;
Driver info: org.openqa.selenium.edge.EdgeDriver
Capabilities {acceptInsecureCerts: false, browserName: msedge, browserVersion: 106.0.1370.42, javascriptEnabled: true, ms:edgeOptions: {debuggerAddress: localhost:63921}, msedge: {msedgedriverVersion: 106.0.1370.42 (01c826627559..., userDataDir: C:\Users\J8994868\AppData\L...}, networkConnectionEnabled: false, pageLoadStrategy: normal, platform: WINDOWS, platformName: WINDOWS, proxy: Proxy(), setWindowRect: true, strictFileInteractability: false, timeouts: {implicit: 0, pageLoad: 300000, script: 30000}, unhandledPromptBehavior: dismiss and notify, webauthn:extension:credBlob: true, webauthn:extension:largeBlob: true, webauthn:virtualAuthenticators: true}
Session ID: 0ac08c87d2375d692eba433fe79a3d95
*** Element info: {Using=xpath, value=(//td[text()=&apos;Business Link&apos;])[2]//following-sibling::td[5]}
	at org.openqa.selenium.remote.http.W3CHttpResponseCodec.createException(W3CHttpResponseCodec.java:187)
	at org.openqa.selenium.remote.http.W3CHttpResponseCodec.decode(W3CHttpResponseCodec.java:122)
	at org.openqa.selenium.remote.http.W3CHttpResponseCodec.decode(W3CHttpResponseCodec.java:49)
	at org.openqa.selenium.remote.HttpCommandExecutor.execute(HttpCommandExecutor.java:158)
	at org.openqa.selenium.remote.service.DriverCommandExecutor.execute(DriverCommandExecutor.java:83)
	at org.openqa.selenium.remote.RemoteWebDriver.execute(RemoteWebDriver.java:552)
	at org.openqa.selenium.remote.RemoteWebDriver.findElement(RemoteWebDriver.java:323)
	at org.openqa.selenium.remote.RemoteWebDriver.findElementByXPath(RemoteWebDriver.java:428)
	at org.openqa.selenium.By$ByXPath.findElement(By.java:353)
	at org.openqa.selenium.remote.RemoteWebDriver.findElement(RemoteWebDriver.java:315)
	at Com.SPB.PageObjects.FinancialDashboard.readCapex(FinancialDashboard.java:455)
	at Com.SPB.test.VerifyCashSimulation.verifyCapex(VerifyCashSimulation.java:750)
... Removed 29 stack frames
</div> <!-- stack-trace -->
                </div> <!-- method-content -->
              </div> <!-- method -->
              <div class="method">
                <div class="method-content">
                  <a name="verifyCashflowProjecCumulated">
                  </a> <!-- verifyCashflowProjecCumulated -->
                  <span class="method-name">verifyCashflowProjecCumulated</span>
                  <div class="stack-trace">org.openqa.selenium.NoSuchElementException: no such element: Unable to locate element: {&quot;method&quot;:&quot;xpath&quot;,&quot;selector&quot;:&quot;//td[text()=&apos;Cash-flow project cumulated&apos;]//following-sibling::td[6]&quot;}
  (Session info: MicrosoftEdge=106.0.1370.42)
For documentation on this error, please visit: https://www.seleniumhq.org/exceptions/no_such_element.html
Build info: version: &apos;3.141.59&apos;, revision: &apos;e82be7d358&apos;, time: &apos;2018-11-14T08:17:03&apos;
System info: host: &apos;LT095011&apos;, ip: &apos;10.156.164.22&apos;, os.name: &apos;Windows 10&apos;, os.arch: &apos;amd64&apos;, os.version: &apos;10.0&apos;, java.version: &apos;16.0.1&apos;
Driver info: org.openqa.selenium.edge.EdgeDriver
Capabilities {acceptInsecureCerts: false, browserName: msedge, browserVersion: 106.0.1370.42, javascriptEnabled: true, ms:edgeOptions: {debuggerAddress: localhost:63921}, msedge: {msedgedriverVersion: 106.0.1370.42 (01c826627559..., userDataDir: C:\Users\J8994868\AppData\L...}, networkConnectionEnabled: false, pageLoadStrategy: normal, platform: WINDOWS, platformName: WINDOWS, proxy: Proxy(), setWindowRect: true, strictFileInteractability: false, timeouts: {implicit: 0, pageLoad: 300000, script: 30000}, unhandledPromptBehavior: dismiss and notify, webauthn:extension:credBlob: true, webauthn:extension:largeBlob: true, webauthn:virtualAuthenticators: true}
Session ID: 0ac08c87d2375d692eba433fe79a3d95
*** Element info: {Using=xpath, value=//td[text()=&apos;Cash-flow project cumulated&apos;]//following-sibling::td[6]}
	at org.openqa.selenium.remote.http.W3CHttpResponseCodec.createException(W3CHttpResponseCodec.java:187)
	at org.openqa.selenium.remote.http.W3CHttpResponseCodec.decode(W3CHttpResponseCodec.java:122)
	at org.openqa.selenium.remote.http.W3CHttpResponseCodec.decode(W3CHttpResponseCodec.java:49)
	at org.openqa.selenium.remote.HttpCommandExecutor.execute(HttpCommandExecutor.java:158)
	at org.openqa.selenium.remote.service.DriverCommandExecutor.execute(DriverCommandExecutor.java:83)
	at org.openqa.selenium.remote.RemoteWebDriver.execute(RemoteWebDriver.java:552)
	at org.openqa.selenium.remote.RemoteWebDriver.findElement(RemoteWebDriver.java:323)
	at org.openqa.selenium.remote.RemoteWebDriver.findElementByXPath(RemoteWebDriver.java:428)
	at org.openqa.selenium.By$ByXPath.findElement(By.java:353)
	at org.openqa.selenium.remote.RemoteWebDriver.findElement(RemoteWebDriver.java:315)
	at Com.SPB.PageObjects.CashSimulation.readCashflowProjectCommunatedone(CashSimulation.java:1036)
	at Com.SPB.test.VerifyCashSimulation.verifyCashflowProjecCumulated(VerifyCashSimulation.java:1036)
... Removed 29 stack frames
</div> <!-- stack-trace -->
                </div> <!-- method-content -->
              </div> <!-- method -->
              <div class="method">
                <div class="method-content">
                  <a name="verifyCashflowProjectBeforeActualization">
                  </a> <!-- verifyCashflowProjectBeforeActualization -->
                  <span class="method-name">verifyCashflowProjectBeforeActualization</span>
                  <div class="stack-trace">org.openqa.selenium.NoSuchElementException: no such element: Unable to locate element: {&quot;method&quot;:&quot;xpath&quot;,&quot;selector&quot;:&quot;//td[span[text()=&apos;Cash-flow project before actualization&apos;]]//following-sibling::td[6]&quot;}
  (Session info: MicrosoftEdge=106.0.1370.42)
For documentation on this error, please visit: https://www.seleniumhq.org/exceptions/no_such_element.html
Build info: version: &apos;3.141.59&apos;, revision: &apos;e82be7d358&apos;, time: &apos;2018-11-14T08:17:03&apos;
System info: host: &apos;LT095011&apos;, ip: &apos;10.156.164.22&apos;, os.name: &apos;Windows 10&apos;, os.arch: &apos;amd64&apos;, os.version: &apos;10.0&apos;, java.version: &apos;16.0.1&apos;
Driver info: org.openqa.selenium.edge.EdgeDriver
Capabilities {acceptInsecureCerts: false, browserName: msedge, browserVersion: 106.0.1370.42, javascriptEnabled: true, ms:edgeOptions: {debuggerAddress: localhost:63921}, msedge: {msedgedriverVersion: 106.0.1370.42 (01c826627559..., userDataDir: C:\Users\J8994868\AppData\L...}, networkConnectionEnabled: false, pageLoadStrategy: normal, platform: WINDOWS, platformName: WINDOWS, proxy: Proxy(), setWindowRect: true, strictFileInteractability: false, timeouts: {implicit: 0, pageLoad: 300000, script: 30000}, unhandledPromptBehavior: dismiss and notify, webauthn:extension:credBlob: true, webauthn:extension:largeBlob: true, webauthn:virtualAuthenticators: true}
Session ID: 0ac08c87d2375d692eba433fe79a3d95
*** Element info: {Using=xpath, value=//td[span[text()=&apos;Cash-flow project before actualization&apos;]]//following-sibling::td[6]}
	at org.openqa.selenium.remote.http.W3CHttpResponseCodec.createException(W3CHttpResponseCodec.java:187)
	at org.openqa.selenium.remote.http.W3CHttpResponseCodec.decode(W3CHttpResponseCodec.java:122)
	at org.openqa.selenium.remote.http.W3CHttpResponseCodec.decode(W3CHttpResponseCodec.java:49)
	at org.openqa.selenium.remote.HttpCommandExecutor.execute(HttpCommandExecutor.java:158)
	at org.openqa.selenium.remote.service.DriverCommandExecutor.execute(DriverCommandExecutor.java:83)
	at org.openqa.selenium.remote.RemoteWebDriver.execute(RemoteWebDriver.java:552)
	at org.openqa.selenium.remote.RemoteWebDriver.findElement(RemoteWebDriver.java:323)
	at org.openqa.selenium.remote.RemoteWebDriver.findElementByXPath(RemoteWebDriver.java:428)
	at org.openqa.selenium.By$ByXPath.findElement(By.java:353)
	at org.openqa.selenium.remote.RemoteWebDriver.findElement(RemoteWebDriver.java:315)
	at Com.SPB.PageObjects.CashSimulation.readCashflowProjectBeforeActualization22(CashSimulation.java:1015)
	at Com.SPB.test.VerifyCashSimulation.verifyCashflowProjectBeforeActualization(VerifyCashSimulation.java:989)
... Removed 29 stack frames
</div> <!-- stack-trace -->
                </div> <!-- method-content -->
              </div> <!-- method -->
              <div class="method">
                <div class="method-content">
                  <a name="verifyDevCost">
                  </a> <!-- verifyDevCost -->
                  <span class="method-name">verifyDevCost</span>
                  <div class="stack-trace">org.openqa.selenium.NoSuchElementException: no such element: Unable to locate element: {&quot;method&quot;:&quot;xpath&quot;,&quot;selector&quot;:&quot;//td[text()=&apos;Dev Cost&apos;]//following-sibling::td[4]&quot;}
  (Session info: MicrosoftEdge=106.0.1370.42)
For documentation on this error, please visit: https://www.seleniumhq.org/exceptions/no_such_element.html
Build info: version: &apos;3.141.59&apos;, revision: &apos;e82be7d358&apos;, time: &apos;2018-11-14T08:17:03&apos;
System info: host: &apos;LT095011&apos;, ip: &apos;10.156.164.22&apos;, os.name: &apos;Windows 10&apos;, os.arch: &apos;amd64&apos;, os.version: &apos;10.0&apos;, java.version: &apos;16.0.1&apos;
Driver info: org.openqa.selenium.edge.EdgeDriver
Capabilities {acceptInsecureCerts: false, browserName: msedge, browserVersion: 106.0.1370.42, javascriptEnabled: true, ms:edgeOptions: {debuggerAddress: localhost:63921}, msedge: {msedgedriverVersion: 106.0.1370.42 (01c826627559..., userDataDir: C:\Users\J8994868\AppData\L...}, networkConnectionEnabled: false, pageLoadStrategy: normal, platform: WINDOWS, platformName: WINDOWS, proxy: Proxy(), setWindowRect: true, strictFileInteractability: false, timeouts: {implicit: 0, pageLoad: 300000, script: 30000}, unhandledPromptBehavior: dismiss and notify, webauthn:extension:credBlob: true, webauthn:extension:largeBlob: true, webauthn:virtualAuthenticators: true}
Session ID: 0ac08c87d2375d692eba433fe79a3d95
*** Element info: {Using=xpath, value=//td[text()=&apos;Dev Cost&apos;]//following-sibling::td[4]}
	at org.openqa.selenium.remote.http.W3CHttpResponseCodec.createException(W3CHttpResponseCodec.java:187)
	at org.openqa.selenium.remote.http.W3CHttpResponseCodec.decode(W3CHttpResponseCodec.java:122)
	at org.openqa.selenium.remote.http.W3CHttpResponseCodec.decode(W3CHttpResponseCodec.java:49)
	at org.openqa.selenium.remote.HttpCommandExecutor.execute(HttpCommandExecutor.java:158)
	at org.openqa.selenium.remote.service.DriverCommandExecutor.execute(DriverCommandExecutor.java:83)
	at org.openqa.selenium.remote.RemoteWebDriver.execute(RemoteWebDriver.java:552)
	at org.openqa.selenium.remote.RemoteWebDriver.findElement(RemoteWebDriver.java:323)
	at org.openqa.selenium.remote.RemoteWebDriver.findElementByXPath(RemoteWebDriver.java:428)
	at org.openqa.selenium.By$ByXPath.findElement(By.java:353)
	at org.openqa.selenium.remote.RemoteWebDriver.findElement(RemoteWebDriver.java:315)
	at Com.SPB.PageObjects.FinancialDashboard.readDevCost(FinancialDashboard.java:472)
	at Com.SPB.test.VerifyCashSimulation.verifyDevCost(VerifyCashSimulation.java:790)
... Removed 29 stack frames
</div> <!-- stack-trace -->
                </div> <!-- method-content -->
              </div> <!-- method -->
              <div class="method">
                <div class="method-content">
                  <a name="verifyPBRNetPresentvalueCONTRACTUAL">
                  </a> <!-- verifyPBRNetPresentvalueCONTRACTUAL -->
                  <span class="method-name">verifyPBRNetPresentvalueCONTRACTUAL</span>
                  <div class="stack-trace">org.openqa.selenium.NoSuchElementException: no such element: Unable to locate element: {&quot;method&quot;:&quot;xpath&quot;,&quot;selector&quot;:&quot;//td[text()=&apos;Cash IN Project after actualization&apos;]//following-sibling::td[5]&quot;}
  (Session info: MicrosoftEdge=106.0.1370.42)
For documentation on this error, please visit: https://www.seleniumhq.org/exceptions/no_such_element.html
Build info: version: &apos;3.141.59&apos;, revision: &apos;e82be7d358&apos;, time: &apos;2018-11-14T08:17:03&apos;
System info: host: &apos;LT095011&apos;, ip: &apos;10.156.164.22&apos;, os.name: &apos;Windows 10&apos;, os.arch: &apos;amd64&apos;, os.version: &apos;10.0&apos;, java.version: &apos;16.0.1&apos;
Driver info: org.openqa.selenium.edge.EdgeDriver
Capabilities {acceptInsecureCerts: false, browserName: msedge, browserVersion: 106.0.1370.42, javascriptEnabled: true, ms:edgeOptions: {debuggerAddress: localhost:63921}, msedge: {msedgedriverVersion: 106.0.1370.42 (01c826627559..., userDataDir: C:\Users\J8994868\AppData\L...}, networkConnectionEnabled: false, pageLoadStrategy: normal, platform: WINDOWS, platformName: WINDOWS, proxy: Proxy(), setWindowRect: true, strictFileInteractability: false, timeouts: {implicit: 0, pageLoad: 300000, script: 30000}, unhandledPromptBehavior: dismiss and notify, webauthn:extension:credBlob: true, webauthn:extension:largeBlob: true, webauthn:virtualAuthenticators: true}
Session ID: 0ac08c87d2375d692eba433fe79a3d95
*** Element info: {Using=xpath, value=//td[text()=&apos;Cash IN Project after actualization&apos;]//following-sibling::td[5]}
	at org.openqa.selenium.remote.http.W3CHttpResponseCodec.createException(W3CHttpResponseCodec.java:187)
	at org.openqa.selenium.remote.http.W3CHttpResponseCodec.decode(W3CHttpResponseCodec.java:122)
	at org.openqa.selenium.remote.http.W3CHttpResponseCodec.decode(W3CHttpResponseCodec.java:49)
	at org.openqa.selenium.remote.HttpCommandExecutor.execute(HttpCommandExecutor.java:158)
	at org.openqa.selenium.remote.service.DriverCommandExecutor.execute(DriverCommandExecutor.java:83)
	at org.openqa.selenium.remote.RemoteWebDriver.execute(RemoteWebDriver.java:552)
	at org.openqa.selenium.remote.RemoteWebDriver.findElement(RemoteWebDriver.java:323)
	at org.openqa.selenium.remote.RemoteWebDriver.findElementByXPath(RemoteWebDriver.java:428)
	at org.openqa.selenium.By$ByXPath.findElement(By.java:353)
	at org.openqa.selenium.remote.RemoteWebDriver.findElement(RemoteWebDriver.java:315)
	at Com.SPB.PageObjects.CashSimulation.readCashINProjectafteractualization21(CashSimulation.java:1078)
	at Com.SPB.test.VerifyCashSimulation.verifyPBRNetPresentvalueCONTRACTUAL(VerifyCashSimulation.java:1081)
... Removed 29 stack frames
</div> <!-- stack-trace -->
                </div> <!-- method-content -->
              </div> <!-- method -->
              <div class="method">
                <div class="method-content">
                  <a name="verifyPBRNetPresentvalueREAL">
                  </a> <!-- verifyPBRNetPresentvalueREAL -->
                  <span class="method-name">verifyPBRNetPresentvalueREAL</span>
                  <div class="stack-trace">org.openqa.selenium.NoSuchElementException: no such element: Unable to locate element: {&quot;method&quot;:&quot;xpath&quot;,&quot;selector&quot;:&quot;//td[text()=&apos;Cash IN Project after actualization&apos;]//following-sibling::td[5]&quot;}
  (Session info: MicrosoftEdge=106.0.1370.42)
For documentation on this error, please visit: https://www.seleniumhq.org/exceptions/no_such_element.html
Build info: version: &apos;3.141.59&apos;, revision: &apos;e82be7d358&apos;, time: &apos;2018-11-14T08:17:03&apos;
System info: host: &apos;LT095011&apos;, ip: &apos;10.156.164.22&apos;, os.name: &apos;Windows 10&apos;, os.arch: &apos;amd64&apos;, os.version: &apos;10.0&apos;, java.version: &apos;16.0.1&apos;
Driver info: org.openqa.selenium.edge.EdgeDriver
Capabilities {acceptInsecureCerts: false, browserName: msedge, browserVersion: 106.0.1370.42, javascriptEnabled: true, ms:edgeOptions: {debuggerAddress: localhost:63921}, msedge: {msedgedriverVersion: 106.0.1370.42 (01c826627559..., userDataDir: C:\Users\J8994868\AppData\L...}, networkConnectionEnabled: false, pageLoadStrategy: normal, platform: WINDOWS, platformName: WINDOWS, proxy: Proxy(), setWindowRect: true, strictFileInteractability: false, timeouts: {implicit: 0, pageLoad: 300000, script: 30000}, unhandledPromptBehavior: dismiss and notify, webauthn:extension:credBlob: true, webauthn:extension:largeBlob: true, webauthn:virtualAuthenticators: true}
Session ID: 0ac08c87d2375d692eba433fe79a3d95
*** Element info: {Using=xpath, value=//td[text()=&apos;Cash IN Project after actualization&apos;]//following-sibling::td[5]}
	at org.openqa.selenium.remote.http.W3CHttpResponseCodec.createException(W3CHttpResponseCodec.java:187)
	at org.openqa.selenium.remote.http.W3CHttpResponseCodec.decode(W3CHttpResponseCodec.java:122)
	at org.openqa.selenium.remote.http.W3CHttpResponseCodec.decode(W3CHttpResponseCodec.java:49)
	at org.openqa.selenium.remote.HttpCommandExecutor.execute(HttpCommandExecutor.java:158)
	at org.openqa.selenium.remote.service.DriverCommandExecutor.execute(DriverCommandExecutor.java:83)
	at org.openqa.selenium.remote.RemoteWebDriver.execute(RemoteWebDriver.java:552)
	at org.openqa.selenium.remote.RemoteWebDriver.findElement(RemoteWebDriver.java:323)
	at org.openqa.selenium.remote.RemoteWebDriver.findElementByXPath(RemoteWebDriver.java:428)
	at org.openqa.selenium.By$ByXPath.findElement(By.java:353)
	at org.openqa.selenium.remote.RemoteWebDriver.findElement(RemoteWebDriver.java:315)
	at Com.SPB.PageObjects.CashSimulation.readCashINProjectafteractualization21(CashSimulation.java:1078)
	at Com.SPB.test.VerifyCashSimulation.verifyPBRNetPresentvalueREAL(VerifyCashSimulation.java:1124)
... Removed 29 stack frames
</div> <!-- stack-trace -->
                </div> <!-- method-content -->
              </div> <!-- method -->
              <div class="method">
                <div class="method-content">
                  <a name="verifyQuantityPandL">
                  </a> <!-- verifyQuantityPandL -->
                  <span class="method-name">verifyQuantityPandL</span>
                  <div class="stack-trace">org.openqa.selenium.NoSuchElementException: no such element: Unable to locate element: {&quot;method&quot;:&quot;xpath&quot;,&quot;selector&quot;:&quot;//td[text()=&apos;Quantity P&amp;L&apos;]//following-sibling::td[text()=&apos; BL&apos;]//following-sibling::td[4]&quot;}
  (Session info: MicrosoftEdge=106.0.1370.42)
For documentation on this error, please visit: https://www.seleniumhq.org/exceptions/no_such_element.html
Build info: version: &apos;3.141.59&apos;, revision: &apos;e82be7d358&apos;, time: &apos;2018-11-14T08:17:03&apos;
System info: host: &apos;LT095011&apos;, ip: &apos;10.156.164.22&apos;, os.name: &apos;Windows 10&apos;, os.arch: &apos;amd64&apos;, os.version: &apos;10.0&apos;, java.version: &apos;16.0.1&apos;
Driver info: org.openqa.selenium.edge.EdgeDriver
Capabilities {acceptInsecureCerts: false, browserName: msedge, browserVersion: 106.0.1370.42, javascriptEnabled: true, ms:edgeOptions: {debuggerAddress: localhost:63921}, msedge: {msedgedriverVersion: 106.0.1370.42 (01c826627559..., userDataDir: C:\Users\J8994868\AppData\L...}, networkConnectionEnabled: false, pageLoadStrategy: normal, platform: WINDOWS, platformName: WINDOWS, proxy: Proxy(), setWindowRect: true, strictFileInteractability: false, timeouts: {implicit: 0, pageLoad: 300000, script: 30000}, unhandledPromptBehavior: dismiss and notify, webauthn:extension:credBlob: true, webauthn:extension:largeBlob: true, webauthn:virtualAuthenticators: true}
Session ID: 0ac08c87d2375d692eba433fe79a3d95
*** Element info: {Using=xpath, value=//td[text()=&apos;Quantity P&amp;L&apos;]//following-sibling::td[text()=&apos; BL&apos;]//following-sibling::td[4]}
	at org.openqa.selenium.remote.http.W3CHttpResponseCodec.createException(W3CHttpResponseCodec.java:187)
	at org.openqa.selenium.remote.http.W3CHttpResponseCodec.decode(W3CHttpResponseCodec.java:122)
	at org.openqa.selenium.remote.http.W3CHttpResponseCodec.decode(W3CHttpResponseCodec.java:49)
	at org.openqa.selenium.remote.HttpCommandExecutor.execute(HttpCommandExecutor.java:158)
	at org.openqa.selenium.remote.service.DriverCommandExecutor.execute(DriverCommandExecutor.java:83)
	at org.openqa.selenium.remote.RemoteWebDriver.execute(RemoteWebDriver.java:552)
	at org.openqa.selenium.remote.RemoteWebDriver.findElement(RemoteWebDriver.java:323)
	at org.openqa.selenium.remote.RemoteWebDriver.findElementByXPath(RemoteWebDriver.java:428)
	at org.openqa.selenium.By$ByXPath.findElement(By.java:353)
	at org.openqa.selenium.remote.RemoteWebDriver.findElement(RemoteWebDriver.java:315)
	at Com.SPB.PageObjects.CashSimulation.readQuantityPandL(CashSimulation.java:133)
	at Com.SPB.test.VerifyCashSimulation.verifyQuantityPandL(VerifyCashSimulation.java:152)
... Removed 29 stack frames
</div> <!-- stack-trace -->
                </div> <!-- method-content -->
              </div> <!-- method -->
            </div> <!-- main-panel-content rounded-window-bottom -->
          </div> <!-- suite-Price_Builder_Test_Result-class-failed -->
          <div class="suite-Price_Builder_Test_Result-class-failed">
            <div class="main-panel-header rounded-window-top">
              <img src="failed.png"/>
              <span class="class-name">Com.SPB.test.VerifyAdministration</span>
            </div> <!-- main-panel-header rounded-window-top -->
            <div class="main-panel-content rounded-window-bottom">
              <div class="method">
                <div class="method-content">
                  <a name="ActionDelete">
                  </a> <!-- ActionDelete -->
                  <span class="method-name">ActionDelete</span>
                  <div class="stack-trace">org.openqa.selenium.NoSuchElementException: no such element: Unable to locate element: {&quot;method&quot;:&quot;xpath&quot;,&quot;selector&quot;:&quot;(//td[text()=&apos;Kanchan&apos;])[1]//following-sibling::td//span[text()=&apos;Action&apos;]&quot;}
  (Session info: MicrosoftEdge=106.0.1370.42)
For documentation on this error, please visit: https://www.seleniumhq.org/exceptions/no_such_element.html
Build info: version: &apos;3.141.59&apos;, revision: &apos;e82be7d358&apos;, time: &apos;2018-11-14T08:17:03&apos;
System info: host: &apos;LT095011&apos;, ip: &apos;10.156.164.22&apos;, os.name: &apos;Windows 10&apos;, os.arch: &apos;amd64&apos;, os.version: &apos;10.0&apos;, java.version: &apos;16.0.1&apos;
Driver info: org.openqa.selenium.edge.EdgeDriver
Capabilities {acceptInsecureCerts: false, browserName: msedge, browserVersion: 106.0.1370.42, javascriptEnabled: true, ms:edgeOptions: {debuggerAddress: localhost:63707}, msedge: {msedgedriverVersion: 106.0.1370.42 (01c826627559..., userDataDir: C:\Users\J8994868\AppData\L...}, networkConnectionEnabled: false, pageLoadStrategy: normal, platform: WINDOWS, platformName: WINDOWS, proxy: Proxy(), setWindowRect: true, strictFileInteractability: false, timeouts: {implicit: 0, pageLoad: 300000, script: 30000}, unhandledPromptBehavior: dismiss and notify, webauthn:extension:credBlob: true, webauthn:extension:largeBlob: true, webauthn:virtualAuthenticators: true}
Session ID: fd28a726a9fccb2f9e835658a6b1d21a
*** Element info: {Using=xpath, value=(//td[text()=&apos;Kanchan&apos;])[1]//following-sibling::td//span[text()=&apos;Action&apos;]}
	at org.openqa.selenium.remote.http.W3CHttpResponseCodec.createException(W3CHttpResponseCodec.java:187)
	at org.openqa.selenium.remote.http.W3CHttpResponseCodec.decode(W3CHttpResponseCodec.java:122)
	at org.openqa.selenium.remote.http.W3CHttpResponseCodec.decode(W3CHttpResponseCodec.java:49)
	at org.openqa.selenium.remote.HttpCommandExecutor.execute(HttpCommandExecutor.java:158)
	at org.openqa.selenium.remote.service.DriverCommandExecutor.execute(DriverCommandExecutor.java:83)
	at org.openqa.selenium.remote.RemoteWebDriver.execute(RemoteWebDriver.java:552)
	at org.openqa.selenium.remote.RemoteWebDriver.findElement(RemoteWebDriver.java:323)
	at org.openqa.selenium.remote.RemoteWebDriver.findElementByXPath(RemoteWebDriver.java:428)
	at org.openqa.selenium.By$ByXPath.findElement(By.java:353)
	at org.openqa.selenium.remote.RemoteWebDriver.findElement(RemoteWebDriver.java:315)
	at Com.SPB.PageObjects.Administration.ActionbuttonDelete(Administration.java:240)
	at Com.SPB.test.VerifyAdministration.ActionDelete(VerifyAdministration.java:106)
... Removed 29 stack frames
</div> <!-- stack-trace -->
                </div> <!-- method-content -->
              </div> <!-- method -->
              <div class="method">
                <div class="method-content">
                  <a name="ActionEdit">
                  </a> <!-- ActionEdit -->
                  <span class="method-name">ActionEdit</span>
                  <div class="stack-trace">org.openqa.selenium.NoSuchElementException: no such element: Unable to locate element: {&quot;method&quot;:&quot;xpath&quot;,&quot;selector&quot;:&quot;(//td[text()=&apos;Kanchan&apos;])[1]//following-sibling::td//span[text()=&apos;Action&apos;]&quot;}
  (Session info: MicrosoftEdge=106.0.1370.42)
For documentation on this error, please visit: https://www.seleniumhq.org/exceptions/no_such_element.html
Build info: version: &apos;3.141.59&apos;, revision: &apos;e82be7d358&apos;, time: &apos;2018-11-14T08:17:03&apos;
System info: host: &apos;LT095011&apos;, ip: &apos;10.156.164.22&apos;, os.name: &apos;Windows 10&apos;, os.arch: &apos;amd64&apos;, os.version: &apos;10.0&apos;, java.version: &apos;16.0.1&apos;
Driver info: org.openqa.selenium.edge.EdgeDriver
Capabilities {acceptInsecureCerts: false, browserName: msedge, browserVersion: 106.0.1370.42, javascriptEnabled: true, ms:edgeOptions: {debuggerAddress: localhost:63707}, msedge: {msedgedriverVersion: 106.0.1370.42 (01c826627559..., userDataDir: C:\Users\J8994868\AppData\L...}, networkConnectionEnabled: false, pageLoadStrategy: normal, platform: WINDOWS, platformName: WINDOWS, proxy: Proxy(), setWindowRect: true, strictFileInteractability: false, timeouts: {implicit: 0, pageLoad: 300000, script: 30000}, unhandledPromptBehavior: dismiss and notify, webauthn:extension:credBlob: true, webauthn:extension:largeBlob: true, webauthn:virtualAuthenticators: true}
Session ID: fd28a726a9fccb2f9e835658a6b1d21a
*** Element info: {Using=xpath, value=(//td[text()=&apos;Kanchan&apos;])[1]//following-sibling::td//span[text()=&apos;Action&apos;]}
	at org.openqa.selenium.remote.http.W3CHttpResponseCodec.createException(W3CHttpResponseCodec.java:187)
	at org.openqa.selenium.remote.http.W3CHttpResponseCodec.decode(W3CHttpResponseCodec.java:122)
	at org.openqa.selenium.remote.http.W3CHttpResponseCodec.decode(W3CHttpResponseCodec.java:49)
	at org.openqa.selenium.remote.HttpCommandExecutor.execute(HttpCommandExecutor.java:158)
	at org.openqa.selenium.remote.service.DriverCommandExecutor.execute(DriverCommandExecutor.java:83)
	at org.openqa.selenium.remote.RemoteWebDriver.execute(RemoteWebDriver.java:552)
	at org.openqa.selenium.remote.RemoteWebDriver.findElement(RemoteWebDriver.java:323)
	at org.openqa.selenium.remote.RemoteWebDriver.findElementByXPath(RemoteWebDriver.java:428)
	at org.openqa.selenium.By$ByXPath.findElement(By.java:353)
	at org.openqa.selenium.remote.RemoteWebDriver.findElement(RemoteWebDriver.java:315)
	at Com.SPB.PageObjects.Administration.ActionbuttonEdit(Administration.java:217)
	at Com.SPB.test.VerifyAdministration.ActionEdit(VerifyAdministration.java:78)
... Removed 29 stack frames
</div> <!-- stack-trace -->
                </div> <!-- method-content -->
              </div> <!-- method -->
              <div class="method">
                <div class="method-content">
                  <a name="AddUser">
                  </a> <!-- AddUser -->
                  <span class="method-name">AddUser</span>
                  <div class="stack-trace">org.openqa.selenium.NoSuchElementException: no such element: Unable to locate element: {&quot;method&quot;:&quot;xpath&quot;,&quot;selector&quot;:&quot;//span[@class=&apos;ng-tns-c1-21 ng-star-inserted&apos; and text()=&apos;User&apos;]&quot;}
  (Session info: MicrosoftEdge=106.0.1370.42)
For documentation on this error, please visit: https://www.seleniumhq.org/exceptions/no_such_element.html
Build info: version: &apos;3.141.59&apos;, revision: &apos;e82be7d358&apos;, time: &apos;2018-11-14T08:17:03&apos;
System info: host: &apos;LT095011&apos;, ip: &apos;10.156.164.22&apos;, os.name: &apos;Windows 10&apos;, os.arch: &apos;amd64&apos;, os.version: &apos;10.0&apos;, java.version: &apos;16.0.1&apos;
Driver info: org.openqa.selenium.edge.EdgeDriver
Capabilities {acceptInsecureCerts: false, browserName: msedge, browserVersion: 106.0.1370.42, javascriptEnabled: true, ms:edgeOptions: {debuggerAddress: localhost:63707}, msedge: {msedgedriverVersion: 106.0.1370.42 (01c826627559..., userDataDir: C:\Users\J8994868\AppData\L...}, networkConnectionEnabled: false, pageLoadStrategy: normal, platform: WINDOWS, platformName: WINDOWS, proxy: Proxy(), setWindowRect: true, strictFileInteractability: false, timeouts: {implicit: 0, pageLoad: 300000, script: 30000}, unhandledPromptBehavior: dismiss and notify, webauthn:extension:credBlob: true, webauthn:extension:largeBlob: true, webauthn:virtualAuthenticators: true}
Session ID: fd28a726a9fccb2f9e835658a6b1d21a
*** Element info: {Using=xpath, value=//span[@class=&apos;ng-tns-c1-21 ng-star-inserted&apos; and text()=&apos;User&apos;]}
	at org.openqa.selenium.remote.http.W3CHttpResponseCodec.createException(W3CHttpResponseCodec.java:187)
	at org.openqa.selenium.remote.http.W3CHttpResponseCodec.decode(W3CHttpResponseCodec.java:122)
	at org.openqa.selenium.remote.http.W3CHttpResponseCodec.decode(W3CHttpResponseCodec.java:49)
	at org.openqa.selenium.remote.HttpCommandExecutor.execute(HttpCommandExecutor.java:158)
	at org.openqa.selenium.remote.service.DriverCommandExecutor.execute(DriverCommandExecutor.java:83)
	at org.openqa.selenium.remote.RemoteWebDriver.execute(RemoteWebDriver.java:552)
	at org.openqa.selenium.remote.RemoteWebDriver.findElement(RemoteWebDriver.java:323)
	at org.openqa.selenium.remote.RemoteWebDriver.findElementByXPath(RemoteWebDriver.java:428)
	at org.openqa.selenium.By$ByXPath.findElement(By.java:353)
	at org.openqa.selenium.remote.RemoteWebDriver.findElement(RemoteWebDriver.java:315)
	at Com.SPB.PageObjects.Administration.CreateUser(Administration.java:139)
	at Com.SPB.test.VerifyAdministration.AddUser(VerifyAdministration.java:34)
... Removed 29 stack frames
</div> <!-- stack-trace -->
                </div> <!-- method-content -->
              </div> <!-- method -->
              <div class="method">
                <div class="method-content">
                  <a name="SearchUser">
                  </a> <!-- SearchUser -->
                  <span class="method-name">SearchUser</span>
                  <div class="stack-trace">org.openqa.selenium.NoSuchElementException: no such element: Unable to locate element: {&quot;method&quot;:&quot;xpath&quot;,&quot;selector&quot;:&quot;(//td[text()=&apos;Kanchan&apos;])[1]//following-sibling::td//span[text()=&apos;Action&apos;]&quot;}
  (Session info: MicrosoftEdge=106.0.1370.42)
For documentation on this error, please visit: https://www.seleniumhq.org/exceptions/no_such_element.html
Build info: version: &apos;3.141.59&apos;, revision: &apos;e82be7d358&apos;, time: &apos;2018-11-14T08:17:03&apos;
System info: host: &apos;LT095011&apos;, ip: &apos;10.156.164.22&apos;, os.name: &apos;Windows 10&apos;, os.arch: &apos;amd64&apos;, os.version: &apos;10.0&apos;, java.version: &apos;16.0.1&apos;
Driver info: org.openqa.selenium.edge.EdgeDriver
Capabilities {acceptInsecureCerts: false, browserName: msedge, browserVersion: 106.0.1370.42, javascriptEnabled: true, ms:edgeOptions: {debuggerAddress: localhost:63707}, msedge: {msedgedriverVersion: 106.0.1370.42 (01c826627559..., userDataDir: C:\Users\J8994868\AppData\L...}, networkConnectionEnabled: false, pageLoadStrategy: normal, platform: WINDOWS, platformName: WINDOWS, proxy: Proxy(), setWindowRect: true, strictFileInteractability: false, timeouts: {implicit: 0, pageLoad: 300000, script: 30000}, unhandledPromptBehavior: dismiss and notify, webauthn:extension:credBlob: true, webauthn:extension:largeBlob: true, webauthn:virtualAuthenticators: true}
Session ID: fd28a726a9fccb2f9e835658a6b1d21a
*** Element info: {Using=xpath, value=(//td[text()=&apos;Kanchan&apos;])[1]//following-sibling::td//span[text()=&apos;Action&apos;]}
	at org.openqa.selenium.remote.http.W3CHttpResponseCodec.createException(W3CHttpResponseCodec.java:187)
	at org.openqa.selenium.remote.http.W3CHttpResponseCodec.decode(W3CHttpResponseCodec.java:122)
	at org.openqa.selenium.remote.http.W3CHttpResponseCodec.decode(W3CHttpResponseCodec.java:49)
	at org.openqa.selenium.remote.HttpCommandExecutor.execute(HttpCommandExecutor.java:158)
	at org.openqa.selenium.remote.service.DriverCommandExecutor.execute(DriverCommandExecutor.java:83)
	at org.openqa.selenium.remote.RemoteWebDriver.execute(RemoteWebDriver.java:552)
	at org.openqa.selenium.remote.RemoteWebDriver.findElement(RemoteWebDriver.java:323)
	at org.openqa.selenium.remote.RemoteWebDriver.findElementByXPath(RemoteWebDriver.java:428)
	at org.openqa.selenium.By$ByXPath.findElement(By.java:353)
	at org.openqa.selenium.remote.RemoteWebDriver.findElement(RemoteWebDriver.java:315)
	at Com.SPB.PageObjects.Administration.GlobalSearchUser(Administration.java:201)
	at Com.SPB.test.VerifyAdministration.SearchUser(VerifyAdministration.java:63)
... Removed 29 stack frames
</div> <!-- stack-trace -->
                </div> <!-- method-content -->
              </div> <!-- method -->
            </div> <!-- main-panel-content rounded-window-bottom -->
          </div> <!-- suite-Price_Builder_Test_Result-class-failed -->
          <div class="suite-Price_Builder_Test_Result-class-failed">
            <div class="main-panel-header rounded-window-top">
              <img src="failed.png"/>
              <span class="class-name">Com.SPB.test.VerifyVersionCreation</span>
            </div> <!-- main-panel-header rounded-window-top -->
            <div class="main-panel-content rounded-window-bottom">
              <div class="method">
                <div class="method-content">
                  <a name="VerifyVersionCreation">
                  </a> <!-- VerifyVersionCreation -->
                  <span class="method-name">VerifyVersionCreation</span>
                  <div class="stack-trace">org.openqa.selenium.NoSuchElementException: no such element: Unable to locate element: {&quot;method&quot;:&quot;xpath&quot;,&quot;selector&quot;:&quot;//span[text()=&apos;VersionCreation&apos;]&quot;}
  (Session info: MicrosoftEdge=106.0.1370.42)
For documentation on this error, please visit: https://www.seleniumhq.org/exceptions/no_such_element.html
Build info: version: &apos;3.141.59&apos;, revision: &apos;e82be7d358&apos;, time: &apos;2018-11-14T08:17:03&apos;
System info: host: &apos;LT095011&apos;, ip: &apos;10.156.164.22&apos;, os.name: &apos;Windows 10&apos;, os.arch: &apos;amd64&apos;, os.version: &apos;10.0&apos;, java.version: &apos;16.0.1&apos;
Driver info: org.openqa.selenium.edge.EdgeDriver
Capabilities {acceptInsecureCerts: false, browserName: msedge, browserVersion: 106.0.1370.42, javascriptEnabled: true, ms:edgeOptions: {debuggerAddress: localhost:60284}, msedge: {msedgedriverVersion: 106.0.1370.42 (01c826627559..., userDataDir: C:\Users\J8994868\AppData\L...}, networkConnectionEnabled: false, pageLoadStrategy: normal, platform: WINDOWS, platformName: WINDOWS, proxy: Proxy(), setWindowRect: true, strictFileInteractability: false, timeouts: {implicit: 0, pageLoad: 300000, script: 30000}, unhandledPromptBehavior: dismiss and notify, webauthn:extension:credBlob: true, webauthn:extension:largeBlob: true, webauthn:virtualAuthenticators: true}
Session ID: 3c391d85a1e5420bc20788280a53dac4
*** Element info: {Using=xpath, value=//span[text()=&apos;VersionCreation&apos;]}
	at org.openqa.selenium.remote.http.W3CHttpResponseCodec.createException(W3CHttpResponseCodec.java:187)
	at org.openqa.selenium.remote.http.W3CHttpResponseCodec.decode(W3CHttpResponseCodec.java:122)
	at org.openqa.selenium.remote.http.W3CHttpResponseCodec.decode(W3CHttpResponseCodec.java:49)
	at org.openqa.selenium.remote.HttpCommandExecutor.execute(HttpCommandExecutor.java:158)
	at org.openqa.selenium.remote.service.DriverCommandExecutor.execute(DriverCommandExecutor.java:83)
	at org.openqa.selenium.remote.RemoteWebDriver.execute(RemoteWebDriver.java:552)
	at org.openqa.selenium.remote.RemoteWebDriver.findElement(RemoteWebDriver.java:323)
	at org.openqa.selenium.remote.RemoteWebDriver.findElementByXPath(RemoteWebDriver.java:428)
	at org.openqa.selenium.By$ByXPath.findElement(By.java:353)
	at org.openqa.selenium.remote.RemoteWebDriver.findElement(RemoteWebDriver.java:315)
	at Com.SPB.PageObjects.ProjectDashboard.selectscenarioVersion(ProjectDashboard.java:231)
	at Com.SPB.test.VerifyVersionCreation.VerifyVersionCreation(VerifyVersionCreation.java:32)
... Removed 29 stack frames
</div> <!-- stack-trace -->
                </div> <!-- method-content -->
              </div> <!-- method -->
            </div> <!-- main-panel-content rounded-window-bottom -->
          </div> <!-- suite-Price_Builder_Test_Result-class-failed -->
          <div class="suite-Price_Builder_Test_Result-class-failed">
            <div class="main-panel-header rounded-window-top">
              <img src="failed.png"/>
              <span class="class-name">Com.SPB.test.VerifyScenarioFunctions</span>
            </div> <!-- main-panel-header rounded-window-top -->
            <div class="main-panel-content rounded-window-bottom">
              <div class="method">
                <div class="method-content">
                  <a name="VerifyArchievescenario">
                  </a> <!-- VerifyArchievescenario -->
                  <span class="method-name">VerifyArchievescenario</span>
                  <div class="stack-trace">java.lang.AssertionError: expected [true] but found [false]
	at Com.SPB.Commands.ActionDriver.verificationByAssert(ActionDriver.java:110)
	at Com.SPB.test.VerifyScenarioFunctions.VerifyArchievescenario(VerifyScenarioFunctions.java:116)
... Removed 29 stack frames
</div> <!-- stack-trace -->
                </div> <!-- method-content -->
              </div> <!-- method -->
            </div> <!-- main-panel-content rounded-window-bottom -->
          </div> <!-- suite-Price_Builder_Test_Result-class-failed -->
          <div class="suite-Price_Builder_Test_Result-class-failed">
            <div class="main-panel-header rounded-window-top">
              <img src="failed.png"/>
              <span class="class-name">Com.SPB.test.VerifyBundle</span>
            </div> <!-- main-panel-header rounded-window-top -->
            <div class="main-panel-content rounded-window-bottom">
              <div class="method">
                <div class="method-content">
                  <a name="VerifyscenariosSelect">
                  </a> <!-- VerifyscenariosSelect -->
                  <span class="method-name">VerifyscenariosSelect</span>
                  <div class="stack-trace">org.openqa.selenium.NoSuchElementException: no such element: Unable to locate element: {&quot;method&quot;:&quot;xpath&quot;,&quot;selector&quot;:&quot;(//span[text()=&apos;Open&apos;])[4]&quot;}
  (Session info: MicrosoftEdge=106.0.1370.42)
For documentation on this error, please visit: https://www.seleniumhq.org/exceptions/no_such_element.html
Build info: version: &apos;3.141.59&apos;, revision: &apos;e82be7d358&apos;, time: &apos;2018-11-14T08:17:03&apos;
System info: host: &apos;LT095011&apos;, ip: &apos;10.156.164.22&apos;, os.name: &apos;Windows 10&apos;, os.arch: &apos;amd64&apos;, os.version: &apos;10.0&apos;, java.version: &apos;16.0.1&apos;
Driver info: org.openqa.selenium.edge.EdgeDriver
Capabilities {acceptInsecureCerts: false, browserName: msedge, browserVersion: 106.0.1370.42, javascriptEnabled: true, ms:edgeOptions: {debuggerAddress: localhost:60653}, msedge: {msedgedriverVersion: 106.0.1370.42 (01c826627559..., userDataDir: C:\Users\J8994868\AppData\L...}, networkConnectionEnabled: false, pageLoadStrategy: normal, platform: WINDOWS, platformName: WINDOWS, proxy: Proxy(), setWindowRect: true, strictFileInteractability: false, timeouts: {implicit: 0, pageLoad: 300000, script: 30000}, unhandledPromptBehavior: dismiss and notify, webauthn:extension:credBlob: true, webauthn:extension:largeBlob: true, webauthn:virtualAuthenticators: true}
Session ID: 9cedc08111f8e59e222c821db87020a1
*** Element info: {Using=xpath, value=(//span[text()=&apos;Open&apos;])[4]}
	at org.openqa.selenium.remote.http.W3CHttpResponseCodec.createException(W3CHttpResponseCodec.java:187)
	at org.openqa.selenium.remote.http.W3CHttpResponseCodec.decode(W3CHttpResponseCodec.java:122)
	at org.openqa.selenium.remote.http.W3CHttpResponseCodec.decode(W3CHttpResponseCodec.java:49)
	at org.openqa.selenium.remote.HttpCommandExecutor.execute(HttpCommandExecutor.java:158)
	at org.openqa.selenium.remote.service.DriverCommandExecutor.execute(DriverCommandExecutor.java:83)
	at org.openqa.selenium.remote.RemoteWebDriver.execute(RemoteWebDriver.java:552)
	at org.openqa.selenium.remote.RemoteWebDriver.findElement(RemoteWebDriver.java:323)
	at org.openqa.selenium.remote.RemoteWebDriver.findElementByXPath(RemoteWebDriver.java:428)
	at org.openqa.selenium.By$ByXPath.findElement(By.java:353)
	at org.openqa.selenium.remote.RemoteWebDriver.findElement(RemoteWebDriver.java:315)
	at Com.SPB.PageObjects.BundleOperations.verifyscenarios(BundleOperations.java:337)
	at Com.SPB.test.VerifyBundle.VerifyscenariosSelect(VerifyBundle.java:203)
... Removed 29 stack frames
</div> <!-- stack-trace -->
                </div> <!-- method-content -->
              </div> <!-- method -->
              <div class="method">
                <div class="method-content">
                  <a name="VerifyselectScenario">
                  </a> <!-- VerifyselectScenario -->
                  <span class="method-name">VerifyselectScenario</span>
                  <div class="stack-trace">org.openqa.selenium.ElementClickInterceptedException: element click intercepted: Element &lt;span aria-hidden=&quot;true&quot; class=&quot;ui-button-icon-left ui-clickable pi pi-caret-down&quot;&gt;&lt;/span&gt; is not clickable at point (1201, 388). Other element would receive the click: &lt;div class=&quot;ui-autocomplete-panel ui-widget ui-widget-content ui-corner-all ui-shadow ng-trigger ng-trigger-overlayAnimation ng-tns-c1-26 ng-star-inserted&quot; style=&quot;max-height: 200px; z-index: 1002; top: 31px; left: 0px; transform: translateY(0px); opacity: 1;&quot;&gt;...&lt;/div&gt;
  (Session info: MicrosoftEdge=106.0.1370.42)
Build info: version: &apos;3.141.59&apos;, revision: &apos;e82be7d358&apos;, time: &apos;2018-11-14T08:17:03&apos;
System info: host: &apos;LT095011&apos;, ip: &apos;10.156.164.22&apos;, os.name: &apos;Windows 10&apos;, os.arch: &apos;amd64&apos;, os.version: &apos;10.0&apos;, java.version: &apos;16.0.1&apos;
Driver info: org.openqa.selenium.edge.EdgeDriver
Capabilities {acceptInsecureCerts: false, browserName: msedge, browserVersion: 106.0.1370.42, javascriptEnabled: true, ms:edgeOptions: {debuggerAddress: localhost:60653}, msedge: {msedgedriverVersion: 106.0.1370.42 (01c826627559..., userDataDir: C:\Users\J8994868\AppData\L...}, networkConnectionEnabled: false, pageLoadStrategy: normal, platform: WINDOWS, platformName: WINDOWS, proxy: Proxy(), setWindowRect: true, strictFileInteractability: false, timeouts: {implicit: 0, pageLoad: 300000, script: 30000}, unhandledPromptBehavior: dismiss and notify, webauthn:extension:credBlob: true, webauthn:extension:largeBlob: true, webauthn:virtualAuthenticators: true}
Session ID: 9cedc08111f8e59e222c821db87020a1
	at org.openqa.selenium.remote.http.W3CHttpResponseCodec.createException(W3CHttpResponseCodec.java:187)
	at org.openqa.selenium.remote.http.W3CHttpResponseCodec.decode(W3CHttpResponseCodec.java:122)
	at org.openqa.selenium.remote.http.W3CHttpResponseCodec.decode(W3CHttpResponseCodec.java:49)
	at org.openqa.selenium.remote.HttpCommandExecutor.execute(HttpCommandExecutor.java:158)
	at org.openqa.selenium.remote.service.DriverCommandExecutor.execute(DriverCommandExecutor.java:83)
	at org.openqa.selenium.remote.RemoteWebDriver.execute(RemoteWebDriver.java:552)
	at org.openqa.selenium.remote.RemoteWebElement.execute(RemoteWebElement.java:285)
	at org.openqa.selenium.remote.RemoteWebElement.click(RemoteWebElement.java:84)
	at Com.SPB.PageObjects.BundleOperations.selectScenarios(BundleOperations.java:288)
	at Com.SPB.test.VerifyBundle.VerifyselectScenario(VerifyBundle.java:186)
... Removed 30 stack frames
</div> <!-- stack-trace -->
                </div> <!-- method-content -->
              </div> <!-- method -->
            </div> <!-- main-panel-content rounded-window-bottom -->
          </div> <!-- suite-Price_Builder_Test_Result-class-failed -->
          <div class="suite-Price_Builder_Test_Result-class-failed">
            <div class="main-panel-header rounded-window-top">
              <img src="failed.png"/>
              <span class="class-name">Com.SPB.test.GlassPositionIndicator</span>
            </div> <!-- main-panel-header rounded-window-top -->
            <div class="main-panel-content rounded-window-bottom">
              <div class="method">
                <div class="method-content">
                  <a name="verifyGlassPositionIndicators">
                  </a> <!-- verifyGlassPositionIndicators -->
                  <span class="method-name">verifyGlassPositionIndicators</span>
                  <div class="stack-trace">org.openqa.selenium.NoSuchElementException: no such element: Unable to locate element: {&quot;method&quot;:&quot;xpath&quot;,&quot;selector&quot;:&quot;//span[text()=&apos; EM &apos;]//following-sibling::span[@class=&apos;item-right-orange&apos;]&quot;}
  (Session info: MicrosoftEdge=106.0.1370.42)
For documentation on this error, please visit: https://www.seleniumhq.org/exceptions/no_such_element.html
Build info: version: &apos;3.141.59&apos;, revision: &apos;e82be7d358&apos;, time: &apos;2018-11-14T08:17:03&apos;
System info: host: &apos;LT095011&apos;, ip: &apos;10.156.164.22&apos;, os.name: &apos;Windows 10&apos;, os.arch: &apos;amd64&apos;, os.version: &apos;10.0&apos;, java.version: &apos;16.0.1&apos;
Driver info: org.openqa.selenium.edge.EdgeDriver
Capabilities {acceptInsecureCerts: false, browserName: msedge, browserVersion: 106.0.1370.42, javascriptEnabled: true, ms:edgeOptions: {debuggerAddress: localhost:59204}, msedge: {msedgedriverVersion: 106.0.1370.42 (01c826627559..., userDataDir: C:\Users\J8994868\AppData\L...}, networkConnectionEnabled: false, pageLoadStrategy: normal, platform: WINDOWS, platformName: WINDOWS, proxy: Proxy(), setWindowRect: true, strictFileInteractability: false, timeouts: {implicit: 0, pageLoad: 300000, script: 30000}, unhandledPromptBehavior: dismiss and notify, webauthn:extension:credBlob: true, webauthn:extension:largeBlob: true, webauthn:virtualAuthenticators: true}
Session ID: 232051406bb1904f6bcb3a811d089d7c
*** Element info: {Using=xpath, value=//span[text()=&apos; EM &apos;]//following-sibling::span[@class=&apos;item-right-orange&apos;]}
	at org.openqa.selenium.remote.http.W3CHttpResponseCodec.createException(W3CHttpResponseCodec.java:187)
	at org.openqa.selenium.remote.http.W3CHttpResponseCodec.decode(W3CHttpResponseCodec.java:122)
	at org.openqa.selenium.remote.http.W3CHttpResponseCodec.decode(W3CHttpResponseCodec.java:49)
	at org.openqa.selenium.remote.HttpCommandExecutor.execute(HttpCommandExecutor.java:158)
	at org.openqa.selenium.remote.service.DriverCommandExecutor.execute(DriverCommandExecutor.java:83)
	at org.openqa.selenium.remote.RemoteWebDriver.execute(RemoteWebDriver.java:552)
	at org.openqa.selenium.remote.RemoteWebDriver.findElement(RemoteWebDriver.java:323)
	at org.openqa.selenium.remote.RemoteWebDriver.findElementByXPath(RemoteWebDriver.java:428)
	at org.openqa.selenium.By$ByXPath.findElement(By.java:353)
	at org.openqa.selenium.remote.RemoteWebDriver.findElement(RemoteWebDriver.java:315)
	at org.openqa.selenium.support.pagefactory.DefaultElementLocator.findElement(DefaultElementLocator.java:69)
	at org.openqa.selenium.support.pagefactory.internal.LocatingElementHandler.invoke(LocatingElementHandler.java:38)
	at jdk.proxy2/jdk.proxy2.$Proxy15.getText(Unknown Source)
	at Com.SPB.Commands.ActionDriver.GetText(ActionDriver.java:174)
	at Com.SPB.PageObjects.ProjectDashboard.readEM(ProjectDashboard.java:566)
	at Com.SPB.PageObjects.GlassPositionDashboard.readGlassPositionIndicators(GlassPositionDashboard.java:88)
	at Com.SPB.test.GlassPositionIndicator.verifyGlassPositionIndicators(GlassPositionIndicator.java:31)
... Removed 30 stack frames
</div> <!-- stack-trace -->
                </div> <!-- method-content -->
              </div> <!-- method -->
            </div> <!-- main-panel-content rounded-window-bottom -->
          </div> <!-- suite-Price_Builder_Test_Result-class-failed -->
          <div class="suite-Price_Builder_Test_Result-class-passed">
            <div class="main-panel-header rounded-window-top">
              <img src="passed.png"/>
              <span class="class-name">Com.SPB.test.VerifyHomePage</span>
            </div> <!-- main-panel-header rounded-window-top -->
            <div class="main-panel-content rounded-window-bottom">
              <div class="method">
                <div class="method-content">
                  <a name="VerifyAdminImage">
                  </a> <!-- VerifyAdminImage -->
                  <span class="method-name">VerifyAdminImage</span>
                </div> <!-- method-content -->
              </div> <!-- method -->
              <div class="method">
                <div class="method-content">
                  <a name="VerifyMyRFQImage">
                  </a> <!-- VerifyMyRFQImage -->
                  <span class="method-name">VerifyMyRFQImage</span>
                </div> <!-- method-content -->
              </div> <!-- method -->
              <div class="method">
                <div class="method-content">
                  <a name="VerifyNewRFQImage">
                  </a> <!-- VerifyNewRFQImage -->
                  <span class="method-name">VerifyNewRFQImage</span>
                </div> <!-- method-content -->
              </div> <!-- method -->
              <div class="method">
                <div class="method-content">
                  <a name="VerifyValidationImage">
                  </a> <!-- VerifyValidationImage -->
                  <span class="method-name">VerifyValidationImage</span>
                </div> <!-- method-content -->
              </div> <!-- method -->
            </div> <!-- main-panel-content rounded-window-bottom -->
          </div> <!-- suite-Price_Builder_Test_Result-class-passed -->
          <div class="suite-Price_Builder_Test_Result-class-passed">
            <div class="main-panel-header rounded-window-top">
              <img src="passed.png"/>
              <span class="class-name">Com.SPB.test.FinancialOverview</span>
            </div> <!-- main-panel-header rounded-window-top -->
            <div class="main-panel-content rounded-window-bottom">
              <div class="method">
                <div class="method-content">
                  <a name="VerifyProjectMVC">
                  </a> <!-- VerifyProjectMVC -->
                  <span class="method-name">VerifyProjectMVC</span>
                </div> <!-- method-content -->
              </div> <!-- method -->
              <div class="method">
                <div class="method-content">
                  <a name="VerifyProjectRBC">
                  </a> <!-- VerifyProjectRBC -->
                  <span class="method-name">VerifyProjectRBC</span>
                </div> <!-- method-content -->
              </div> <!-- method -->
              <div class="method">
                <div class="method-content">
                  <a name="verifyAddedValue">
                  </a> <!-- verifyAddedValue -->
                  <span class="method-name">verifyAddedValue</span>
                </div> <!-- method-content -->
              </div> <!-- method -->
              <div class="method">
                <div class="method-content">
                  <a name="verifyMVCGPNonPercentage">
                  </a> <!-- verifyMVCGPNonPercentage -->
                  <span class="method-name">verifyMVCGPNonPercentage</span>
                </div> <!-- method-content -->
              </div> <!-- method -->
              <div class="method">
                <div class="method-content">
                  <a name="verifyPricePce">
                  </a> <!-- verifyPricePce -->
                  <span class="method-name">verifyPricePce</span>
                </div> <!-- method-content -->
              </div> <!-- method -->
              <div class="method">
                <div class="method-content">
                  <a name="verifyRBCGPNonPercentage">
                  </a> <!-- verifyRBCGPNonPercentage -->
                  <span class="method-name">verifyRBCGPNonPercentage</span>
                </div> <!-- method-content -->
              </div> <!-- method -->
              <div class="method">
                <div class="method-content">
                  <a name="verifyRBEGPNonPercentage">
                  </a> <!-- verifyRBEGPNonPercentage -->
                  <span class="method-name">verifyRBEGPNonPercentage</span>
                </div> <!-- method-content -->
              </div> <!-- method -->
              <div class="method">
                <div class="method-content">
                  <a name="verifyVolume">
                  </a> <!-- verifyVolume -->
                  <span class="method-name">verifyVolume</span>
                </div> <!-- method-content -->
              </div> <!-- method -->
              <div class="method">
                <div class="method-content">
                  <a name="verifyY1">
                  </a> <!-- verifyY1 -->
                  <span class="method-name">verifyY1</span>
                </div> <!-- method-content -->
              </div> <!-- method -->
            </div> <!-- main-panel-content rounded-window-bottom -->
          </div> <!-- suite-Price_Builder_Test_Result-class-passed -->
          <div class="suite-Price_Builder_Test_Result-class-passed">
            <div class="main-panel-header rounded-window-top">
              <img src="passed.png"/>
              <span class="class-name">Com.SPB.test.Simulation</span>
            </div> <!-- main-panel-header rounded-window-top -->
            <div class="main-panel-content rounded-window-bottom">
              <div class="method">
                <div class="method-content">
                  <a name="VerifyPBR">
                  </a> <!-- VerifyPBR -->
                  <span class="method-name">VerifyPBR</span>
                </div> <!-- method-content -->
              </div> <!-- method -->
              <div class="method">
                <div class="method-content">
                  <a name="externalMarkupyears">
                  </a> <!-- externalMarkupyears -->
                  <span class="method-name">externalMarkupyears</span>
                </div> <!-- method-content -->
              </div> <!-- method -->
              <div class="method">
                <div class="method-content">
                  <a name="verifyAddedValue">
                  </a> <!-- verifyAddedValue -->
                  <span class="method-name">verifyAddedValue</span>
                </div> <!-- method-content -->
              </div> <!-- method -->
              <div class="method">
                <div class="method-content">
                  <a name="verifyCommonSurface">
                  </a> <!-- verifyCommonSurface -->
                  <span class="method-name">verifyCommonSurface</span>
                </div> <!-- method-content -->
              </div> <!-- method -->
              <div class="method">
                <div class="method-content">
                  <a name="verifyDevrev">
                  </a> <!-- verifyDevrev -->
                  <span class="method-name">verifyDevrev</span>
                </div> <!-- method-content -->
              </div> <!-- method -->
              <div class="method">
                <div class="method-content">
                  <a name="verifyMVCPercent">
                  </a> <!-- verifyMVCPercent -->
                  <span class="method-name">verifyMVCPercent</span>
                </div> <!-- method-content -->
              </div> <!-- method -->
              <div class="method">
                <div class="method-content">
                  <a name="verifyPNV">
                  </a> <!-- verifyPNV -->
                  <span class="method-name">verifyPNV</span>
                </div> <!-- method-content -->
              </div> <!-- method -->
              <div class="method">
                <div class="method-content">
                  <a name="verifyQuotedPrice">
                  </a> <!-- verifyQuotedPrice -->
                  <span class="method-name">verifyQuotedPrice</span>
                </div> <!-- method-content -->
              </div> <!-- method -->
              <div class="method">
                <div class="method-content">
                  <a name="verifyRBCPercent">
                  </a> <!-- verifyRBCPercent -->
                  <span class="method-name">verifyRBCPercent</span>
                </div> <!-- method-content -->
              </div> <!-- method -->
              <div class="method">
                <div class="method-content">
                  <a name="verifyTotalCost">
                  </a> <!-- verifyTotalCost -->
                  <span class="method-name">verifyTotalCost</span>
                </div> <!-- method-content -->
              </div> <!-- method -->
              <div class="method">
                <div class="method-content">
                  <a name="verifyYearlyQuantity">
                  </a> <!-- verifyYearlyQuantity -->
                  <span class="method-name">verifyYearlyQuantity</span>
                </div> <!-- method-content -->
              </div> <!-- method -->
            </div> <!-- main-panel-content rounded-window-bottom -->
          </div> <!-- suite-Price_Builder_Test_Result-class-passed -->
          <div class="suite-Price_Builder_Test_Result-class-passed">
            <div class="main-panel-header rounded-window-top">
              <img src="passed.png"/>
              <span class="class-name">Com.SPB.test.VerifyCashSimulation</span>
            </div> <!-- main-panel-header rounded-window-top -->
            <div class="main-panel-content rounded-window-bottom">
              <div class="method">
                <div class="method-content">
                  <a name="VerifyPNV2022">
                  </a> <!-- VerifyPNV2022 -->
                  <span class="method-name">VerifyPNV2022</span>
                </div> <!-- method-content -->
              </div> <!-- method -->
              <div class="method">
                <div class="method-content">
                  <a name="VerifyWCR">
                  </a> <!-- VerifyWCR -->
                  <span class="method-name">VerifyWCR</span>
                </div> <!-- method-content -->
              </div> <!-- method -->
              <div class="method">
                <div class="method-content">
                  <a name="VerifycostCashforOEM">
                  </a> <!-- VerifycostCashforOEM -->
                  <span class="method-name">VerifycostCashforOEM</span>
                </div> <!-- method-content -->
              </div> <!-- method -->
              <div class="method">
                <div class="method-content">
                  <a name="totalCashPRiceBeforeWCR">
                  </a> <!-- totalCashPRiceBeforeWCR -->
                  <span class="method-name">totalCashPRiceBeforeWCR</span>
                </div> <!-- method-content -->
              </div> <!-- method -->
              <div class="method">
                <div class="method-content">
                  <a name="verifyCashSimulationRedirection">
                  </a> <!-- verifyCashSimulationRedirection -->
                  <span class="method-name">verifyCashSimulationRedirection</span>
                </div> <!-- method-content -->
              </div> <!-- method -->
              <div class="method">
                <div class="method-content">
                  <a name="verifyDevelopmentRevenueLumpSum">
                  </a> <!-- verifyDevelopmentRevenueLumpSum -->
                  <span class="method-name">verifyDevelopmentRevenueLumpSum</span>
                </div> <!-- method-content -->
              </div> <!-- method -->
              <div class="method">
                <div class="method-content">
                  <a name="verifyFinancialfollowupRedirection">
                  </a> <!-- verifyFinancialfollowupRedirection -->
                  <span class="method-name">verifyFinancialfollowupRedirection</span>
                </div> <!-- method-content -->
              </div> <!-- method -->
              <div class="method">
                <div class="method-content">
                  <a name="verifyPandLCarproduction">
                  </a> <!-- verifyPandLCarproduction -->
                  <span class="method-name">verifyPandLCarproduction</span>
                </div> <!-- method-content -->
              </div> <!-- method -->
              <div class="method">
                <div class="method-content">
                  <a name="verifyQuotedPrice">
                  </a> <!-- verifyQuotedPrice -->
                  <span class="method-name">verifyQuotedPrice</span>
                </div> <!-- method-content -->
              </div> <!-- method -->
              <div class="method">
                <div class="method-content">
                  <a name="verifyRBEPERCENT">
                  </a> <!-- verifyRBEPERCENT -->
                  <span class="method-name">verifyRBEPERCENT</span>
                </div> <!-- method-content -->
              </div> <!-- method -->
              <div class="method">
                <div class="method-content">
                  <a name="verifyRBEvalue">
                  </a> <!-- verifyRBEvalue -->
                  <span class="method-name">verifyRBEvalue</span>
                </div> <!-- method-content -->
              </div> <!-- method -->
              <div class="method">
                <div class="method-content">
                  <a name="verifyTotalCashflowafterWCR">
                  </a> <!-- verifyTotalCashflowafterWCR -->
                  <span class="method-name">verifyTotalCashflowafterWCR</span>
                </div> <!-- method-content -->
              </div> <!-- method -->
              <div class="method">
                <div class="method-content">
                  <a name="verifytakerate">
                  </a> <!-- verifytakerate -->
                  <span class="method-name">verifytakerate</span>
                </div> <!-- method-content -->
              </div> <!-- method -->
            </div> <!-- main-panel-content rounded-window-bottom -->
          </div> <!-- suite-Price_Builder_Test_Result-class-passed -->
          <div class="suite-Price_Builder_Test_Result-class-passed">
            <div class="main-panel-header rounded-window-top">
              <img src="passed.png"/>
              <span class="class-name">Com.SPB.test.MarketingGuideLines</span>
            </div> <!-- main-panel-header rounded-window-top -->
            <div class="main-panel-content rounded-window-bottom">
              <div class="method">
                <div class="method-content">
                  <a name="MarktingGuidelines">
                  </a> <!-- MarktingGuidelines -->
                  <span class="method-name">MarktingGuidelines</span>
                </div> <!-- method-content -->
              </div> <!-- method -->
            </div> <!-- main-panel-content rounded-window-bottom -->
          </div> <!-- suite-Price_Builder_Test_Result-class-passed -->
          <div class="suite-Price_Builder_Test_Result-class-passed">
            <div class="main-panel-header rounded-window-top">
              <img src="passed.png"/>
              <span class="class-name">Com.SPB.test.VerifyValidation</span>
            </div> <!-- main-panel-header rounded-window-top -->
            <div class="main-panel-content rounded-window-bottom">
              <div class="method">
                <div class="method-content">
                  <a name="verifyOpenButtonAllProject">
                  </a> <!-- verifyOpenButtonAllProject -->
                  <span class="method-name">verifyOpenButtonAllProject</span>
                </div> <!-- method-content -->
              </div> <!-- method -->
              <div class="method">
                <div class="method-content">
                  <a name="verifyOpenButtonMyPending">
                  </a> <!-- verifyOpenButtonMyPending -->
                  <span class="method-name">verifyOpenButtonMyPending</span>
                </div> <!-- method-content -->
              </div> <!-- method -->
            </div> <!-- main-panel-content rounded-window-bottom -->
          </div> <!-- suite-Price_Builder_Test_Result-class-passed -->
          <div class="suite-Price_Builder_Test_Result-class-passed">
            <div class="main-panel-header rounded-window-top">
              <img src="passed.png"/>
              <span class="class-name">Com.SPB.test.VerifySearchProject</span>
            </div> <!-- main-panel-header rounded-window-top -->
            <div class="main-panel-content rounded-window-bottom">
              <div class="method">
                <div class="method-content">
                  <a name="searchproject">
                  </a> <!-- searchproject -->
                  <span class="method-name">searchproject</span>
                </div> <!-- method-content -->
              </div> <!-- method -->
            </div> <!-- main-panel-content rounded-window-bottom -->
          </div> <!-- suite-Price_Builder_Test_Result-class-passed -->
          <div class="suite-Price_Builder_Test_Result-class-passed">
            <div class="main-panel-header rounded-window-top">
              <img src="passed.png"/>
              <span class="class-name">Com.SPB.test.ExcelOptions</span>
            </div> <!-- main-panel-header rounded-window-top -->
            <div class="main-panel-content rounded-window-bottom">
              <div class="method">
                <div class="method-content">
                  <a name="VerifyExcelOptions">
                  </a> <!-- VerifyExcelOptions -->
                  <span class="method-name">VerifyExcelOptions</span>
                </div> <!-- method-content -->
              </div> <!-- method -->
            </div> <!-- main-panel-content rounded-window-bottom -->
          </div> <!-- suite-Price_Builder_Test_Result-class-passed -->
          <div class="suite-Price_Builder_Test_Result-class-passed">
            <div class="main-panel-header rounded-window-top">
              <img src="passed.png"/>
              <span class="class-name">Com.SPB.test.VerifyScenarioFunctions</span>
            </div> <!-- main-panel-header rounded-window-top -->
            <div class="main-panel-content rounded-window-bottom">
              <div class="method">
                <div class="method-content">
                  <a name="VerifyAddScenario">
                  </a> <!-- VerifyAddScenario -->
                  <span class="method-name">VerifyAddScenario</span>
                </div> <!-- method-content -->
              </div> <!-- method -->
              <div class="method">
                <div class="method-content">
                  <a name="VerifyRenameScenario">
                  </a> <!-- VerifyRenameScenario -->
                  <span class="method-name">VerifyRenameScenario</span>
                </div> <!-- method-content -->
              </div> <!-- method -->
            </div> <!-- main-panel-content rounded-window-bottom -->
          </div> <!-- suite-Price_Builder_Test_Result-class-passed -->
          <div class="suite-Price_Builder_Test_Result-class-passed">
            <div class="main-panel-header rounded-window-top">
              <img src="passed.png"/>
              <span class="class-name">Com.SPB.test.VeirfyLogin</span>
            </div> <!-- main-panel-header rounded-window-top -->
            <div class="main-panel-content rounded-window-bottom">
              <div class="method">
                <div class="method-content">
                  <a name="VerifyLogin">
                  </a> <!-- VerifyLogin -->
                  <span class="method-name">VerifyLogin</span>
                </div> <!-- method-content -->
              </div> <!-- method -->
            </div> <!-- main-panel-content rounded-window-bottom -->
          </div> <!-- suite-Price_Builder_Test_Result-class-passed -->
          <div class="suite-Price_Builder_Test_Result-class-passed">
            <div class="main-panel-header rounded-window-top">
              <img src="passed.png"/>
              <span class="class-name">Com.SPB.test.VerifyBundle</span>
            </div> <!-- main-panel-header rounded-window-top -->
            <div class="main-panel-content rounded-window-bottom">
              <div class="method">
                <div class="method-content">
                  <a name="BundleActionDelete">
                  </a> <!-- BundleActionDelete -->
                  <span class="method-name">BundleActionDelete</span>
                </div> <!-- method-content -->
              </div> <!-- method -->
              <div class="method">
                <div class="method-content">
                  <a name="BundleActionEdit">
                  </a> <!-- BundleActionEdit -->
                  <span class="method-name">BundleActionEdit</span>
                </div> <!-- method-content -->
              </div> <!-- method -->
              <div class="method">
                <div class="method-content">
                  <a name="BundleCreation">
                  </a> <!-- BundleCreation -->
                  <span class="method-name">BundleCreation</span>
                </div> <!-- method-content -->
              </div> <!-- method -->
              <div class="method">
                <div class="method-content">
                  <a name="BundlelistVerify">
                  </a> <!-- BundlelistVerify -->
                  <span class="method-name">BundlelistVerify</span>
                </div> <!-- method-content -->
              </div> <!-- method -->
              <div class="method">
                <div class="method-content">
                  <a name="OpenBundle">
                  </a> <!-- OpenBundle -->
                  <span class="method-name">OpenBundle</span>
                </div> <!-- method-content -->
              </div> <!-- method -->
              <div class="method">
                <div class="method-content">
                  <a name="openbundlelistVerify">
                  </a> <!-- openbundlelistVerify -->
                  <span class="method-name">openbundlelistVerify</span>
                </div> <!-- method-content -->
              </div> <!-- method -->
            </div> <!-- main-panel-content rounded-window-bottom -->
          </div> <!-- suite-Price_Builder_Test_Result-class-passed -->
          <div class="suite-Price_Builder_Test_Result-class-passed">
            <div class="main-panel-header rounded-window-top">
              <img src="passed.png"/>
              <span class="class-name">Com.SPB.test.VerifyMyRFQ</span>
            </div> <!-- main-panel-header rounded-window-top -->
            <div class="main-panel-content rounded-window-bottom">
              <div class="method">
                <div class="method-content">
                  <a name="VerifyOpenbuttonInMyRFQ">
                  </a> <!-- VerifyOpenbuttonInMyRFQ -->
                  <span class="method-name">VerifyOpenbuttonInMyRFQ</span>
                </div> <!-- method-content -->
              </div> <!-- method -->
            </div> <!-- main-panel-content rounded-window-bottom -->
          </div> <!-- suite-Price_Builder_Test_Result-class-passed -->
        </div> <!-- panel Price_Builder_Test_Result -->
        <div panel-name="test-xml-Price_Builder_Test_Result" class="panel">
          <div class="main-panel-header rounded-window-top">
            <span class="header-content">C:\Backup\PriceBuilderVersion1 (2)\PriceBuilderVersion1\TestRun.xml</span>
          </div> <!-- main-panel-header rounded-window-top -->
          <div class="main-panel-content rounded-window-bottom">
            <pre>
&lt;?xml version=&quot;1.0&quot; encoding=&quot;UTF-8&quot;?&gt;
&lt;!DOCTYPE suite SYSTEM &quot;http://testng.org/testng-1.0.dtd&quot;&gt;
&lt;suite name=&quot;Price Builder Test Result&quot; guice-stage=&quot;DEVELOPMENT&quot;&gt;
  &lt;test thread-count=&quot;5&quot; name=&quot;Regression&quot;&gt;
    &lt;classes&gt;
      &lt;class name=&quot;Com.SPB.test.VeirfyLogin&quot;/&gt;
      &lt;class name=&quot;Com.SPB.test.VerifySearchProject&quot;/&gt;
      &lt;class name=&quot;Com.SPB.test.ProjectIndicator&quot;/&gt;
      &lt;class name=&quot;Com.SPB.test.GlassPositionIndicator&quot;/&gt;
      &lt;class name=&quot;Com.SPB.test.VerifyDraftProjectFlow&quot;/&gt;
      &lt;class name=&quot;Com.SPB.test.ExcelOptions&quot;/&gt;
      &lt;class name=&quot;Com.SPB.test.MarketingGuideLines&quot;/&gt;
      &lt;class name=&quot;Com.SPB.test.VerifyValidation&quot;&gt;
        &lt;methods&gt;
          &lt;include name=&quot;verifyOpenButtonMyPending&quot;/&gt;
          &lt;include name=&quot;verifyOpenButtonAllProject&quot;/&gt;
        &lt;/methods&gt;
      &lt;/class&gt; &lt;!-- Com.SPB.test.VerifyValidation --&gt;
      &lt;class name=&quot;Com.SPB.test.VerifyMyRFQ&quot;/&gt;
      &lt;class name=&quot;Com.SPB.test.VerifyHomePage&quot;&gt;
        &lt;methods&gt;
          &lt;include name=&quot;VerifyNewRFQImage&quot;/&gt;
          &lt;include name=&quot;VerifyMyRFQImage&quot;/&gt;
          &lt;include name=&quot;VerifyValidationImage&quot;/&gt;
          &lt;include name=&quot;VerifyBenchMarkPriceImage&quot;/&gt;
          &lt;include name=&quot;VerifyAdminImage&quot;/&gt;
        &lt;/methods&gt;
      &lt;/class&gt; &lt;!-- Com.SPB.test.VerifyHomePage --&gt;
      &lt;class name=&quot;Com.SPB.test.VerifyVersionCreation&quot;/&gt;
      &lt;class name=&quot;Com.SPB.test.VerifyScenarioFunctions&quot;&gt;
        &lt;methods&gt;
          &lt;include name=&quot;VerifyAddScenario&quot;/&gt;
          &lt;include name=&quot;VerifyRenameScenario&quot;/&gt;
          &lt;include name=&quot;VerifyArchievescenario&quot;/&gt;
        &lt;/methods&gt;
      &lt;/class&gt; &lt;!-- Com.SPB.test.VerifyScenarioFunctions --&gt;
      &lt;class name=&quot;Com.SPB.test.VerifyBundle&quot;&gt;
        &lt;methods&gt;
          &lt;include name=&quot;openbundlelistVerify&quot;/&gt;
          &lt;include name=&quot;BundlelistVerify&quot;/&gt;
          &lt;include name=&quot;BundleCreation&quot;/&gt;
          &lt;include name=&quot;OpenBundle&quot;/&gt;
          &lt;include name=&quot;BundleActionEdit&quot;/&gt;
          &lt;include name=&quot;VerifyselectScenario&quot;/&gt;
          &lt;include name=&quot;VerifyscenariosSelect&quot;/&gt;
          &lt;include name=&quot;BundleActionDelete&quot;/&gt;
        &lt;/methods&gt;
      &lt;/class&gt; &lt;!-- Com.SPB.test.VerifyBundle --&gt;
      &lt;class name=&quot;Com.SPB.test.Simulation&quot;&gt;
        &lt;methods&gt;
          &lt;include name=&quot;verifyYearlyQuantity&quot;/&gt;
          &lt;include name=&quot;verifyCommonSurface&quot;/&gt;
          &lt;include name=&quot;verifyPNV&quot;/&gt;
          &lt;include name=&quot;verifyQuotedPrice&quot;/&gt;
          &lt;include name=&quot;verifyAddedValue&quot;/&gt;
          &lt;include name=&quot;verifyTotalCost&quot;/&gt;
          &lt;include name=&quot;externalMarkupyears&quot;/&gt;
          &lt;include name=&quot;verifyMVCPercent&quot;/&gt;
          &lt;include name=&quot;verifyRBCPercent&quot;/&gt;
          &lt;include name=&quot;verifyDevCost&quot;/&gt;
          &lt;include name=&quot;verifyDevrev&quot;/&gt;
          &lt;include name=&quot;VerifyPBR&quot;/&gt;
        &lt;/methods&gt;
      &lt;/class&gt; &lt;!-- Com.SPB.test.Simulation --&gt;
      &lt;class name=&quot;Com.SPB.test.FinancialOverview&quot;&gt;
        &lt;methods&gt;
          &lt;include name=&quot;verifyPricePce&quot;/&gt;
          &lt;include name=&quot;verifyVolume&quot;/&gt;
          &lt;include name=&quot;verifyAddedValue&quot;/&gt;
          &lt;include name=&quot;verifyY1&quot;/&gt;
          &lt;include name=&quot;VerifyProjectMVC&quot;/&gt;
          &lt;include name=&quot;verifyMVCGPNonPercentage&quot;/&gt;
          &lt;include name=&quot;VerifyProjectMVC&quot;/&gt;
          &lt;include name=&quot;VerifyProjectRBC&quot;/&gt;
          &lt;include name=&quot;verifyRBCGPNonPercentage&quot;/&gt;
          &lt;include name=&quot;verifyRBEGPNonPercentage&quot;/&gt;
          &lt;include name=&quot;VerifyProjectEM&quot;/&gt;
          &lt;include name=&quot;verifyEMGPNonPercentage&quot;/&gt;
        &lt;/methods&gt;
      &lt;/class&gt; &lt;!-- Com.SPB.test.FinancialOverview --&gt;
      &lt;class name=&quot;Com.SPB.test.VerifyAdministration&quot;&gt;
        &lt;methods&gt;
          &lt;include name=&quot;AddUser&quot;/&gt;
          &lt;include name=&quot;SearchUser&quot;/&gt;
          &lt;include name=&quot;ActionEdit&quot;/&gt;
          &lt;include name=&quot;ActionDelete&quot;/&gt;
        &lt;/methods&gt;
      &lt;/class&gt; &lt;!-- Com.SPB.test.VerifyAdministration --&gt;
      &lt;class name=&quot;Com.SPB.test.VerifyCashSimulation&quot;&gt;
        &lt;methods&gt;
          &lt;include name=&quot;verifyCashSimulationRedirection&quot;/&gt;
          &lt;include name=&quot;verifyFinancialfollowupRedirection&quot;/&gt;
          &lt;include name=&quot;verifyPandLCarproduction&quot;/&gt;
          &lt;include name=&quot;verifyQuantityPandL&quot;/&gt;
          &lt;include name=&quot;verifyQuotedPrice&quot;/&gt;
          &lt;include name=&quot;verifytakerate&quot;/&gt;
          &lt;include name=&quot;verifyQuotedPrice&quot;/&gt;
          &lt;include name=&quot;verifyRBEPERCENT&quot;/&gt;
          &lt;include name=&quot;VerifyPNV2022&quot;/&gt;
          &lt;include name=&quot;verifyRBEvalue&quot;/&gt;
          &lt;include name=&quot;totalCashPRiceBeforeWCR&quot;/&gt;
          &lt;include name=&quot;verifyTotalCashflowafterWCR&quot;/&gt;
          &lt;include name=&quot;VerifyWCR&quot;/&gt;
          &lt;include name=&quot;totalCashPRiceBeforeWCR&quot;/&gt;
          &lt;include name=&quot;verifyTotalCashflowafterWCR&quot;/&gt;
          &lt;include name=&quot;VerifyWCR&quot;/&gt;
          &lt;include name=&quot;verifyBussinessLink&quot;/&gt;
          &lt;include name=&quot;verifyCapex&quot;/&gt;
          &lt;include name=&quot;verifyDevCost&quot;/&gt;
          &lt;include name=&quot;verifyDevelopmentRevenueLumpSum&quot;/&gt;
          &lt;include name=&quot;VerifyQtyMarkupInternelandexternal&quot;/&gt;
          &lt;include name=&quot;VerifycostCashforOEM&quot;/&gt;
          &lt;include name=&quot;verifyCashflowProjectBeforeActualization&quot;/&gt;
          &lt;include name=&quot;verifyCashflowProjecCumulated&quot;/&gt;
          &lt;include name=&quot;verifyPBRNetPresentvalueCONTRACTUAL&quot;/&gt;
          &lt;include name=&quot;verifyPBRNetPresentvalueREAL&quot;/&gt;
          &lt;include name=&quot;verifyCashflowProjectBeforeActualization&quot;/&gt;
        &lt;/methods&gt;
      &lt;/class&gt; &lt;!-- Com.SPB.test.VerifyCashSimulation --&gt;
    &lt;/classes&gt;
  &lt;/test&gt; &lt;!-- Regression --&gt;
&lt;/suite&gt; &lt;!-- Price Builder Test Result --&gt;
            </pre>
          </div> <!-- main-panel-content rounded-window-bottom -->
        </div> <!-- panel -->
        <div panel-name="testlist-Price_Builder_Test_Result" class="panel">
          <div class="main-panel-header rounded-window-top">
            <span class="header-content">Tests for Price Builder Test Result</span>
          </div> <!-- main-panel-header rounded-window-top -->
          <div class="main-panel-content rounded-window-bottom">
            <ul>
              <li>
                <span class="test-name">Regression (17 classes)</span>
              </li>
            </ul>
          </div> <!-- main-panel-content rounded-window-bottom -->
        </div> <!-- panel -->
        <div panel-name="group-Price_Builder_Test_Result" class="panel">
          <div class="main-panel-header rounded-window-top">
            <span class="header-content">Groups for Price Builder Test Result</span>
          </div> <!-- main-panel-header rounded-window-top -->
          <div class="main-panel-content rounded-window-bottom">
          </div> <!-- main-panel-content rounded-window-bottom -->
        </div> <!-- panel -->
        <div panel-name="times-Price_Builder_Test_Result" class="panel">
          <div class="main-panel-header rounded-window-top">
            <span class="header-content">Times for Price Builder Test Result</span>
          </div> <!-- main-panel-header rounded-window-top -->
          <div class="main-panel-content rounded-window-bottom">
            <div class="times-div">
              <script type="text/javascript">
suiteTableInitFunctions.push('tableData_Price_Builder_Test_Result');
function tableData_Price_Builder_Test_Result() {
var data = new google.visualization.DataTable();
data.addColumn('number', 'Number');
data.addColumn('string', 'Method');
data.addColumn('string', 'Class');
data.addColumn('number', 'Time (ms)');
data.addRows(76);
data.setCell(0, 0, 0)
data.setCell(0, 1, 'verifyQuotedPrice')
data.setCell(0, 2, 'Com.SPB.test.VerifyCashSimulation')
data.setCell(0, 3, 221856);
data.setCell(1, 0, 1)
data.setCell(1, 1, 'verifytakerate')
data.setCell(1, 2, 'Com.SPB.test.VerifyCashSimulation')
data.setCell(1, 3, 137232);
data.setCell(2, 0, 2)
data.setCell(2, 1, 'verifyDevCost')
data.setCell(2, 2, 'Com.SPB.test.Simulation')
data.setCell(2, 3, 135639);
data.setCell(3, 0, 3)
data.setCell(3, 1, 'verifyMVCPercent')
data.setCell(3, 2, 'Com.SPB.test.Simulation')
data.setCell(3, 3, 135498);
data.setCell(4, 0, 4)
data.setCell(4, 1, 'verifyRBCPercent')
data.setCell(4, 2, 'Com.SPB.test.Simulation')
data.setCell(4, 3, 135368);
data.setCell(5, 0, 5)
data.setCell(5, 1, 'verifyYearlyQuantity')
data.setCell(5, 2, 'Com.SPB.test.Simulation')
data.setCell(5, 3, 132130);
data.setCell(6, 0, 6)
data.setCell(6, 1, 'verifyDevrev')
data.setCell(6, 2, 'Com.SPB.test.Simulation')
data.setCell(6, 3, 125988);
data.setCell(7, 0, 7)
data.setCell(7, 1, 'verifyTotalCost')
data.setCell(7, 2, 'Com.SPB.test.Simulation')
data.setCell(7, 3, 125710);
data.setCell(8, 0, 8)
data.setCell(8, 1, 'verifyAddedValue')
data.setCell(8, 2, 'Com.SPB.test.Simulation')
data.setCell(8, 3, 125639);
data.setCell(9, 0, 9)
data.setCell(9, 1, 'VerifyPBR')
data.setCell(9, 2, 'Com.SPB.test.Simulation')
data.setCell(9, 3, 125248);
data.setCell(10, 0, 10)
data.setCell(10, 1, 'verifyPNV')
data.setCell(10, 2, 'Com.SPB.test.Simulation')
data.setCell(10, 3, 119810);
data.setCell(11, 0, 11)
data.setCell(11, 1, 'verifyQuotedPrice')
data.setCell(11, 2, 'Com.SPB.test.Simulation')
data.setCell(11, 3, 119612);
data.setCell(12, 0, 12)
data.setCell(12, 1, 'externalMarkupyears')
data.setCell(12, 2, 'Com.SPB.test.Simulation')
data.setCell(12, 3, 116300);
data.setCell(13, 0, 13)
data.setCell(13, 1, 'verifyY1')
data.setCell(13, 2, 'Com.SPB.test.FinancialOverview')
data.setCell(13, 3, 115419);
data.setCell(14, 0, 14)
data.setCell(14, 1, 'verifyPBRNetPresentvalueCONTRACTUAL')
data.setCell(14, 2, 'Com.SPB.test.VerifyCashSimulation')
data.setCell(14, 3, 113566);
data.setCell(15, 0, 15)
data.setCell(15, 1, 'verifyPBRNetPresentvalueREAL')
data.setCell(15, 2, 'Com.SPB.test.VerifyCashSimulation')
data.setCell(15, 3, 113420);
data.setCell(16, 0, 16)
data.setCell(16, 1, 'verifyEMGPNonPercentage')
data.setCell(16, 2, 'Com.SPB.test.FinancialOverview')
data.setCell(16, 3, 105610);
data.setCell(17, 0, 17)
data.setCell(17, 1, 'verifyVolume')
data.setCell(17, 2, 'Com.SPB.test.FinancialOverview')
data.setCell(17, 3, 105398);
data.setCell(18, 0, 18)
data.setCell(18, 1, 'verifyCashflowProjecCumulated')
data.setCell(18, 2, 'Com.SPB.test.VerifyCashSimulation')
data.setCell(18, 3, 104677);
data.setCell(19, 0, 19)
data.setCell(19, 1, 'verifyRBEPERCENT')
data.setCell(19, 2, 'Com.SPB.test.VerifyCashSimulation')
data.setCell(19, 3, 103739);
data.setCell(20, 0, 20)
data.setCell(20, 1, 'verifyBussinessLink')
data.setCell(20, 2, 'Com.SPB.test.VerifyCashSimulation')
data.setCell(20, 3, 103572);
data.setCell(21, 0, 21)
data.setCell(21, 1, 'verifyDevCost')
data.setCell(21, 2, 'Com.SPB.test.VerifyCashSimulation')
data.setCell(21, 3, 103570);
data.setCell(22, 0, 22)
data.setCell(22, 1, 'verifyCapex')
data.setCell(22, 2, 'Com.SPB.test.VerifyCashSimulation')
data.setCell(22, 3, 103411);
data.setCell(23, 0, 23)
data.setCell(23, 1, 'verifyPricePce')
data.setCell(23, 2, 'Com.SPB.test.FinancialOverview')
data.setCell(23, 3, 101621);
data.setCell(24, 0, 24)
data.setCell(24, 1, 'VerifyscenariosSelect')
data.setCell(24, 2, 'Com.SPB.test.VerifyBundle')
data.setCell(24, 3, 100445);
data.setCell(25, 0, 25)
data.setCell(25, 1, 'verifyCommonSurface')
data.setCell(25, 2, 'Com.SPB.test.Simulation')
data.setCell(25, 3, 98358);
data.setCell(26, 0, 26)
data.setCell(26, 1, 'verifyRBEGPNonPercentage')
data.setCell(26, 2, 'Com.SPB.test.FinancialOverview')
data.setCell(26, 3, 95550);
data.setCell(27, 0, 27)
data.setCell(27, 1, 'verifyMVCGPNonPercentage')
data.setCell(27, 2, 'Com.SPB.test.FinancialOverview')
data.setCell(27, 3, 95529);
data.setCell(28, 0, 28)
data.setCell(28, 1, 'verifyAddedValue')
data.setCell(28, 2, 'Com.SPB.test.FinancialOverview')
data.setCell(28, 3, 95447);
data.setCell(29, 0, 29)
data.setCell(29, 1, 'verifyRBCGPNonPercentage')
data.setCell(29, 2, 'Com.SPB.test.FinancialOverview')
data.setCell(29, 3, 95396);
data.setCell(30, 0, 30)
data.setCell(30, 1, 'VerifyQtyMarkupInternelandexternal')
data.setCell(30, 2, 'Com.SPB.test.VerifyCashSimulation')
data.setCell(30, 3, 93720);
data.setCell(31, 0, 31)
data.setCell(31, 1, 'verifyDevelopmentRevenueLumpSum')
data.setCell(31, 2, 'Com.SPB.test.VerifyCashSimulation')
data.setCell(31, 3, 93485);
data.setCell(32, 0, 32)
data.setCell(32, 1, 'verifyCashflowProjectBeforeActualization')
data.setCell(32, 2, 'Com.SPB.test.VerifyCashSimulation')
data.setCell(32, 3, 93355);
data.setCell(33, 0, 33)
data.setCell(33, 1, 'VerifyProjectEM')
data.setCell(33, 2, 'Com.SPB.test.FinancialOverview')
data.setCell(33, 3, 85500);
data.setCell(34, 0, 34)
data.setCell(34, 1, 'VerifyRenameScenario')
data.setCell(34, 2, 'Com.SPB.test.VerifyScenarioFunctions')
data.setCell(34, 3, 84421);
data.setCell(35, 0, 35)
data.setCell(35, 1, 'verifyRBEvalue')
data.setCell(35, 2, 'Com.SPB.test.VerifyCashSimulation')
data.setCell(35, 3, 84210);
data.setCell(36, 0, 36)
data.setCell(36, 1, 'totalCashPRiceBeforeWCR')
data.setCell(36, 2, 'Com.SPB.test.VerifyCashSimulation')
data.setCell(36, 3, 83709);
data.setCell(37, 0, 37)
data.setCell(37, 1, 'verifyPandLCarproduction')
data.setCell(37, 2, 'Com.SPB.test.VerifyCashSimulation')
data.setCell(37, 3, 83685);
data.setCell(38, 0, 38)
data.setCell(38, 1, 'VerifyWCR')
data.setCell(38, 2, 'Com.SPB.test.VerifyCashSimulation')
data.setCell(38, 3, 83623);
data.setCell(39, 0, 39)
data.setCell(39, 1, 'verifyFinancialfollowupRedirection')
data.setCell(39, 2, 'Com.SPB.test.VerifyCashSimulation')
data.setCell(39, 3, 83553);
data.setCell(40, 0, 40)
data.setCell(40, 1, 'verifyTotalCashflowafterWCR')
data.setCell(40, 2, 'Com.SPB.test.VerifyCashSimulation')
data.setCell(40, 3, 83507);
data.setCell(41, 0, 41)
data.setCell(41, 1, 'VerifycostCashforOEM')
data.setCell(41, 2, 'Com.SPB.test.VerifyCashSimulation')
data.setCell(41, 3, 83427);
data.setCell(42, 0, 42)
data.setCell(42, 1, 'verifyQuantityPandL')
data.setCell(42, 2, 'Com.SPB.test.VerifyCashSimulation')
data.setCell(42, 3, 83310);
data.setCell(43, 0, 43)
data.setCell(43, 1, 'verifyGlassPositionIndicators')
data.setCell(43, 2, 'Com.SPB.test.GlassPositionIndicator')
data.setCell(43, 3, 74388);
data.setCell(44, 0, 44)
data.setCell(44, 1, 'VerifyProjectIndicator')
data.setCell(44, 2, 'Com.SPB.test.ProjectIndicator')
data.setCell(44, 3, 74227);
data.setCell(45, 0, 45)
data.setCell(45, 1, 'verifyCashSimulationRedirection')
data.setCell(45, 2, 'Com.SPB.test.VerifyCashSimulation')
data.setCell(45, 3, 74102);
data.setCell(46, 0, 46)
data.setCell(46, 1, 'VerifyPNV2022')
data.setCell(46, 2, 'Com.SPB.test.VerifyCashSimulation')
data.setCell(46, 3, 73646);
data.setCell(47, 0, 47)
data.setCell(47, 1, 'verifyOpenButtonAllProject')
data.setCell(47, 2, 'Com.SPB.test.VerifyValidation')
data.setCell(47, 3, 73561);
data.setCell(48, 0, 48)
data.setCell(48, 1, 'VerifyselectScenario')
data.setCell(48, 2, 'Com.SPB.test.VerifyBundle')
data.setCell(48, 3, 69916);
data.setCell(49, 0, 49)
data.setCell(49, 1, 'CreateDraftdraftproject')
data.setCell(49, 2, 'Com.SPB.test.VerifyDraftProjectFlow')
data.setCell(49, 3, 68843);
data.setCell(50, 0, 50)
data.setCell(50, 1, 'OpenBundle')
data.setCell(50, 2, 'Com.SPB.test.VerifyBundle')
data.setCell(50, 3, 67363);
data.setCell(51, 0, 51)
data.setCell(51, 1, 'VerifyProjectMVC')
data.setCell(51, 2, 'Com.SPB.test.FinancialOverview')
data.setCell(51, 3, 65051);
data.setCell(52, 0, 52)
data.setCell(52, 1, 'VerifyProjectRBC')
data.setCell(52, 2, 'Com.SPB.test.FinancialOverview')
data.setCell(52, 3, 65042);
data.setCell(53, 0, 53)
data.setCell(53, 1, 'VerifyArchievescenario')
data.setCell(53, 2, 'Com.SPB.test.VerifyScenarioFunctions')
data.setCell(53, 3, 63530);
data.setCell(54, 0, 54)
data.setCell(54, 1, 'verifyOpenButtonMyPending')
data.setCell(54, 2, 'Com.SPB.test.VerifyValidation')
data.setCell(54, 3, 58884);
data.setCell(55, 0, 55)
data.setCell(55, 1, 'VerifyVersionCreation')
data.setCell(55, 2, 'Com.SPB.test.VerifyVersionCreation')
data.setCell(55, 3, 58410);
data.setCell(56, 0, 56)
data.setCell(56, 1, 'BundleCreation')
data.setCell(56, 2, 'Com.SPB.test.VerifyBundle')
data.setCell(56, 3, 55398);
data.setCell(57, 0, 57)
data.setCell(57, 1, 'AddUser')
data.setCell(57, 2, 'Com.SPB.test.VerifyAdministration')
data.setCell(57, 3, 55073);
data.setCell(58, 0, 58)
data.setCell(58, 1, 'VerifyAddScenario')
data.setCell(58, 2, 'Com.SPB.test.VerifyScenarioFunctions')
data.setCell(58, 3, 51889);
data.setCell(59, 0, 59)
data.setCell(59, 1, 'BundleActionEdit')
data.setCell(59, 2, 'Com.SPB.test.VerifyBundle')
data.setCell(59, 3, 50899);
data.setCell(60, 0, 60)
data.setCell(60, 1, 'MarktingGuidelines')
data.setCell(60, 2, 'Com.SPB.test.MarketingGuideLines')
data.setCell(60, 3, 50203);
data.setCell(61, 0, 61)
data.setCell(61, 1, 'searchproject')
data.setCell(61, 2, 'Com.SPB.test.VerifySearchProject')
data.setCell(61, 3, 48343);
data.setCell(62, 0, 62)
data.setCell(62, 1, 'ActionEdit')
data.setCell(62, 2, 'Com.SPB.test.VerifyAdministration')
data.setCell(62, 3, 47171);
data.setCell(63, 0, 63)
data.setCell(63, 1, 'VerifyNewRFQImage')
data.setCell(63, 2, 'Com.SPB.test.VerifyHomePage')
data.setCell(63, 3, 46534);
data.setCell(64, 0, 64)
data.setCell(64, 1, 'VerifyOpenbuttonInMyRFQ')
data.setCell(64, 2, 'Com.SPB.test.VerifyMyRFQ')
data.setCell(64, 3, 45732);
data.setCell(65, 0, 65)
data.setCell(65, 1, 'BundlelistVerify')
data.setCell(65, 2, 'Com.SPB.test.VerifyBundle')
data.setCell(65, 3, 45653);
data.setCell(66, 0, 66)
data.setCell(66, 1, 'VerifyExcelOptions')
data.setCell(66, 2, 'Com.SPB.test.ExcelOptions')
data.setCell(66, 3, 44998);
data.setCell(67, 0, 67)
data.setCell(67, 1, 'openbundlelistVerify')
data.setCell(67, 2, 'Com.SPB.test.VerifyBundle')
data.setCell(67, 3, 43439);
data.setCell(68, 0, 68)
data.setCell(68, 1, 'VerifyAdminImage')
data.setCell(68, 2, 'Com.SPB.test.VerifyHomePage')
data.setCell(68, 3, 43339);
data.setCell(69, 0, 69)
data.setCell(69, 1, 'BundleActionDelete')
data.setCell(69, 2, 'Com.SPB.test.VerifyBundle')
data.setCell(69, 3, 43219);
data.setCell(70, 0, 70)
data.setCell(70, 1, 'VerifyValidationImage')
data.setCell(70, 2, 'Com.SPB.test.VerifyHomePage')
data.setCell(70, 3, 42700);
data.setCell(71, 0, 71)
data.setCell(71, 1, 'VerifyBenchMarkPriceImage')
data.setCell(71, 2, 'Com.SPB.test.VerifyHomePage')
data.setCell(71, 3, 42666);
data.setCell(72, 0, 72)
data.setCell(72, 1, 'VerifyMyRFQImage')
data.setCell(72, 2, 'Com.SPB.test.VerifyHomePage')
data.setCell(72, 3, 42618);
data.setCell(73, 0, 73)
data.setCell(73, 1, 'SearchUser')
data.setCell(73, 2, 'Com.SPB.test.VerifyAdministration')
data.setCell(73, 3, 42232);
data.setCell(74, 0, 74)
data.setCell(74, 1, 'ActionDelete')
data.setCell(74, 2, 'Com.SPB.test.VerifyAdministration')
data.setCell(74, 3, 40010);
data.setCell(75, 0, 75)
data.setCell(75, 1, 'VerifyLogin')
data.setCell(75, 2, 'Com.SPB.test.VeirfyLogin')
data.setCell(75, 3, 31646);
window.suiteTableData['Price_Builder_Test_Result']= { tableData: data, tableDiv: 'times-div-Price_Builder_Test_Result'}
return data;
}
              </script>
              <span class="suite-total-time">Total running time: 1 hours</span>
              <div id="times-div-Price_Builder_Test_Result">
              </div> <!-- times-div-Price_Builder_Test_Result -->
            </div> <!-- times-div -->
          </div> <!-- main-panel-content rounded-window-bottom -->
        </div> <!-- panel -->
        <div panel-name="reporter-Price_Builder_Test_Result" class="panel">
          <div class="main-panel-header rounded-window-top">
            <span class="header-content">Reporter output for Price Builder Test Result</span>
          </div> <!-- main-panel-header rounded-window-top -->
          <div class="main-panel-content rounded-window-bottom">
          </div> <!-- main-panel-content rounded-window-bottom -->
        </div> <!-- panel -->
        <div panel-name="ignored-methods-Price_Builder_Test_Result" class="panel">
          <div class="main-panel-header rounded-window-top">
            <span class="header-content">18 ignored methods</span>
          </div> <!-- main-panel-header rounded-window-top -->
          <div class="main-panel-content rounded-window-bottom">
            <div class="ignored-class-div">
              <span class="ignored-class-name">Com.SPB.test.VerifyHomePage</span>
              <div class="ignored-methods-div">
                <span class="ignored-method-name">report</span>
                <br/>
              </div> <!-- ignored-methods-div -->
            </div> <!-- ignored-class-div -->
            <div class="ignored-class-div">
              <span class="ignored-class-name">Com.SPB.test.FinancialOverview</span>
              <div class="ignored-methods-div">
                <span class="ignored-method-name">report</span>
                <br/>
              </div> <!-- ignored-methods-div -->
            </div> <!-- ignored-class-div -->
            <div class="ignored-class-div">
              <span class="ignored-class-name">Com.SPB.test.Simulation</span>
              <div class="ignored-methods-div">
                <span class="ignored-method-name">verifyExternalMarkup</span>
                <br/>
                <span class="ignored-method-name">EM5Years</span>
                <br/>
                <span class="ignored-method-name">report</span>
                <br/>
              </div> <!-- ignored-methods-div -->
            </div> <!-- ignored-class-div -->
            <div class="ignored-class-div">
              <span class="ignored-class-name">Com.SPB.test.VerifyDraftProjectFlow</span>
              <div class="ignored-methods-div">
                <span class="ignored-method-name">report</span>
                <br/>
              </div> <!-- ignored-methods-div -->
            </div> <!-- ignored-class-div -->
            <div class="ignored-class-div">
              <span class="ignored-class-name">Com.SPB.test.ProjectIndicator</span>
              <div class="ignored-methods-div">
                <span class="ignored-method-name">report</span>
                <br/>
              </div> <!-- ignored-methods-div -->
            </div> <!-- ignored-class-div -->
            <div class="ignored-class-div">
              <span class="ignored-class-name">Com.SPB.test.MarketingGuideLines</span>
              <div class="ignored-methods-div">
                <span class="ignored-method-name">report</span>
                <br/>
              </div> <!-- ignored-methods-div -->
            </div> <!-- ignored-class-div -->
            <div class="ignored-class-div">
              <span class="ignored-class-name">Com.SPB.test.VerifyAdministration</span>
              <div class="ignored-methods-div">
                <span class="ignored-method-name">report</span>
                <br/>
              </div> <!-- ignored-methods-div -->
            </div> <!-- ignored-class-div -->
            <div class="ignored-class-div">
              <span class="ignored-class-name">Com.SPB.test.VerifyCashSimulation</span>
              <div class="ignored-methods-div">
                <span class="ignored-method-name">report</span>
                <br/>
              </div> <!-- ignored-methods-div -->
            </div> <!-- ignored-class-div -->
            <div class="ignored-class-div">
              <span class="ignored-class-name">Com.SPB.test.VerifyVersionCreation</span>
              <div class="ignored-methods-div">
                <span class="ignored-method-name">report</span>
                <br/>
              </div> <!-- ignored-methods-div -->
            </div> <!-- ignored-class-div -->
            <div class="ignored-class-div">
              <span class="ignored-class-name">Com.SPB.test.VerifyValidation</span>
              <div class="ignored-methods-div">
                <span class="ignored-method-name">report</span>
                <br/>
              </div> <!-- ignored-methods-div -->
            </div> <!-- ignored-class-div -->
            <div class="ignored-class-div">
              <span class="ignored-class-name">Com.SPB.test.GlassPositionIndicator</span>
              <div class="ignored-methods-div">
                <span class="ignored-method-name">report</span>
                <br/>
              </div> <!-- ignored-methods-div -->
            </div> <!-- ignored-class-div -->
            <div class="ignored-class-div">
              <span class="ignored-class-name">Com.SPB.test.VerifySearchProject</span>
              <div class="ignored-methods-div">
                <span class="ignored-method-name">report</span>
                <br/>
              </div> <!-- ignored-methods-div -->
            </div> <!-- ignored-class-div -->
            <div class="ignored-class-div">
              <span class="ignored-class-name">Com.SPB.test.ExcelOptions</span>
              <div class="ignored-methods-div">
                <span class="ignored-method-name">report</span>
                <br/>
              </div> <!-- ignored-methods-div -->
            </div> <!-- ignored-class-div -->
            <div class="ignored-class-div">
              <span class="ignored-class-name">Com.SPB.test.VerifyScenarioFunctions</span>
              <div class="ignored-methods-div">
                <span class="ignored-method-name">report</span>
                <br/>
              </div> <!-- ignored-methods-div -->
            </div> <!-- ignored-class-div -->
            <div class="ignored-class-div">
              <span class="ignored-class-name">Com.SPB.test.VerifyBundle</span>
              <div class="ignored-methods-div">
                <span class="ignored-method-name">report</span>
                <br/>
              </div> <!-- ignored-methods-div -->
            </div> <!-- ignored-class-div -->
            <div class="ignored-class-div">
              <span class="ignored-class-name">Com.SPB.test.VerifyMyRFQ</span>
              <div class="ignored-methods-div">
                <span class="ignored-method-name">report</span>
                <br/>
              </div> <!-- ignored-methods-div -->
            </div> <!-- ignored-class-div -->
          </div> <!-- main-panel-content rounded-window-bottom -->
        </div> <!-- panel -->
        <div panel-name="chronological-Price_Builder_Test_Result" class="panel">
          <div class="main-panel-header rounded-window-top">
            <span class="header-content">Methods in chronological order</span>
          </div> <!-- main-panel-header rounded-window-top -->
          <div class="main-panel-content rounded-window-bottom">
            <div class="chronological-class">
              <div class="chronological-class-name">Com.SPB.test.VeirfyLogin</div> <!-- chronological-class-name -->
              <div class="configuration-test before">
                <span class="method-name">report</span>
                <span class="method-start">0 ms</span>
              </div> <!-- configuration-test before -->
              <div class="configuration-class before">
                <span class="method-name">beforeClass</span>
                <span class="method-start">412 ms</span>
              </div> <!-- configuration-class before -->
              <div class="configuration-method before">
                <span class="method-name">method(public void Com.SPB.test.VeirfyLogin.VerifyLogin() throws java.lang.Exception)</span>
                <span class="method-start">5566 ms</span>
              </div> <!-- configuration-method before -->
              <div class="test-method">
                <span class="method-name">VerifyLogin</span>
                <span class="method-start">5573 ms</span>
              </div> <!-- test-method -->
              <div class="configuration-class after">
                <span class="method-name">afterClass</span>
                <span class="method-start">37222 ms</span>
              </div> <!-- configuration-class after -->
            </div> <!-- chronological-class -->
            <div class="chronological-class">
              <div class="chronological-class-name">Com.SPB.test.VerifySearchProject</div> <!-- chronological-class-name -->
              <div class="configuration-class before">
                <span class="method-name">beforeClass</span>
                <span class="method-start">37845 ms</span>
              </div> <!-- configuration-class before -->
              <div class="configuration-method before">
                <span class="method-name">method(public void Com.SPB.test.VerifySearchProject.searchproject() throws java.lang.Exception)</span>
                <span class="method-start">41820 ms</span>
              </div> <!-- configuration-method before -->
              <div class="test-method">
                <span class="method-name">searchproject</span>
                <span class="method-start">41820 ms</span>
              </div> <!-- test-method -->
              <div class="configuration-class after">
                <span class="method-name">afterClass</span>
                <span class="method-start">90166 ms</span>
              </div> <!-- configuration-class after -->
            </div> <!-- chronological-class -->
            <div class="chronological-class">
              <div class="chronological-class-name">Com.SPB.test.ProjectIndicator</div> <!-- chronological-class-name -->
              <div class="configuration-class before">
                <span class="method-name">beforeClass</span>
                <span class="method-start">90511 ms</span>
              </div> <!-- configuration-class before -->
              <div class="configuration-method before">
                <span class="method-name">method(public void Com.SPB.test.ProjectIndicator.VerifyProjectIndicator() throws java.lang.Exception)</span>
                <span class="method-start">94764 ms</span>
              </div> <!-- configuration-method before -->
              <div class="test-method">
                <img src="failed.png">
                </img>
                <span class="method-name">VerifyProjectIndicator</span>
                <span class="method-start">94765 ms</span>
              </div> <!-- test-method -->
              <div class="configuration-class after">
                <span class="method-name">afterClass</span>
                <span class="method-start">169001 ms</span>
              </div> <!-- configuration-class after -->
            </div> <!-- chronological-class -->
            <div class="chronological-class">
              <div class="chronological-class-name">Com.SPB.test.GlassPositionIndicator</div> <!-- chronological-class-name -->
              <div class="configuration-class before">
                <span class="method-name">beforeClass</span>
                <span class="method-start">169415 ms</span>
              </div> <!-- configuration-class before -->
              <div class="configuration-method before">
                <span class="method-name">method(public void Com.SPB.test.GlassPositionIndicator.verifyGlassPositionIndicators() throws java.lang.Exc...)</span>
                <span class="method-start">173159 ms</span>
              </div> <!-- configuration-method before -->
              <div class="test-method">
                <img src="failed.png">
                </img>
                <span class="method-name">verifyGlassPositionIndicators</span>
                <span class="method-start">173160 ms</span>
              </div> <!-- test-method -->
              <div class="configuration-class after">
                <span class="method-name">afterClass</span>
                <span class="method-start">247550 ms</span>
              </div> <!-- configuration-class after -->
            </div> <!-- chronological-class -->
            <div class="chronological-class">
              <div class="chronological-class-name">Com.SPB.test.VerifyDraftProjectFlow</div> <!-- chronological-class-name -->
              <div class="configuration-class before">
                <span class="method-name">beforeClass</span>
                <span class="method-start">247836 ms</span>
              </div> <!-- configuration-class before -->
              <div class="configuration-method before">
                <span class="method-name">method(public void Com.SPB.test.VerifyDraftProjectFlow.CreateDraftdraftproject() throws java.lang.Exception)</span>
                <span class="method-start">251715 ms</span>
              </div> <!-- configuration-method before -->
              <div class="test-method">
                <img src="failed.png">
                </img>
                <span class="method-name">CreateDraftdraftproject</span>
                <span class="method-start">251715 ms</span>
              </div> <!-- test-method -->
              <div class="configuration-class after">
                <span class="method-name">afterClass</span>
                <span class="method-start">320559 ms</span>
              </div> <!-- configuration-class after -->
            </div> <!-- chronological-class -->
            <div class="chronological-class">
              <div class="chronological-class-name">Com.SPB.test.ExcelOptions</div> <!-- chronological-class-name -->
              <div class="configuration-class before">
                <span class="method-name">beforeClass</span>
                <span class="method-start">320963 ms</span>
              </div> <!-- configuration-class before -->
              <div class="configuration-method before">
                <span class="method-name">method(public void Com.SPB.test.ExcelOptions.VerifyExcelOptions() throws java.lang.Exception)</span>
                <span class="method-start">324846 ms</span>
              </div> <!-- configuration-method before -->
              <div class="test-method">
                <span class="method-name">VerifyExcelOptions</span>
                <span class="method-start">324846 ms</span>
              </div> <!-- test-method -->
              <div class="configuration-class after">
                <span class="method-name">afterClass</span>
                <span class="method-start">369845 ms</span>
              </div> <!-- configuration-class after -->
            </div> <!-- chronological-class -->
            <div class="chronological-class">
              <div class="chronological-class-name">Com.SPB.test.MarketingGuideLines</div> <!-- chronological-class-name -->
              <div class="configuration-class before">
                <span class="method-name">beforeClass</span>
                <span class="method-start">370203 ms</span>
              </div> <!-- configuration-class before -->
              <div class="configuration-method before">
                <span class="method-name">method(public void Com.SPB.test.MarketingGuideLines.MarktingGuidelines() throws java.lang.Exception)</span>
                <span class="method-start">374145 ms</span>
              </div> <!-- configuration-method before -->
              <div class="test-method">
                <span class="method-name">MarktingGuidelines</span>
                <span class="method-start">374145 ms</span>
              </div> <!-- test-method -->
              <div class="configuration-class after">
                <span class="method-name">afterClass</span>
                <span class="method-start">424350 ms</span>
              </div> <!-- configuration-class after -->
            </div> <!-- chronological-class -->
            <div class="chronological-class">
              <div class="chronological-class-name">Com.SPB.test.VerifyValidation</div> <!-- chronological-class-name -->
              <div class="configuration-class before">
                <span class="method-name">beforeClass</span>
                <span class="method-start">424747 ms</span>
              </div> <!-- configuration-class before -->
              <div class="configuration-method before">
                <span class="method-name">method(public void Com.SPB.test.VerifyValidation.verifyOpenButtonMyPending() throws java.lang.Exception)</span>
                <span class="method-start">428642 ms</span>
              </div> <!-- configuration-method before -->
              <div class="test-method">
                <span class="method-name">verifyOpenButtonMyPending</span>
                <span class="method-start">428642 ms</span>
              </div> <!-- test-method -->
              <div class="configuration-method before">
                <span class="method-name">method(public void Com.SPB.test.VerifyValidation.verifyOpenButtonAllProject() throws java.lang.Exception)</span>
                <span class="method-start">487528 ms</span>
              </div> <!-- configuration-method before -->
              <div class="test-method">
                <span class="method-name">verifyOpenButtonAllProject</span>
                <span class="method-start">487528 ms</span>
              </div> <!-- test-method -->
              <div class="configuration-class after">
                <span class="method-name">afterClass</span>
                <span class="method-start">561090 ms</span>
              </div> <!-- configuration-class after -->
            </div> <!-- chronological-class -->
            <div class="chronological-class">
              <div class="chronological-class-name">Com.SPB.test.VerifyMyRFQ</div> <!-- chronological-class-name -->
              <div class="configuration-class before">
                <span class="method-name">beforeClass</span>
                <span class="method-start">561617 ms</span>
              </div> <!-- configuration-class before -->
              <div class="configuration-method before">
                <span class="method-name">method(public void Com.SPB.test.VerifyMyRFQ.VerifyOpenbuttonInMyRFQ() throws java.lang.Exception)</span>
                <span class="method-start">565577 ms</span>
              </div> <!-- configuration-method before -->
              <div class="test-method">
                <span class="method-name">VerifyOpenbuttonInMyRFQ</span>
                <span class="method-start">565577 ms</span>
              </div> <!-- test-method -->
              <div class="configuration-class after">
                <span class="method-name">afterClass</span>
                <span class="method-start">611311 ms</span>
              </div> <!-- configuration-class after -->
            </div> <!-- chronological-class -->
            <div class="chronological-class">
              <div class="chronological-class-name">Com.SPB.test.VerifyHomePage</div> <!-- chronological-class-name -->
              <div class="configuration-class before">
                <span class="method-name">beforeClass</span>
                <span class="method-start">611646 ms</span>
              </div> <!-- configuration-class before -->
              <div class="configuration-method before">
                <span class="method-name">method(public void Com.SPB.test.VerifyHomePage.VerifyNewRFQImage() throws java.lang.Exception)</span>
                <span class="method-start">615431 ms</span>
              </div> <!-- configuration-method before -->
              <div class="test-method">
                <span class="method-name">VerifyNewRFQImage</span>
                <span class="method-start">615431 ms</span>
              </div> <!-- test-method -->
              <div class="configuration-method before">
                <span class="method-name">method(public void Com.SPB.test.VerifyHomePage.VerifyMyRFQImage() throws java.lang.Exception)</span>
                <span class="method-start">661966 ms</span>
              </div> <!-- configuration-method before -->
              <div class="test-method">
                <span class="method-name">VerifyMyRFQImage</span>
                <span class="method-start">661967 ms</span>
              </div> <!-- test-method -->
              <div class="configuration-method before">
                <span class="method-name">method(public void Com.SPB.test.VerifyHomePage.VerifyValidationImage() throws java.lang.Exception)</span>
                <span class="method-start">704587 ms</span>
              </div> <!-- configuration-method before -->
              <div class="test-method">
                <span class="method-name">VerifyValidationImage</span>
                <span class="method-start">704587 ms</span>
              </div> <!-- test-method -->
              <div class="configuration-method before">
                <span class="method-name">method(public void Com.SPB.test.VerifyHomePage.VerifyBenchMarkPriceImage() throws java.lang.Exception)</span>
                <span class="method-start">747288 ms</span>
              </div> <!-- configuration-method before -->
              <div class="test-method">
                <img src="failed.png">
                </img>
                <span class="method-name">VerifyBenchMarkPriceImage</span>
                <span class="method-start">747289 ms</span>
              </div> <!-- test-method -->
              <div class="configuration-method before">
                <span class="method-name">method(public void Com.SPB.test.VerifyHomePage.VerifyAdminImage() throws java.lang.Exception)</span>
                <span class="method-start">789957 ms</span>
              </div> <!-- configuration-method before -->
              <div class="test-method">
                <span class="method-name">VerifyAdminImage</span>
                <span class="method-start">789958 ms</span>
              </div> <!-- test-method -->
              <div class="configuration-class after">
                <span class="method-name">afterClass</span>
                <span class="method-start">833298 ms</span>
              </div> <!-- configuration-class after -->
            </div> <!-- chronological-class -->
            <div class="chronological-class">
              <div class="chronological-class-name">Com.SPB.test.VerifyVersionCreation</div> <!-- chronological-class-name -->
              <div class="configuration-class before">
                <span class="method-name">beforeClass</span>
                <span class="method-start">833475 ms</span>
              </div> <!-- configuration-class before -->
              <div class="configuration-method before">
                <span class="method-name">method(public void Com.SPB.test.VerifyVersionCreation.VerifyVersionCreation() throws java.lang.Exception)</span>
                <span class="method-start">837334 ms</span>
              </div> <!-- configuration-method before -->
              <div class="test-method">
                <img src="failed.png">
                </img>
                <span class="method-name">VerifyVersionCreation</span>
                <span class="method-start">837336 ms</span>
              </div> <!-- test-method -->
              <div class="configuration-class after">
                <span class="method-name">afterClass</span>
                <span class="method-start">895748 ms</span>
              </div> <!-- configuration-class after -->
            </div> <!-- chronological-class -->
            <div class="chronological-class">
              <div class="chronological-class-name">Com.SPB.test.VerifyScenarioFunctions</div> <!-- chronological-class-name -->
              <div class="configuration-class before">
                <span class="method-name">beforeClass</span>
                <span class="method-start">896207 ms</span>
              </div> <!-- configuration-class before -->
              <div class="configuration-method before">
                <span class="method-name">method(public void Com.SPB.test.VerifyScenarioFunctions.VerifyAddScenario() throws java.lang.Exception)</span>
                <span class="method-start">899950 ms</span>
              </div> <!-- configuration-method before -->
              <div class="test-method">
                <span class="method-name">VerifyAddScenario</span>
                <span class="method-start">899950 ms</span>
              </div> <!-- test-method -->
              <div class="configuration-method before">
                <span class="method-name">method(public void Com.SPB.test.VerifyScenarioFunctions.VerifyRenameScenario() throws java.lang.Exception)</span>
                <span class="method-start">951839 ms</span>
              </div> <!-- configuration-method before -->
              <div class="test-method">
                <span class="method-name">VerifyRenameScenario</span>
                <span class="method-start">951840 ms</span>
              </div> <!-- test-method -->
              <div class="configuration-method before">
                <span class="method-name">method(public void Com.SPB.test.VerifyScenarioFunctions.VerifyArchievescenario() throws java.lang.Exception)</span>
                <span class="method-start">1036264 ms</span>
              </div> <!-- configuration-method before -->
              <div class="test-method">
                <img src="failed.png">
                </img>
                <span class="method-name">VerifyArchievescenario</span>
                <span class="method-start">1036267 ms</span>
              </div> <!-- test-method -->
              <div class="configuration-class after">
                <span class="method-name">afterClass</span>
                <span class="method-start">1099800 ms</span>
              </div> <!-- configuration-class after -->
            </div> <!-- chronological-class -->
            <div class="chronological-class">
              <div class="chronological-class-name">Com.SPB.test.VerifyBundle</div> <!-- chronological-class-name -->
              <div class="configuration-class before">
                <span class="method-name">beforeClass</span>
                <span class="method-start">1100207 ms</span>
              </div> <!-- configuration-class before -->
              <div class="configuration-method before">
                <span class="method-name">method(public void Com.SPB.test.VerifyBundle.openbundlelistVerify() throws java.lang.Exception)</span>
                <span class="method-start">1103934 ms</span>
              </div> <!-- configuration-method before -->
              <div class="test-method">
                <span class="method-name">openbundlelistVerify</span>
                <span class="method-start">1103935 ms</span>
              </div> <!-- test-method -->
              <div class="configuration-method before">
                <span class="method-name">method(public void Com.SPB.test.VerifyBundle.BundlelistVerify() throws java.lang.Exception)</span>
                <span class="method-start">1147375 ms</span>
              </div> <!-- configuration-method before -->
              <div class="test-method">
                <span class="method-name">BundlelistVerify</span>
                <span class="method-start">1147375 ms</span>
              </div> <!-- test-method -->
              <div class="configuration-method before">
                <span class="method-name">method(public void Com.SPB.test.VerifyBundle.BundleCreation() throws java.lang.Exception)</span>
                <span class="method-start">1193029 ms</span>
              </div> <!-- configuration-method before -->
              <div class="test-method">
                <span class="method-name">BundleCreation</span>
                <span class="method-start">1193029 ms</span>
              </div> <!-- test-method -->
              <div class="configuration-method before">
                <span class="method-name">method(public void Com.SPB.test.VerifyBundle.OpenBundle() throws java.lang.Exception)</span>
                <span class="method-start">1248427 ms</span>
              </div> <!-- configuration-method before -->
              <div class="test-method">
                <span class="method-name">OpenBundle</span>
                <span class="method-start">1248427 ms</span>
              </div> <!-- test-method -->
              <div class="configuration-method before">
                <span class="method-name">method(public void Com.SPB.test.VerifyBundle.BundleActionEdit() throws java.lang.Exception)</span>
                <span class="method-start">1315790 ms</span>
              </div> <!-- configuration-method before -->
              <div class="test-method">
                <span class="method-name">BundleActionEdit</span>
                <span class="method-start">1315790 ms</span>
              </div> <!-- test-method -->
              <div class="configuration-method before">
                <span class="method-name">method(public void Com.SPB.test.VerifyBundle.VerifyselectScenario() throws java.lang.Exception)</span>
                <span class="method-start">1366691 ms</span>
              </div> <!-- configuration-method before -->
              <div class="test-method">
                <img src="failed.png">
                </img>
                <span class="method-name">VerifyselectScenario</span>
                <span class="method-start">1366692 ms</span>
              </div> <!-- test-method -->
              <div class="configuration-method before">
                <span class="method-name">method(public void Com.SPB.test.VerifyBundle.VerifyscenariosSelect() throws java.lang.Exception)</span>
                <span class="method-start">1436611 ms</span>
              </div> <!-- configuration-method before -->
              <div class="test-method">
                <img src="failed.png">
                </img>
                <span class="method-name">VerifyscenariosSelect</span>
                <span class="method-start">1436612 ms</span>
              </div> <!-- test-method -->
              <div class="configuration-method before">
                <span class="method-name">method(public void Com.SPB.test.VerifyBundle.BundleActionDelete() throws java.lang.Exception)</span>
                <span class="method-start">1537059 ms</span>
              </div> <!-- configuration-method before -->
              <div class="test-method">
                <span class="method-name">BundleActionDelete</span>
                <span class="method-start">1537059 ms</span>
              </div> <!-- test-method -->
              <div class="configuration-class after">
                <span class="method-name">afterClass</span>
                <span class="method-start">1580279 ms</span>
              </div> <!-- configuration-class after -->
            </div> <!-- chronological-class -->
            <div class="chronological-class">
              <div class="chronological-class-name">Com.SPB.test.Simulation</div> <!-- chronological-class-name -->
              <div class="configuration-class before">
                <span class="method-name">beforeClass</span>
                <span class="method-start">1580598 ms</span>
              </div> <!-- configuration-class before -->
              <div class="configuration-method before">
                <span class="method-name">method(public void Com.SPB.test.Simulation.verifyYearlyQuantity() throws java.lang.Exception)</span>
                <span class="method-start">1584837 ms</span>
              </div> <!-- configuration-method before -->
              <div class="test-method">
                <span class="method-name">verifyYearlyQuantity</span>
                <span class="method-start">1584838 ms</span>
              </div> <!-- test-method -->
              <div class="configuration-method before">
                <span class="method-name">method(public void Com.SPB.test.Simulation.verifyCommonSurface() throws java.lang.Exception)</span>
                <span class="method-start">1716969 ms</span>
              </div> <!-- configuration-method before -->
              <div class="test-method">
                <span class="method-name">verifyCommonSurface</span>
                <span class="method-start">1716970 ms</span>
              </div> <!-- test-method -->
              <div class="configuration-method before">
                <span class="method-name">method(public void Com.SPB.test.Simulation.verifyPNV() throws java.lang.Exception)</span>
                <span class="method-start">1815328 ms</span>
              </div> <!-- configuration-method before -->
              <div class="test-method">
                <span class="method-name">verifyPNV</span>
                <span class="method-start">1815329 ms</span>
              </div> <!-- test-method -->
              <div class="configuration-method before">
                <span class="method-name">method(public void Com.SPB.test.Simulation.verifyQuotedPrice() throws java.lang.Exception)</span>
                <span class="method-start">1935140 ms</span>
              </div> <!-- configuration-method before -->
              <div class="test-method">
                <span class="method-name">verifyQuotedPrice</span>
                <span class="method-start">1935140 ms</span>
              </div> <!-- test-method -->
              <div class="configuration-method before">
                <span class="method-name">method(public void Com.SPB.test.Simulation.verifyAddedValue() throws java.lang.Exception)</span>
                <span class="method-start">2054754 ms</span>
              </div> <!-- configuration-method before -->
              <div class="test-method">
                <span class="method-name">verifyAddedValue</span>
                <span class="method-start">2054754 ms</span>
              </div> <!-- test-method -->
              <div class="configuration-method before">
                <span class="method-name">method(public void Com.SPB.test.Simulation.verifyTotalCost() throws java.lang.Exception)</span>
                <span class="method-start">2180394 ms</span>
              </div> <!-- configuration-method before -->
              <div class="test-method">
                <span class="method-name">verifyTotalCost</span>
                <span class="method-start">2180394 ms</span>
              </div> <!-- test-method -->
              <div class="configuration-method before">
                <span class="method-name">method(public void Com.SPB.test.Simulation.externalMarkupyears() throws java.lang.Exception)</span>
                <span class="method-start">2306105 ms</span>
              </div> <!-- configuration-method before -->
              <div class="test-method">
                <span class="method-name">externalMarkupyears</span>
                <span class="method-start">2306105 ms</span>
              </div> <!-- test-method -->
              <div class="configuration-method before">
                <span class="method-name">method(public void Com.SPB.test.Simulation.verifyMVCPercent() throws java.lang.Exception)</span>
                <span class="method-start">2422406 ms</span>
              </div> <!-- configuration-method before -->
              <div class="test-method">
                <span class="method-name">verifyMVCPercent</span>
                <span class="method-start">2422406 ms</span>
              </div> <!-- test-method -->
              <div class="configuration-method before">
                <span class="method-name">method(public void Com.SPB.test.Simulation.verifyRBCPercent() throws java.lang.Exception)</span>
                <span class="method-start">2557905 ms</span>
              </div> <!-- configuration-method before -->
              <div class="test-method">
                <span class="method-name">verifyRBCPercent</span>
                <span class="method-start">2557905 ms</span>
              </div> <!-- test-method -->
              <div class="configuration-method before">
                <span class="method-name">method(public void Com.SPB.test.Simulation.verifyDevCost() throws java.lang.Exception)</span>
                <span class="method-start">2693274 ms</span>
              </div> <!-- configuration-method before -->
              <div class="test-method">
                <img src="failed.png">
                </img>
                <span class="method-name">verifyDevCost</span>
                <span class="method-start">2693274 ms</span>
              </div> <!-- test-method -->
              <div class="configuration-method before">
                <span class="method-name">method(public void Com.SPB.test.Simulation.verifyDevrev() throws java.lang.Exception)</span>
                <span class="method-start">2828914 ms</span>
              </div> <!-- configuration-method before -->
              <div class="test-method">
                <span class="method-name">verifyDevrev</span>
                <span class="method-start">2828914 ms</span>
              </div> <!-- test-method -->
              <div class="configuration-method before">
                <span class="method-name">method(public void Com.SPB.test.Simulation.VerifyPBR() throws java.lang.Exception)</span>
                <span class="method-start">2954903 ms</span>
              </div> <!-- configuration-method before -->
              <div class="test-method">
                <span class="method-name">VerifyPBR</span>
                <span class="method-start">2954903 ms</span>
              </div> <!-- test-method -->
              <div class="configuration-class after">
                <span class="method-name">afterClass</span>
                <span class="method-start">3080151 ms</span>
              </div> <!-- configuration-class after -->
            </div> <!-- chronological-class -->
            <div class="chronological-class">
              <div class="chronological-class-name">Com.SPB.test.FinancialOverview</div> <!-- chronological-class-name -->
              <div class="configuration-class before">
                <span class="method-name">beforeClass</span>
                <span class="method-start">3080580 ms</span>
              </div> <!-- configuration-class before -->
              <div class="configuration-method before">
                <span class="method-name">method(public void Com.SPB.test.FinancialOverview.verifyPricePce() throws java.lang.Exception)</span>
                <span class="method-start">3084570 ms</span>
              </div> <!-- configuration-method before -->
              <div class="test-method">
                <span class="method-name">verifyPricePce</span>
                <span class="method-start">3084571 ms</span>
              </div> <!-- test-method -->
              <div class="configuration-method before">
                <span class="method-name">method(public void Com.SPB.test.FinancialOverview.verifyVolume() throws java.lang.Exception)</span>
                <span class="method-start">3186193 ms</span>
              </div> <!-- configuration-method before -->
              <div class="test-method">
                <span class="method-name">verifyVolume</span>
                <span class="method-start">3186193 ms</span>
              </div> <!-- test-method -->
              <div class="configuration-method before">
                <span class="method-name">method(public void Com.SPB.test.FinancialOverview.verifyAddedValue() throws java.lang.Exception)</span>
                <span class="method-start">3291592 ms</span>
              </div> <!-- configuration-method before -->
              <div class="test-method">
                <span class="method-name">verifyAddedValue</span>
                <span class="method-start">3291592 ms</span>
              </div> <!-- test-method -->
              <div class="configuration-method before">
                <span class="method-name">method(public void Com.SPB.test.FinancialOverview.verifyY1() throws java.lang.Exception)</span>
                <span class="method-start">3387040 ms</span>
              </div> <!-- configuration-method before -->
              <div class="test-method">
                <span class="method-name">verifyY1</span>
                <span class="method-start">3387040 ms</span>
              </div> <!-- test-method -->
              <div class="configuration-method before">
                <span class="method-name">method(public void Com.SPB.test.FinancialOverview.VerifyProjectMVC() throws java.lang.Exception)</span>
                <span class="method-start">3502460 ms</span>
              </div> <!-- configuration-method before -->
              <div class="test-method">
                <span class="method-name">VerifyProjectMVC</span>
                <span class="method-start">3502460 ms</span>
              </div> <!-- test-method -->
              <div class="configuration-method before">
                <span class="method-name">method(public void Com.SPB.test.FinancialOverview.verifyMVCGPNonPercentage() throws java.lang.Exception)</span>
                <span class="method-start">3567512 ms</span>
              </div> <!-- configuration-method before -->
              <div class="test-method">
                <span class="method-name">verifyMVCGPNonPercentage</span>
                <span class="method-start">3567512 ms</span>
              </div> <!-- test-method -->
              <div class="configuration-method before">
                <span class="method-name">method(public void Com.SPB.test.FinancialOverview.VerifyProjectRBC() throws java.lang.Exception)</span>
                <span class="method-start">3663042 ms</span>
              </div> <!-- configuration-method before -->
              <div class="test-method">
                <span class="method-name">VerifyProjectRBC</span>
                <span class="method-start">3663042 ms</span>
              </div> <!-- test-method -->
              <div class="configuration-method before">
                <span class="method-name">method(public void Com.SPB.test.FinancialOverview.verifyRBCGPNonPercentage() throws java.lang.Exception)</span>
                <span class="method-start">3728084 ms</span>
              </div> <!-- configuration-method before -->
              <div class="test-method">
                <span class="method-name">verifyRBCGPNonPercentage</span>
                <span class="method-start">3728084 ms</span>
              </div> <!-- test-method -->
              <div class="configuration-method before">
                <span class="method-name">method(public void Com.SPB.test.FinancialOverview.verifyRBEGPNonPercentage() throws java.lang.Exception)</span>
                <span class="method-start">3823481 ms</span>
              </div> <!-- configuration-method before -->
              <div class="test-method">
                <span class="method-name">verifyRBEGPNonPercentage</span>
                <span class="method-start">3823482 ms</span>
              </div> <!-- test-method -->
              <div class="configuration-method before">
                <span class="method-name">method(public void Com.SPB.test.FinancialOverview.VerifyProjectEM() throws java.lang.Exception)</span>
                <span class="method-start">3919033 ms</span>
              </div> <!-- configuration-method before -->
              <div class="test-method">
                <img src="failed.png">
                </img>
                <span class="method-name">VerifyProjectEM</span>
                <span class="method-start">3919034 ms</span>
              </div> <!-- test-method -->
              <div class="configuration-method before">
                <span class="method-name">method(public void Com.SPB.test.FinancialOverview.verifyEMGPNonPercentage() throws java.lang.Exception)</span>
                <span class="method-start">4004535 ms</span>
              </div> <!-- configuration-method before -->
              <div class="test-method">
                <img src="failed.png">
                </img>
                <span class="method-name">verifyEMGPNonPercentage</span>
                <span class="method-start">4004535 ms</span>
              </div> <!-- test-method -->
              <div class="configuration-class after">
                <span class="method-name">afterClass</span>
                <span class="method-start">4110147 ms</span>
              </div> <!-- configuration-class after -->
            </div> <!-- chronological-class -->
            <div class="chronological-class">
              <div class="chronological-class-name">Com.SPB.test.VerifyAdministration</div> <!-- chronological-class-name -->
              <div class="configuration-class before">
                <span class="method-name">beforeClass</span>
                <span class="method-start">4110732 ms</span>
              </div> <!-- configuration-class before -->
              <div class="configuration-method before">
                <span class="method-name">method(public void Com.SPB.test.VerifyAdministration.AddUser() throws java.lang.Exception)</span>
                <span class="method-start">4114524 ms</span>
              </div> <!-- configuration-method before -->
              <div class="test-method">
                <img src="failed.png">
                </img>
                <span class="method-name">AddUser</span>
                <span class="method-start">4114525 ms</span>
              </div> <!-- test-method -->
              <div class="configuration-method before">
                <span class="method-name">method(public void Com.SPB.test.VerifyAdministration.SearchUser() throws java.lang.Exception)</span>
                <span class="method-start">4169601 ms</span>
              </div> <!-- configuration-method before -->
              <div class="test-method">
                <img src="failed.png">
                </img>
                <span class="method-name">SearchUser</span>
                <span class="method-start">4169602 ms</span>
              </div> <!-- test-method -->
              <div class="configuration-method before">
                <span class="method-name">method(public void Com.SPB.test.VerifyAdministration.ActionEdit() throws java.lang.Exception)</span>
                <span class="method-start">4211837 ms</span>
              </div> <!-- configuration-method before -->
              <div class="test-method">
                <img src="failed.png">
                </img>
                <span class="method-name">ActionEdit</span>
                <span class="method-start">4211838 ms</span>
              </div> <!-- test-method -->
              <div class="configuration-method before">
                <span class="method-name">method(public void Com.SPB.test.VerifyAdministration.ActionDelete() throws java.lang.Exception)</span>
                <span class="method-start">4259011 ms</span>
              </div> <!-- configuration-method before -->
              <div class="test-method">
                <img src="failed.png">
                </img>
                <span class="method-name">ActionDelete</span>
                <span class="method-start">4259012 ms</span>
              </div> <!-- test-method -->
              <div class="configuration-class after">
                <span class="method-name">afterClass</span>
                <span class="method-start">4299023 ms</span>
              </div> <!-- configuration-class after -->
            </div> <!-- chronological-class -->
            <div class="chronological-class">
              <div class="chronological-class-name">Com.SPB.test.VerifyCashSimulation</div> <!-- chronological-class-name -->
              <div class="configuration-class before">
                <span class="method-name">beforeClass</span>
                <span class="method-start">4299361 ms</span>
              </div> <!-- configuration-class before -->
              <div class="configuration-method before">
                <span class="method-name">method(public void Com.SPB.test.VerifyCashSimulation.verifyCashSimulationRedirection() throws java.lang.Exc...)</span>
                <span class="method-start">4303159 ms</span>
              </div> <!-- configuration-method before -->
              <div class="test-method">
                <span class="method-name">verifyCashSimulationRedirection</span>
                <span class="method-start">4303159 ms</span>
              </div> <!-- test-method -->
              <div class="configuration-method before">
                <span class="method-name">method(public void Com.SPB.test.VerifyCashSimulation.verifyFinancialfollowupRedirection() throws java.lang....)</span>
                <span class="method-start">4377262 ms</span>
              </div> <!-- configuration-method before -->
              <div class="test-method">
                <span class="method-name">verifyFinancialfollowupRedirection</span>
                <span class="method-start">4377262 ms</span>
              </div> <!-- test-method -->
              <div class="configuration-method before">
                <span class="method-name">method(public void Com.SPB.test.VerifyCashSimulation.verifyPandLCarproduction() throws java.lang.Exception)</span>
                <span class="method-start">4460816 ms</span>
              </div> <!-- configuration-method before -->
              <div class="test-method">
                <span class="method-name">verifyPandLCarproduction</span>
                <span class="method-start">4460816 ms</span>
              </div> <!-- test-method -->
              <div class="configuration-method before">
                <span class="method-name">method(public void Com.SPB.test.VerifyCashSimulation.verifyQuantityPandL() throws java.lang.Exception)</span>
                <span class="method-start">4544501 ms</span>
              </div> <!-- configuration-method before -->
              <div class="test-method">
                <img src="failed.png">
                </img>
                <span class="method-name">verifyQuantityPandL</span>
                <span class="method-start">4544501 ms</span>
              </div> <!-- test-method -->
              <div class="configuration-method before">
                <span class="method-name">method(public void Com.SPB.test.VerifyCashSimulation.verifyQuotedPrice() throws java.lang.Exception)</span>
                <span class="method-start">4627812 ms</span>
              </div> <!-- configuration-method before -->
              <div class="test-method">
                <span class="method-name">verifyQuotedPrice</span>
                <span class="method-start">4627812 ms</span>
              </div> <!-- test-method -->
              <div class="configuration-method before">
                <span class="method-name">method(public void Com.SPB.test.VerifyCashSimulation.verifytakerate() throws java.lang.Exception)</span>
                <span class="method-start">4849670 ms</span>
              </div> <!-- configuration-method before -->
              <div class="test-method">
                <span class="method-name">verifytakerate</span>
                <span class="method-start">4849670 ms</span>
              </div> <!-- test-method -->
              <div class="configuration-method before">
                <span class="method-name">method(public void Com.SPB.test.VerifyCashSimulation.verifyRBEPERCENT() throws java.lang.Exception)</span>
                <span class="method-start">4986902 ms</span>
              </div> <!-- configuration-method before -->
              <div class="test-method">
                <span class="method-name">verifyRBEPERCENT</span>
                <span class="method-start">4986903 ms</span>
              </div> <!-- test-method -->
              <div class="configuration-method before">
                <span class="method-name">method(public void Com.SPB.test.VerifyCashSimulation.VerifyPNV2022() throws java.lang.Exception)</span>
                <span class="method-start">5090643 ms</span>
              </div> <!-- configuration-method before -->
              <div class="test-method">
                <span class="method-name">VerifyPNV2022</span>
                <span class="method-start">5090643 ms</span>
              </div> <!-- test-method -->
              <div class="configuration-method before">
                <span class="method-name">method(public void Com.SPB.test.VerifyCashSimulation.verifyRBEvalue() throws java.lang.Exception)</span>
                <span class="method-start">5164289 ms</span>
              </div> <!-- configuration-method before -->
              <div class="test-method">
                <span class="method-name">verifyRBEvalue</span>
                <span class="method-start">5164290 ms</span>
              </div> <!-- test-method -->
              <div class="configuration-method before">
                <span class="method-name">method(public void Com.SPB.test.VerifyCashSimulation.totalCashPRiceBeforeWCR() throws java.lang.Exception)</span>
                <span class="method-start">5248501 ms</span>
              </div> <!-- configuration-method before -->
              <div class="test-method">
                <span class="method-name">totalCashPRiceBeforeWCR</span>
                <span class="method-start">5248501 ms</span>
              </div> <!-- test-method -->
              <div class="configuration-method before">
                <span class="method-name">method(public void Com.SPB.test.VerifyCashSimulation.verifyTotalCashflowafterWCR() throws java.lang.Excepti...)</span>
                <span class="method-start">5332211 ms</span>
              </div> <!-- configuration-method before -->
              <div class="test-method">
                <span class="method-name">verifyTotalCashflowafterWCR</span>
                <span class="method-start">5332211 ms</span>
              </div> <!-- test-method -->
              <div class="configuration-method before">
                <span class="method-name">method(public void Com.SPB.test.VerifyCashSimulation.VerifyWCR() throws java.lang.Exception)</span>
                <span class="method-start">5415718 ms</span>
              </div> <!-- configuration-method before -->
              <div class="test-method">
                <span class="method-name">VerifyWCR</span>
                <span class="method-start">5415719 ms</span>
              </div> <!-- test-method -->
              <div class="configuration-method before">
                <span class="method-name">method(public void Com.SPB.test.VerifyCashSimulation.verifyBussinessLink() throws java.lang.Exception)</span>
                <span class="method-start">5499343 ms</span>
              </div> <!-- configuration-method before -->
              <div class="test-method">
                <img src="failed.png">
                </img>
                <span class="method-name">verifyBussinessLink</span>
                <span class="method-start">5499343 ms</span>
              </div> <!-- test-method -->
              <div class="configuration-method before">
                <span class="method-name">method(public void Com.SPB.test.VerifyCashSimulation.verifyCapex() throws java.lang.Exception)</span>
                <span class="method-start">5602916 ms</span>
              </div> <!-- configuration-method before -->
              <div class="test-method">
                <img src="failed.png">
                </img>
                <span class="method-name">verifyCapex</span>
                <span class="method-start">5602916 ms</span>
              </div> <!-- test-method -->
              <div class="configuration-method before">
                <span class="method-name">method(public void Com.SPB.test.VerifyCashSimulation.verifyDevCost() throws java.lang.Exception)</span>
                <span class="method-start">5706328 ms</span>
              </div> <!-- configuration-method before -->
              <div class="test-method">
                <img src="failed.png">
                </img>
                <span class="method-name">verifyDevCost</span>
                <span class="method-start">5706328 ms</span>
              </div> <!-- test-method -->
              <div class="configuration-method before">
                <span class="method-name">method(public void Com.SPB.test.VerifyCashSimulation.verifyDevelopmentRevenueLumpSum() throws java.lang.Exc...)</span>
                <span class="method-start">5809899 ms</span>
              </div> <!-- configuration-method before -->
              <div class="test-method">
                <span class="method-name">verifyDevelopmentRevenueLumpSum</span>
                <span class="method-start">5809900 ms</span>
              </div> <!-- test-method -->
              <div class="configuration-method before">
                <span class="method-name">method(public void Com.SPB.test.VerifyCashSimulation.VerifyQtyMarkupInternelandexternal() throws java.lang....)</span>
                <span class="method-start">5903386 ms</span>
              </div> <!-- configuration-method before -->
              <div class="test-method">
                <img src="failed.png">
                </img>
                <span class="method-name">VerifyQtyMarkupInternelandexternal</span>
                <span class="method-start">5903386 ms</span>
              </div> <!-- test-method -->
              <div class="configuration-method before">
                <span class="method-name">method(public void Com.SPB.test.VerifyCashSimulation.VerifycostCashforOEM() throws java.lang.Exception)</span>
                <span class="method-start">5997107 ms</span>
              </div> <!-- configuration-method before -->
              <div class="test-method">
                <span class="method-name">VerifycostCashforOEM</span>
                <span class="method-start">5997107 ms</span>
              </div> <!-- test-method -->
              <div class="configuration-method before">
                <span class="method-name">method(public void Com.SPB.test.VerifyCashSimulation.verifyCashflowProjectBeforeActualization() throws java...)</span>
                <span class="method-start">6080534 ms</span>
              </div> <!-- configuration-method before -->
              <div class="test-method">
                <img src="failed.png">
                </img>
                <span class="method-name">verifyCashflowProjectBeforeActualization</span>
                <span class="method-start">6080535 ms</span>
              </div> <!-- test-method -->
              <div class="configuration-method before">
                <span class="method-name">method(public void Com.SPB.test.VerifyCashSimulation.verifyCashflowProjecCumulated() throws java.lang.Excep...)</span>
                <span class="method-start">6173891 ms</span>
              </div> <!-- configuration-method before -->
              <div class="test-method">
                <img src="failed.png">
                </img>
                <span class="method-name">verifyCashflowProjecCumulated</span>
                <span class="method-start">6173891 ms</span>
              </div> <!-- test-method -->
              <div class="configuration-method before">
                <span class="method-name">method(public void Com.SPB.test.VerifyCashSimulation.verifyPBRNetPresentvalueCONTRACTUAL() throws java.lang...)</span>
                <span class="method-start">6278571 ms</span>
              </div> <!-- configuration-method before -->
              <div class="test-method">
                <img src="failed.png">
                </img>
                <span class="method-name">verifyPBRNetPresentvalueCONTRACTUAL</span>
                <span class="method-start">6278571 ms</span>
              </div> <!-- test-method -->
              <div class="configuration-method before">
                <span class="method-name">method(public void Com.SPB.test.VerifyCashSimulation.verifyPBRNetPresentvalueREAL() throws java.lang.Except...)</span>
                <span class="method-start">6392138 ms</span>
              </div> <!-- configuration-method before -->
              <div class="test-method">
                <img src="failed.png">
                </img>
                <span class="method-name">verifyPBRNetPresentvalueREAL</span>
                <span class="method-start">6392139 ms</span>
              </div> <!-- test-method -->
              <div class="configuration-class after">
                <span class="method-name">afterClass</span>
                <span class="method-start">6505561 ms</span>
              </div> <!-- configuration-class after -->
          </div> <!-- main-panel-content rounded-window-bottom -->
        </div> <!-- panel -->
      </div> <!-- main-panel-root -->
    </div> <!-- wrapper -->
  </body>
</html>
